#
# A fatal error has been detected by the Java Runtime Environment:
#
#  SIGSEGV (0xb) at pc=0x00007bfa835964c4, pid=50143, tid=50165
#
# JRE version: OpenJDK Runtime Environment (21.0.7) (build 21.0.7+-13880790-b1038.58)
# Java VM: OpenJDK 64-Bit Server VM (21.0.7+-13880790-b1038.58, mixed mode, tiered, compressed oops, compressed class ptrs, g1 gc, linux-amd64)
# Problematic frame:
# V  [libjvm.so+0x9db4c4]  void G1ParScanThreadState::do_oop_evac<narrowOop>(narrowOop*)+0x54
#
# Core dump will be written. Default location: Core dumps may be processed with "/usr/share/apport/apport -p%p -s%s -c%c -d%d -P%P -u%u -g%g -F%F -- %E" (or dumping to /home/llirikh/AndroidStudioProjects/News/core.50143)
#
# If you would like to submit a bug report, please visit:
#   https://youtrack.jetbrains.com/issues/JBR
#

---------------  S U M M A R Y ------------

Command Line: -Dawt.toolkit.name=XToolkit org.jetbrains.kotlin.cli.jvm.K2JVMCompiler @/home/llirikh/AndroidStudioProjects/News/app/build/20260116_12316130799909893597.compiler.options

Host: 11th Gen Intel(R) Core(TM) i5-1135G7 @ 2.40GHz, 8 cores, 19G, Ubuntu 24.04.3 LTS
Time: Fri Jan 16 03:01:32 2026 MSK elapsed time: 4.639429 seconds (0d 0h 0m 4s)

---------------  T H R E A D  ---------------

Current thread (0x00007bfa3c009800):  WorkerThread "GC Thread#3"    [id=50165, stack(0x00007bfa555ff000,0x00007bfa556ff000) (1024K)]

Stack: [0x00007bfa555ff000,0x00007bfa556ff000],  sp=0x00007bfa556fda00,  free space=1018k
Native frames: (J=compiled Java code, j=interpreted, Vv=VM code, C=native code)
V  [libjvm.so+0x9db4c4]  void G1ParScanThreadState::do_oop_evac<narrowOop>(narrowOop*)+0x54
V  [libjvm.so+0x9d860b]  G1ParScanThreadState::trim_queue_to_threshold(unsigned int)+0x9b
V  [libjvm.so+0x9f29ef]  void G1ParCopyClosure<(G1Barrier)1, false>::do_oop_work<oopDesc*>(oopDesc**)+0x27f
V  [libjvm.so+0x83e8bb]  ClassLoaderData::oops_do(OopClosure*, int, bool)+0x9b
V  [libjvm.so+0x9d71dc]  G1CLDScanClosure::do_cld(ClassLoaderData*)+0x3c
V  [libjvm.so+0x841ed3]  ClassLoaderDataGraph::roots_cld_do(CLDClosure*, CLDClosure*)+0x43
V  [libjvm.so+0x9f49be]  G1RootProcessor::process_java_roots(G1RootClosures*, G1GCPhaseTimes*, unsigned int)+0xbe
V  [libjvm.so+0x9f486f]  G1RootProcessor::evacuate_roots(G1ParScanThreadState*, unsigned int)+0x5f
V  [libjvm.so+0xa026fe]  G1EvacuateRegionsTask::scan_roots(G1ParScanThreadState*, unsigned int)+0x1e
V  [libjvm.so+0xa02601]  G1EvacuateRegionsBaseTask::work(unsigned int)+0x81
V  [libjvm.so+0x10c9794]  WorkerThread::run()+0x84
V  [libjvm.so+0x101381e]  Thread::call_run()+0xae
V  [libjvm.so+0xe60c14]  thread_native_entry(Thread*)+0x114
C  [libc.so.6+0x9caa4]

siginfo: si_signo: 11 (SIGSEGV), si_code: 1 (SEGV_MAPERR), si_addr: 0x0000000690ca06b8

Registers:
RAX=0x0000000000000003, RBX=0x0000000000000000, RCX=0x00007bfa7c04d7ac, RDX=0x0000000000000000
RSP=0x00007bfa556fda00, RBP=0x00007bfa556fda70, RSI=0x00007bfa7c03efc0, RDI=0x0000000000001a43
R8 =0x00007bfa04004620, R9 =0x00007bfa83d6b410, R10=0x00007bfa83d8d1a8, R11=0x0000000000000000
R12=0x00007bfa7c047d30, R13=0x00000006cd4c8804, R14=0x00007bfa04004620, R15=0x0000000690ca06b8
RIP=0x00007bfa835964c4, EFLAGS=0x0000000000010246, CSGSFS=0x002b000000000033, ERR=0x0000000000000004
  TRAPNO=0x000000000000000e

XMM[0]=0x0000000000000000 0x0000000000000000
XMM[1]=0x0000000000000000 0x40dfb70000000000
XMM[2]=0x0000000000000000 0x41cdcd6500000000
XMM[3]=0x0000000000000000 0x0000000000000000
XMM[4]=0x0000000000000000 0x3fe6666666666666
XMM[5]=0x4700000047000000 0x4700000047000000
XMM[6]=0x0000000800000008 0x0000000800000008
XMM[7]=0x0000000000000000 0x0000000000000000
XMM[8]=0x4700001b6fffffff 0x2fffffff47000018
XMM[9]=0x8fffffffcfffffff 0xafffffffcfffffff
XMM[10]=0x4700001b6fffffff 0x2fffffff47000018
XMM[11]=0x8fffffffcfffffff 0xafffffffcfffffff
XMM[12]=0x4700001b00000000 0x0000000047000018
XMM[13]=0x0000000000000000 0x0000000000000000
XMM[14]=0x0000000000000000 0x0000000000000000
XMM[15]=0x0000000000000000 0x0000000000000000
  MXCSR=0x00001fa3


Register to memory mapping:

RAX=0x0000000000000003 is an unknown value
RBX=0x0 is null
RCX=0x00007bfa7c04d7ac points into unknown readable memory: 00 00 00 00
RDX=0x0 is null
RSP=0x00007bfa556fda00 points into unknown readable memory: 0x000000000000039e | 9e 03 00 00 00 00 00 00
RBP=0x00007bfa556fda70 points into unknown readable memory: 0x00007bfa556fdab0 | b0 da 6f 55 fa 7b 00 00
RSI=0x00007bfa7c03efc0 points into unknown readable memory: 0x00007bfa83d4c9f8 | f8 c9 d4 83 fa 7b 00 00
RDI=0x0000000000001a43 is an unknown value
R8 =0x00007bfa04004620 points into unknown readable memory: 0x00007bfa83d4e0e0 | e0 e0 d4 83 fa 7b 00 00
R9 =0x00007bfa83d6b410: <offset 0x00000000011b0410> in /snap/android-studio/209/jbr/lib/server/libjvm.so at 0x00007bfa82bbb000
R10=0x00007bfa83d8d1a8: <offset 0x00000000011d21a8> in /snap/android-studio/209/jbr/lib/server/libjvm.so at 0x00007bfa82bbb000
R11=0x0 is null
R12=0x00007bfa7c047d30 points into unknown readable memory: 0x0000000000000000 | 00 00 00 00 00 00 00 00
R13=0x00000006cd4c8804 is pointing into object: java.lang.String 
{0x00000006cd4c87f0} - klass: 'java/lang/String'

[error occurred during error reporting (printing register info), id 0xb, SIGSEGV (0xb) at pc=0x00007bfa83640a5c]
R14=0x00007bfa04004620 points into unknown readable memory: 0x00007bfa83d4e0e0 | e0 e0 d4 83 fa 7b 00 00
R15=0x0000000690ca06b8 is an unknown value

Top of Stack: (sp=0x00007bfa556fda00)
0x00007bfa556fda00:   000000000000039e 00007bfa7c097660
0x00007bfa556fda10:   0000000000000001 0000000100000000
0x00007bfa556fda20:   0000000800041fa0 0000000000000009
0x00007bfa556fda30:   00000006cd4b6268 00007bfa04004620
0x00007bfa556fda40:   0100026100000066 0000000000000040
0x00007bfa556fda50:   00007bfa7c047d30 0000000000000001
0x00007bfa556fda60:   00007bfa04004620 ffffffff00000000
0x00007bfa556fda70:   00007bfa556fdab0 00007bfa8359360b
0x00007bfa556fda80:   00000001138c8f45 00007bfa04004620
0x00007bfa556fda90:   0000000000000011 0000000000000001
0x00007bfa556fdaa0:   00000001138c8f45 000000029a68903f
0x00007bfa556fdab0:   00007bfa556fdaf0 00007bfa835ad9ef
0x00007bfa556fdac0:   00007bfa83d4e4f0 00007bfa0c007048
0x00007bfa556fdad0:   0000000000000011 0000000000000001
0x00007bfa556fdae0:   00007bfa7e630918 00007bfa7e6308a0
0x00007bfa556fdaf0:   00007bfa556fdb20 00007bfa833f98bb
0x00007bfa556fdb00:   00007bfa0c0070a8 00007bfa64d010f8
0x00007bfa556fdb10:   00007bfa0c006fb8 00007bfa7c0d9930
0x00007bfa556fdb20:   00007bfa556fdb50 00007bfa835921dc
0x00007bfa556fdb30:   00007bfa0c0070a8 00007bfa64d010f8
0x00007bfa556fdb40:   00007bfa0c006fb8 00007bfa7c0d9930
0x00007bfa556fdb50:   00007bfa556fdb80 00007bfa833fced3
0x00007bfa556fdb60:   00007bfa0c0070a8 00007bfa0c006f20
0x00007bfa556fdb70:   00007bfa556fdb90 00007bfa0c006fb8
0x00007bfa556fdb80:   00007bfa556fdc20 00007bfa835af9be
0x00007bfa556fdb90:   00007bfa83d4daf8 0000000113855b94
0x00007bfa556fdba0:   000000029a57240d 00007bfa00000005
0x00007bfa556fdbb0:   00007bfa3c0017e0 00007bfa00000002
0x00007bfa556fdbc0:   0000000000000000 0000000000000000
0x00007bfa556fdbd0:   00007bfa55000000 00007bfa83bdb95f
0x00007bfa556fdbe0:   00007bfa83d4db18 00007bfa556fdc00
0x00007bfa556fdbf0:   00000002556fdc20 00007bfa64d010f0 

Instructions: (pc=0x00007bfa835964c4)
0x00007bfa835963c4:   00 48 8b 83 00 02 00 00 4c 89 ee 48 8b 7d d0 48
0x00007bfa835963d4:   89 30 48 83 83 00 02 00 00 08 83 7f 20 01 74 47
0x00007bfa835963e4:   45 84 f6 74 42 48 8d 05 4c 7b 7f 00 0f b6 08 48
0x00007bfa835963f4:   d3 ee 48 8b 5f 18 48 8b 43 60 48 03 70 30 48 8b
0x00007bfa83596404:   40 28 48 29 c6 48 39 b3 b8 01 00 00 74 19 48 8d
0x00007bfa83596414:   7b 18 48 01 f0 49 89 f6 48 89 c6 e8 1c 78 00 00
0x00007bfa83596424:   4c 89 b3 b8 01 00 00 48 83 c4 08 5b 41 5c 41 5d
0x00007bfa83596434:   41 5e 41 5f 5d c3 cc cc cc cc cc cc 55 48 89 e5
0x00007bfa83596444:   b8 01 00 00 00 5d c3 cc cc cc cc cc 55 48 89 e5
0x00007bfa83596454:   0f 57 c0 0f 11 47 14 0f 11 47 08 5d c3 cc cc cc
0x00007bfa83596464:   cc cc cc cc cc cc cc cc cc cc cc cc 55 48 89 e5
0x00007bfa83596474:   41 57 41 56 41 55 41 54 53 48 83 ec 48 49 89 f5
0x00007bfa83596484:   49 89 f8 44 8b 3e 48 8d 05 7f 4f 7d 00 48 8b 10
0x00007bfa83596494:   8b 40 08 89 c1 49 d3 e7 49 01 d7 48 8b 77 08 0f
0x00007bfa835964a4:   b6 8e b8 05 00 00 4c 89 ff 48 d3 ef 48 8b 8e a8
0x00007bfa835964b4:   05 00 00 0f b7 1c 79 66 85 db 0f 88 87 06 00 00
0x00007bfa835964c4:   4d 8b 27 45 89 e6 41 83 e6 03 49 83 fe 03 75 0c
0x00007bfa835964d4:   49 83 e4 fc 4c 89 e3 e9 cc 05 00 00 48 8d 05 29
0x00007bfa835964e4:   55 7d 00 0f b6 00 3c 01 4c 89 6d c0 75 17 41 8b
0x00007bfa835964f4:   7f 08 48 8d 15 23 4f 7d 00 0f b6 4a 08 48 d3 e7
0x00007bfa83596504:   48 03 3a eb 04 49 8b 7f 08 44 8b 6f 08 45 85 ed
0x00007bfa83596514:   4c 89 45 c8 48 89 7d b0 7e 0c 41 f6 c5 01 75 0b
0x00007bfa83596524:   41 c1 ed 03 eb 51 45 85 ed 78 15 48 8b 07 4c 89
0x00007bfa83596534:   fe ff 90 00 01 00 00 4c 8b 45 c8 49 89 c5 eb 37
0x00007bfa83596544:   34 01 0f b6 c0 49 63 44 87 0c 44 89 e9 48 d3 e0
0x00007bfa83596554:   41 c1 ed 10 41 0f b6 cd 48 01 c1 48 8d 05 92 52
0x00007bfa83596564:   7d 00 48 63 00 48 01 c1 48 ff c9 f7 d8 4c 63 e8
0x00007bfa83596574:   49 21 cd 49 c1 ed 03 4c 89 65 b8 0f b7 c3 89 45
0x00007bfa83596584:   ac 3d ff 00 00 00 77 50 48 8d 05 39 5c 7d 00 31
0x00007bfa83596594:   c9 41 83 fe 02 0f 94 c1 31 d2 41 f6 c4 01 0f 94
0x00007bfa835965a4:   c2 83 38 02 0f 44 d1 4d 89 e6 80 fa 01 75 10 48
0x00007bfa835965b4:   8d 7d b8 e8 64 1f 3f 00 4c 8b 45 c8 49 89 c6 41 


Stack slot to memory mapping:

stack at sp + 0 slots: 0x000000000000039e is an unknown value
stack at sp + 1 slots: 0x00007bfa7c097660 points into unknown readable memory: 0x00000006d0c00000 | 00 00 c0 d0 06 00 00 00
stack at sp + 2 slots: 0x0000000000000001 is an unknown value
stack at sp + 3 slots: 0x0000000100000000 is an unknown value
stack at sp + 4 slots: 0x0000000800041fa0 is a pointer to class: 
java.lang.String {0x0000000800041fa0}
 - instance size:     3
 - klass size:        88
 - access:            public final synchronized 
 - flags:             rewritten has_nonstatic_fields has_nonstatic_concrete_methods 
 - state:             fully_initialized
 - name:              'java/lang/String'
 - super:             'java/lang/Object'
 - sub:               
 - arrays:            'java/lang/String'[]
 - methods:           Array<T>(0x00007bfa44005c70)
 - method ordering:   Array<T>(0x00007bfa44000018)
 - local interfaces:  Array<T>(0x00007bfa44004690)
 - trans. interfaces: Array<T>(0x00007bfa44004690)
 - constants:         constant pool [1443]/operands[28] {0x00007bfa440016a8} for 'java/lang/String' cache=0x00007bfa4415ab28
 - class loader data:  loader data: 0x00007bfa7c0d10d0 of 'bootstrap'
 - field annotations:       Array<T>(0x00007bfa44005c10)
 - generic signature: 'Ljava/lang/Object;Ljava/io/Serializable;Ljava/lang/Comparable<Ljava/lang/String;>;Ljava/lang/CharSequence;Ljava/lang/constant/Constable;Ljava/lang/constant/ConstantDesc;'
 - inner classes:     Array<T>(0x00007bfa44010570)
 - nest members:     Array<T>(0x00007bfa440105b0)
 - permitted subclasses:     Array<T>(0x00007bfa44000028)
 - java mirror:       a 'java/lang/Class'{0x00000006cb001968} = 'java/lang/String'
 - vtable length      5  (start addr: 0x0000000800042190)
 - itable length      20 (start addr: 0x00000008000421b8)
 - ---- static fields (3 words):
 - private static final 'serialVersionUID' 'J' @120 
 - static final 'COMPACT_STRINGS' 'Z' @130 
 - private static final 'serialPersistentFields' '[Ljava/io/ObjectStreamField;' @112 
 - private static final 'REPL' 'C' @128 
 - public static final 'CASE_INSENSITIVE_ORDER' 'Ljava/util/Comparator;' @116 
 - static final 'LATIN1' 'B' @131 
 - static final 'UTF16' 'B' @132 
 - ---- non-static fields (3 words):
 - private 'hash' 'I' @12 
 - private final 'coder' 'B' @16 
 - private 'hashIsZero' 'Z' @17 
 - injected 'flags' 'B' @18 
 - private final 'value' '[B' @20 
 - non-static oop maps: 20-20 
stack at sp + 5 slots: 0x0000000000000009 is an unknown value
stack at sp + 6 slots: 0x00000006cd4b6268 is pointing into object: [Ljava.lang.Object; 
{0x00000006cd4b5880} - klass: 'java/lang/Object'[]
 - length: 759
stack at sp + 7 slots: 0x00007bfa04004620 points into unknown readable memory: 0x00007bfa83d4e0e0 | e0 e0 d4 83 fa 7b 00 00


---------------  P R O C E S S  ---------------

Threads class SMR info:
_java_thread_list=0x00007bfa280987a0, length=11, elements={
0x00007bfa7c02b6c0, 0x00007bfa7c1a2850, 0x00007bfa7c1aed80, 0x00007bfa7c1aff40,
0x00007bfa7c1b17c0, 0x00007bfa7c1b2e00, 0x00007bfa7c1bc610, 0x00007bfa7c1bdb30,
0x00007bfa7c1bf1e0, 0x00007bfa7c243840, 0x00007bfa28097610
}

Java Threads: ( => current thread )
  0x00007bfa7c02b6c0 JavaThread "main"                              [_thread_blocked, id=50145, stack(0x00007bfa82abb000,0x00007bfa82bbb000) (1024K)]
  0x00007bfa7c1a2850 JavaThread "Common-Cleaner"             daemon [_thread_blocked, id=50153, stack(0x00007bfa64500000,0x00007bfa64600000) (1024K)]
  0x00007bfa7c1aed80 JavaThread "Reference Handler"          daemon [_thread_blocked, id=50154, stack(0x00007bfa64400000,0x00007bfa64500000) (1024K)]
  0x00007bfa7c1aff40 JavaThread "Finalizer"                  daemon [_thread_blocked, id=50155, stack(0x00007bfa64300000,0x00007bfa64400000) (1024K)]
  0x00007bfa7c1b17c0 JavaThread "Signal Dispatcher"          daemon [_thread_blocked, id=50156, stack(0x00007bfa64200000,0x00007bfa64300000) (1024K)]
  0x00007bfa7c1b2e00 JavaThread "Service Thread"             daemon [_thread_blocked, id=50157, stack(0x00007bfa64100000,0x00007bfa64200000) (1024K)]
  0x00007bfa7c1bc610 JavaThread "Monitor Deflation Thread"   daemon [_thread_blocked, id=50158, stack(0x00007bfa64000000,0x00007bfa64100000) (1024K)]
  0x00007bfa7c1bdb30 JavaThread "C2 CompilerThread0"         daemon [_thread_blocked, id=50159, stack(0x00007bfa55f00000,0x00007bfa56000000) (1024K)]
  0x00007bfa7c1bf1e0 JavaThread "C1 CompilerThread0"         daemon [_thread_blocked, id=50160, stack(0x00007bfa55e00000,0x00007bfa55f00000) (1024K)]
  0x00007bfa7c243840 JavaThread "Notification Thread"        daemon [_thread_blocked, id=50161, stack(0x00007bfa55d00000,0x00007bfa55e00000) (1024K)]
  0x00007bfa28097610 JavaThread "C2 CompilerThread1"         daemon [_thread_blocked, id=50162, stack(0x00007bfa55c00000,0x00007bfa55d00000) (1024K)]
Total: 11

Other Threads:
  0x00007bfa7c0e3260 VMThread "VM Thread"                           [id=50152, stack(0x00007bfa64c03000,0x00007bfa64d03000) (1024K)]
  0x00007bfa7c0d7b80 WatcherThread "VM Periodic Task Thread"        [id=50151, stack(0x00007bfa64d04000,0x00007bfa64e04000) (1024K)]
  0x00007bfa7c0518e0 WorkerThread "GC Thread#0"                     [id=50146, stack(0x00007bfa80b94000,0x00007bfa80c94000) (1024K)]
  0x00007bfa3c008280 WorkerThread "GC Thread#1"                     [id=50163, stack(0x00007bfa55b00000,0x00007bfa55c00000) (1024K)]
  0x00007bfa3c008d20 WorkerThread "GC Thread#2"                     [id=50164, stack(0x00007bfa55700000,0x00007bfa55800000) (1024K)]
=>0x00007bfa3c009800 WorkerThread "GC Thread#3"                     [id=50165, stack(0x00007bfa555ff000,0x00007bfa556ff000) (1024K)]
  0x00007bfa3c00a2e0 WorkerThread "GC Thread#4"                     [id=50166, stack(0x00007bfa554fe000,0x00007bfa555fe000) (1024K)]
  0x00007bfa3c00adc0 WorkerThread "GC Thread#5"                     [id=50167, stack(0x00007bfa553fd000,0x00007bfa554fd000) (1024K)]
  0x00007bfa3c00b910 WorkerThread "GC Thread#6"                     [id=50168, stack(0x00007bfa552fc000,0x00007bfa553fc000) (1024K)]
  0x00007bfa3c011460 WorkerThread "GC Thread#7"                     [id=50169, stack(0x00007bfa551fb000,0x00007bfa552fb000) (1024K)]
  0x00007bfa7c05c9b0 ConcurrentGCThread "G1 Main Marker"            [id=50147, stack(0x00007bfa80a93000,0x00007bfa80b93000) (1024K)]
  0x00007bfa7c05d950 WorkerThread "G1 Conc#0"                       [id=50148, stack(0x00007bfa80992000,0x00007bfa80a92000) (1024K)]
  0x00007bfa58000d60 WorkerThread "G1 Conc#1"                       [id=50170, stack(0x00007bfa550fa000,0x00007bfa551fa000) (1024K)]
  0x00007bfa7c0c7470 ConcurrentGCThread "G1 Refine#0"               [id=50149, stack(0x00007bfa80089000,0x00007bfa80189000) (1024K)]
  0x00007bfa7c0c8420 ConcurrentGCThread "G1 Service"                [id=50150, stack(0x00007bfa64fa0000,0x00007bfa650a0000) (1024K)]
Total: 15

Threads with active compile tasks:
C2 CompilerThread0  4642 7421   !   4       org.jetbrains.kotlin.metadata.ProtoBuf$Type::<init> (875 bytes)
C1 CompilerThread0  4642 7669       3       org.jetbrains.kotlin.fir.analysis.checkers.expression.FirUninitializedEnumChecker::check (1261 bytes)
C2 CompilerThread1  4642 7620       4       org.jetbrains.kotlin.fir.declarations.FirAnnotationUtilsKt::getAnnotationByClassId (32 bytes)
Total: 3

VM state: at safepoint (normal execution)

VM Mutex/Monitor currently owned by a thread:  ([mutex/lock_event])
[0x00007bfa83dba450] Threads_lock - owner thread: 0x00007bfa7c0e3260
[0x00007bfa83dba550] Heap_lock - owner thread: 0x00007bfa7c02b6c0

Heap address: 0x00000006ca800000, size: 4952 MB, Compressed Oops mode: Zero based, Oop shift amount: 3

CDS archive(s) not mapped
Compressed class space mapped at: 0x0000000800000000-0x0000000840000000, reserved size: 1073741824
Narrow klass base: 0x0000000800000000, Narrow klass shift: 0, Narrow klass range: 0x40000000

GC Precious Log:
 CardTable entry size: 512
 Card Set container configuration: InlinePtr #cards 4 size 8 Array Of Cards #cards 32 size 80 Howl #buckets 8 coarsen threshold 7372 Howl Bitmap #cards 1024 size 144 coarsen threshold 921 Card regions per heap region 1 cards per card region 8192
 CPUs: 8 total, 8 available
 Memory: 19799M
 Large Page Support: Disabled
 NUMA Support: Disabled
 Compressed Oops: Enabled (Zero based)
 Heap Region Size: 4M
 Heap Min Capacity: 8M
 Heap Initial Capacity: 312M
 Heap Max Capacity: 4952M
 Pre-touch: Disabled
 Parallel Workers: 8
 Concurrent Workers: 2
 Concurrent Refinement Workers: 8
 Periodic GC: Disabled

Heap:
 garbage-first heap   total 151552K, used 126666K [0x00000006ca800000, 0x0000000800000000)
  region size 4096K, 10 young (40960K), 2 survivors (8192K)
 Metaspace       used 69509K, committed 69952K, reserved 1114112K
  class space    used 7988K, committed 8192K, reserved 1048576K

Heap Regions: E=young(eden), S=young(survivor), O=old, HS=humongous(starts), HC=humongous(continues), CS=collection set, F=free, TAMS=top-at-mark-start, PB=parsable bottom
|   0|0x00000006ca800000, 0x00000006cac00000, 0x00000006cac00000|100%|HS|  |TAMS 0x00000006cac00000| PB 0x00000006ca800000| Complete 
|   1|0x00000006cac00000, 0x00000006cb000000, 0x00000006cb000000|100%| O|  |TAMS 0x00000006cb000000| PB 0x00000006cac00000| Untracked 
|   2|0x00000006cb000000, 0x00000006cb400000, 0x00000006cb400000|100%| O|  |TAMS 0x00000006cb400000| PB 0x00000006cb000000| Untracked 
|   3|0x00000006cb400000, 0x00000006cb800000, 0x00000006cb800000|100%| O|  |TAMS 0x00000006cb800000| PB 0x00000006cb400000| Untracked 
|   4|0x00000006cb800000, 0x00000006cbc00000, 0x00000006cbc00000|100%| O|  |TAMS 0x00000006cbc00000| PB 0x00000006cb800000| Untracked 
|   5|0x00000006cbc00000, 0x00000006cc000000, 0x00000006cc000000|100%| O|  |TAMS 0x00000006cc000000| PB 0x00000006cbc00000| Untracked 
|   6|0x00000006cc000000, 0x00000006cc400000, 0x00000006cc400000|100%| O|  |TAMS 0x00000006cc400000| PB 0x00000006cc000000| Untracked 
|   7|0x00000006cc400000, 0x00000006cc800000, 0x00000006cc800000|100%| O|  |TAMS 0x00000006cc800000| PB 0x00000006cc400000| Untracked 
|   8|0x00000006cc800000, 0x00000006ccc00000, 0x00000006ccc00000|100%| O|  |TAMS 0x00000006ccc00000| PB 0x00000006cc800000| Untracked 
|   9|0x00000006ccc00000, 0x00000006cd000000, 0x00000006cd000000|100%| O|  |TAMS 0x00000006cd000000| PB 0x00000006ccc00000| Untracked 
|  10|0x00000006cd000000, 0x00000006cd400000, 0x00000006cd400000|100%| O|  |TAMS 0x00000006cd400000| PB 0x00000006cd000000| Untracked 
|  11|0x00000006cd400000, 0x00000006cd800000, 0x00000006cd800000|100%| O|  |TAMS 0x00000006cd400000| PB 0x00000006cd400000| Untracked 
|  12|0x00000006cd800000, 0x00000006cdc00000, 0x00000006cdc00000|100%| O|  |TAMS 0x00000006cdc00000| PB 0x00000006cd800000| Untracked 
|  13|0x00000006cdc00000, 0x00000006ce000000, 0x00000006ce000000|100%| O|  |TAMS 0x00000006ce000000| PB 0x00000006cdc00000| Untracked 
|  14|0x00000006ce000000, 0x00000006ce400000, 0x00000006ce400000|100%| O|  |TAMS 0x00000006ce400000| PB 0x00000006ce000000| Untracked 
|  15|0x00000006ce400000, 0x00000006ce800000, 0x00000006ce800000|100%| O|  |TAMS 0x00000006ce800000| PB 0x00000006ce400000| Untracked 
|  16|0x00000006ce800000, 0x00000006cec00000, 0x00000006cec00000|100%| O|  |TAMS 0x00000006cec00000| PB 0x00000006ce800000| Untracked 
|  17|0x00000006cec00000, 0x00000006cf000000, 0x00000006cf000000|100%| O|  |TAMS 0x00000006cf000000| PB 0x00000006cec00000| Untracked 
|  18|0x00000006cf000000, 0x00000006cf400000, 0x00000006cf400000|100%| O|  |TAMS 0x00000006cf400000| PB 0x00000006cf000000| Untracked 
|  19|0x00000006cf400000, 0x00000006cf800000, 0x00000006cf800000|100%| O|  |TAMS 0x00000006cf800000| PB 0x00000006cf400000| Untracked 
|  20|0x00000006cf800000, 0x00000006cfc00000, 0x00000006cfc00000|100%| O|  |TAMS 0x00000006cf800000| PB 0x00000006cf800000| Untracked 
|  21|0x00000006cfc00000, 0x00000006cfc00000, 0x00000006d0000000|  0%| F|  |TAMS 0x00000006cfc00000| PB 0x00000006cfc00000| Untracked 
|  22|0x00000006d0000000, 0x00000006d0000000, 0x00000006d0400000|  0%| F|  |TAMS 0x00000006d0000000| PB 0x00000006d0000000| Untracked 
|  23|0x00000006d0400000, 0x00000006d07bae80, 0x00000006d0800000| 93%| S|  |TAMS 0x00000006d0400000| PB 0x00000006d0400000| Complete 
|  24|0x00000006d0800000, 0x00000006d0bb2928, 0x00000006d0c00000| 92%| E|CS|TAMS 0x00000006d0800000| PB 0x00000006d0800000| Complete 
|  25|0x00000006d0c00000, 0x00000006d1000000, 0x00000006d1000000|100%| E|CS|TAMS 0x00000006d0c00000| PB 0x00000006d0c00000| Complete 
|  26|0x00000006d1000000, 0x00000006d1400000, 0x00000006d1400000|100%| S|  |TAMS 0x00000006d1000000| PB 0x00000006d1000000| Complete 
|  27|0x00000006d1400000, 0x00000006d1800000, 0x00000006d1800000|100%| E|CS|TAMS 0x00000006d1400000| PB 0x00000006d1400000| Complete 
|  28|0x00000006d1800000, 0x00000006d1c00000, 0x00000006d1c00000|100%| E|CS|TAMS 0x00000006d1800000| PB 0x00000006d1800000| Complete 
|  29|0x00000006d1c00000, 0x00000006d2000000, 0x00000006d2000000|100%| E|CS|TAMS 0x00000006d1c00000| PB 0x00000006d1c00000| Complete 
|  30|0x00000006d2000000, 0x00000006d2400000, 0x00000006d2400000|100%| E|CS|TAMS 0x00000006d2000000| PB 0x00000006d2000000| Complete 
|  31|0x00000006d2400000, 0x00000006d2800000, 0x00000006d2800000|100%| E|CS|TAMS 0x00000006d2400000| PB 0x00000006d2400000| Complete 
|  35|0x00000006d3400000, 0x00000006d3800000, 0x00000006d3800000|100%| E|CS|TAMS 0x00000006d3400000| PB 0x00000006d3400000| Complete 
|  36|0x00000006d3800000, 0x00000006d3c00000, 0x00000006d3c00000|100%| E|CS|TAMS 0x00000006d3800000| PB 0x00000006d3800000| Complete 
|  77|0x00000006ddc00000, 0x00000006de000000, 0x00000006de000000|100%| E|CS|TAMS 0x00000006ddc00000| PB 0x00000006ddc00000| Complete 
|1236|0x00000007ff800000, 0x00000007ffc00000, 0x00000007ffc00000|100%| O|  |TAMS 0x00000007ffc00000| PB 0x00000007ff800000| Untracked 
|1237|0x00000007ffc00000, 0x0000000800000000, 0x0000000800000000|100%| O|  |TAMS 0x0000000800000000| PB 0x00000007ffc00000| Untracked 

Card table byte_map: [0x00007bfa80d0b000,0x00007bfa816b7000] _byte_map_base: 0x00007bfa7d6b7000

Marking Bits: (CMBitMap*) 0x00007bfa7c052400
 Bits: [0x00007bfa650a0000, 0x00007bfa69e00000)

Polling page: 0x00007bfa84123000

Metaspace:

Usage:
  Non-class:     60.08 MB used.
      Class:      7.80 MB used.
       Both:     67.88 MB used.

Virtual space:
  Non-class space:       64.00 MB reserved,      60.31 MB ( 94%) committed,  1 nodes.
      Class space:        1.00 GB reserved,       8.00 MB ( <1%) committed,  1 nodes.
             Both:        1.06 GB reserved,      68.31 MB (  6%) committed. 

Chunk freelists:
   Non-Class:  3.73 MB
       Class:  8.05 MB
        Both:  11.78 MB

MaxMetaspaceSize: unlimited
CompressedClassSpaceSize: 1.00 GB
Initial GC threshold: 21.00 MB
Current GC threshold: 100.12 MB
CDS: off
 - commit_granule_bytes: 65536.
 - commit_granule_words: 8192.
 - virtual_space_node_default_size: 8388608.
 - enlarge_chunks_in_place: 1.
 - use_allocation_guard: 0.


Internal statistics:

num_allocs_failed_limit: 15.
num_arena_births: 360.
num_arena_deaths: 0.
num_vsnodes_births: 2.
num_vsnodes_deaths: 0.
num_space_committed: 1091.
num_space_uncommitted: 0.
num_chunks_returned_to_freelist: 15.
num_chunks_taken_from_freelist: 2548.
num_chunk_merges: 15.
num_chunk_splits: 2053.
num_chunks_enlarged: 1821.
num_inconsistent_stats: 0.

CodeHeap 'non-profiled nmethods': size=120028Kb used=4001Kb max_used=4001Kb free=116026Kb
 bounds [0x00007bfa718c9000, 0x00007bfa71cb9000, 0x00007bfa78e00000]
CodeHeap 'profiled nmethods': size=120028Kb used=20538Kb max_used=20538Kb free=99489Kb
 bounds [0x00007bfa69e00000, 0x00007bfa6b210000, 0x00007bfa71337000]
CodeHeap 'non-nmethods': size=5704Kb used=1828Kb max_used=1879Kb free=3875Kb
 bounds [0x00007bfa71337000, 0x00007bfa715a7000, 0x00007bfa718c9000]
 total_blobs=8014 nmethods=7307 adapters=610
 compilation: enabled
              stopped_count=0, restarted_count=0
 full_count=0

Compilation events (20 events):
Event: 4.617 Thread 0x00007bfa7c1bf1e0 nmethod 7649 0x00007bfa6b1fef90 code [0x00007bfa6b1ff200, 0x00007bfa6b1ffc60]
Event: 4.617 Thread 0x00007bfa7c1bf1e0 7655       3       org.jetbrains.kotlin.utils.SmartSet::iterator (97 bytes)
Event: 4.618 Thread 0x00007bfa7c1bf1e0 nmethod 7655 0x00007bfa6b200010 code [0x00007bfa6b2003c0, 0x00007bfa6b201d80]
Event: 4.618 Thread 0x00007bfa7c1bf1e0 7645       3       org.jetbrains.kotlin.fir.analysis.checkers.declaration.FirImportsChecker::resolveToClassLike (12 bytes)
Event: 4.618 Thread 0x00007bfa7c1bf1e0 nmethod 7645 0x00007bfa6b202510 code [0x00007bfa6b202780, 0x00007bfa6b203180]
Event: 4.618 Thread 0x00007bfa7c1bf1e0 7662       3       org.jetbrains.kotlin.fir.declarations.FirAnnotationUtilsKt::toAnnotationClassId (30 bytes)
Event: 4.618 Thread 0x00007bfa7c1bf1e0 nmethod 7662 0x00007bfa6b203510 code [0x00007bfa6b2037e0, 0x00007bfa6b2044b0]
Event: 4.618 Thread 0x00007bfa7c1bf1e0 7657       3       org.jetbrains.kotlin.fir.symbols.impl.FirPropertySymbol::getGetterSymbol (23 bytes)
Event: 4.619 Thread 0x00007bfa7c1bf1e0 nmethod 7657 0x00007bfa6b204910 code [0x00007bfa6b204ae0, 0x00007bfa6b204e40]
Event: 4.619 Thread 0x00007bfa7c1bf1e0 7656       3       org.jetbrains.kotlin.fir.references.FirReferenceUtilsKt::toResolvedBaseSymbol (51 bytes)
Event: 4.619 Thread 0x00007bfa7c1bf1e0 nmethod 7656 0x00007bfa6b204f90 code [0x00007bfa6b205280, 0x00007bfa6b2062e0]
Event: 4.619 Thread 0x00007bfa7c1bf1e0 7664       3       org.jetbrains.kotlin.fir.analysis.checkers.expression.FirCallableReferenceChecker::check (11 bytes)
Event: 4.619 Thread 0x00007bfa7c1bf1e0 nmethod 7664 0x00007bfa6b206710 code [0x00007bfa6b2068c0, 0x00007bfa6b206af0]
Event: 4.619 Thread 0x00007bfa7c1bf1e0 7665       3       org.jetbrains.kotlin.fir.analysis.checkers.expression.FirCallableReferenceChecker::check (167 bytes)
Event: 4.620 Thread 0x00007bfa7c1bf1e0 nmethod 7665 0x00007bfa6b206b90 code [0x00007bfa6b2070c0, 0x00007bfa6b209bb0]
Event: 4.620 Thread 0x00007bfa7c1bf1e0 7666       3       org.jetbrains.kotlin.fir.analysis.checkers.expression.FirSuperReferenceChecker::check (11 bytes)
Event: 4.620 Thread 0x00007bfa7c1bf1e0 nmethod 7666 0x00007bfa6b20a790 code [0x00007bfa6b20a940, 0x00007bfa6b20ab70]
Event: 4.620 Thread 0x00007bfa7c1bf1e0 7667       3       org.jetbrains.kotlin.fir.analysis.checkers.expression.FirSuperReferenceChecker::check (309 bytes)
Event: 4.621 Thread 0x00007bfa7c1bf1e0 nmethod 7667 0x00007bfa6b20ac10 code [0x00007bfa6b20b140, 0x00007bfa6b20dcf8]
Event: 4.621 Thread 0x00007bfa7c1bf1e0 7669       3       org.jetbrains.kotlin.fir.analysis.checkers.expression.FirUninitializedEnumChecker::check (1261 bytes)

GC Heap History (20 events):
Event: 1.030 GC heap after
{Heap after GC invocations=6 (full 0):
 garbage-first heap   total 57344K, used 20817K [0x00000006ca800000, 0x0000000800000000)
  region size 4096K, 1 young (4096K), 1 survivors (4096K)
 Metaspace       used 27804K, committed 28032K, reserved 1114112K
  class space    used 3019K, committed 3136K, reserved 1048576K
}
Event: 1.134 GC heap before
{Heap before GC invocations=6 (full 0):
 garbage-first heap   total 57344K, used 37201K [0x00000006ca800000, 0x0000000800000000)
  region size 4096K, 5 young (20480K), 1 survivors (4096K)
 Metaspace       used 29924K, committed 30272K, reserved 1114112K
  class space    used 3228K, committed 3392K, reserved 1048576K
}
Event: 1.141 GC heap after
{Heap after GC invocations=7 (full 0):
 garbage-first heap   total 188416K, used 24251K [0x00000006ca800000, 0x0000000800000000)
  region size 4096K, 1 young (4096K), 1 survivors (4096K)
 Metaspace       used 29924K, committed 30272K, reserved 1114112K
  class space    used 3228K, committed 3392K, reserved 1048576K
}
Event: 1.357 GC heap before
{Heap before GC invocations=7 (full 0):
 garbage-first heap   total 188416K, used 48827K [0x00000006ca800000, 0x0000000800000000)
  region size 4096K, 8 young (32768K), 1 survivors (4096K)
 Metaspace       used 35837K, committed 36096K, reserved 1114112K
  class space    used 4390K, committed 4544K, reserved 1048576K
}
Event: 1.361 GC heap after
{Heap after GC invocations=8 (full 0):
 garbage-first heap   total 188416K, used 28075K [0x00000006ca800000, 0x0000000800000000)
  region size 4096K, 2 young (8192K), 2 survivors (8192K)
 Metaspace       used 35837K, committed 36096K, reserved 1114112K
  class space    used 4390K, committed 4544K, reserved 1048576K
}
Event: 1.929 GC heap before
{Heap before GC invocations=9 (full 0):
 garbage-first heap   total 110592K, used 85419K [0x00000006ca800000, 0x0000000800000000)
  region size 4096K, 16 young (65536K), 2 survivors (8192K)
 Metaspace       used 49308K, committed 49600K, reserved 1114112K
  class space    used 5753K, committed 5888K, reserved 1048576K
}
Event: 1.935 GC heap after
{Heap after GC invocations=10 (full 0):
 garbage-first heap   total 110592K, used 32795K [0x00000006ca800000, 0x0000000800000000)
  region size 4096K, 2 young (8192K), 2 survivors (8192K)
 Metaspace       used 49308K, committed 49600K, reserved 1114112K
  class space    used 5753K, committed 5888K, reserved 1048576K
}
Event: 2.304 GC heap before
{Heap before GC invocations=10 (full 0):
 garbage-first heap   total 110592K, used 81947K [0x00000006ca800000, 0x0000000800000000)
  region size 4096K, 14 young (57344K), 2 survivors (8192K)
 Metaspace       used 51829K, committed 52096K, reserved 1114112K
  class space    used 5970K, committed 6080K, reserved 1048576K
}
Event: 2.318 GC heap after
{Heap after GC invocations=11 (full 0):
 garbage-first heap   total 110592K, used 47060K [0x00000006ca800000, 0x0000000800000000)
  region size 4096K, 2 young (8192K), 2 survivors (8192K)
 Metaspace       used 51829K, committed 52096K, reserved 1114112K
  class space    used 5970K, committed 6080K, reserved 1048576K
}
Event: 2.723 GC heap before
{Heap before GC invocations=11 (full 0):
 garbage-first heap   total 110592K, used 83924K [0x00000006ca800000, 0x0000000800000000)
  region size 4096K, 11 young (45056K), 2 survivors (8192K)
 Metaspace       used 56322K, committed 56640K, reserved 1114112K
  class space    used 6500K, committed 6656K, reserved 1048576K
}
Event: 2.740 GC heap after
{Heap after GC invocations=12 (full 0):
 garbage-first heap   total 110592K, used 55808K [0x00000006ca800000, 0x0000000800000000)
  region size 4096K, 2 young (8192K), 2 survivors (8192K)
 Metaspace       used 56322K, committed 56640K, reserved 1114112K
  class space    used 6500K, committed 6656K, reserved 1048576K
}
Event: 2.880 GC heap before
{Heap before GC invocations=12 (full 0):
 garbage-first heap   total 110592K, used 84480K [0x00000006ca800000, 0x0000000800000000)
  region size 4096K, 9 young (36864K), 2 survivors (8192K)
 Metaspace       used 56951K, committed 57344K, reserved 1114112K
  class space    used 6563K, committed 6720K, reserved 1048576K
}
Event: 2.892 GC heap after
{Heap after GC invocations=13 (full 0):
 garbage-first heap   total 151552K, used 65536K [0x00000006ca800000, 0x0000000800000000)
  region size 4096K, 2 young (8192K), 2 survivors (8192K)
 Metaspace       used 56951K, committed 57344K, reserved 1114112K
  class space    used 6563K, committed 6720K, reserved 1048576K
}
Event: 3.390 GC heap before
{Heap before GC invocations=13 (full 0):
 garbage-first heap   total 151552K, used 102400K [0x00000006ca800000, 0x0000000800000000)
  region size 4096K, 12 young (49152K), 2 survivors (8192K)
 Metaspace       used 60858K, committed 61120K, reserved 1114112K
  class space    used 7062K, committed 7168K, reserved 1048576K
}
Event: 3.405 GC heap after
{Heap after GC invocations=14 (full 0):
 garbage-first heap   total 151552K, used 76012K [0x00000006ca800000, 0x0000000800000000)
  region size 4096K, 2 young (8192K), 2 survivors (8192K)
 Metaspace       used 60858K, committed 61120K, reserved 1114112K
  class space    used 7062K, committed 7168K, reserved 1048576K
}
Event: 3.889 GC heap before
{Heap before GC invocations=15 (full 0):
 garbage-first heap   total 151552K, used 121068K [0x00000006ca800000, 0x0000000800000000)
  region size 4096K, 13 young (53248K), 2 survivors (8192K)
 Metaspace       used 65126K, committed 65536K, reserved 1114112K
  class space    used 7602K, committed 7808K, reserved 1048576K
}
Event: 3.897 GC heap after
{Heap after GC invocations=16 (full 0):
 garbage-first heap   total 151552K, used 85804K [0x00000006ca800000, 0x0000000800000000)
  region size 4096K, 2 young (8192K), 2 survivors (8192K)
 Metaspace       used 65126K, committed 65536K, reserved 1114112K
  class space    used 7602K, committed 7808K, reserved 1048576K
}
Event: 4.247 GC heap before
{Heap before GC invocations=16 (full 0):
 garbage-first heap   total 151552K, used 122668K [0x00000006ca800000, 0x0000000800000000)
  region size 4096K, 11 young (45056K), 2 survivors (8192K)
 Metaspace       used 68056K, committed 68416K, reserved 1114112K
  class space    used 7870K, committed 8064K, reserved 1048576K
}
Event: 4.258 GC heap after
{Heap after GC invocations=17 (full 0):
 garbage-first heap   total 151552K, used 93898K [0x00000006ca800000, 0x0000000800000000)
  region size 4096K, 2 young (8192K), 2 survivors (8192K)
 Metaspace       used 68056K, committed 68416K, reserved 1114112K
  class space    used 7870K, committed 8064K, reserved 1048576K
}
Event: 4.622 GC heap before
{Heap before GC invocations=17 (full 0):
 garbage-first heap   total 151552K, used 126666K [0x00000006ca800000, 0x0000000800000000)
  region size 4096K, 10 young (40960K), 2 survivors (8192K)
 Metaspace       used 69509K, committed 69952K, reserved 1114112K
  class space    used 7988K, committed 8192K, reserved 1048576K
}

Dll operation events (10 events):
Event: 0.001 Loaded shared library /snap/android-studio/209/jbr/lib/libjava.so
Event: 0.003 Loaded shared library /snap/android-studio/209/jbr/lib/libzip.so
Event: 0.065 Loaded shared library /snap/android-studio/209/jbr/lib/libnio.so
Event: 0.082 Loaded shared library /snap/android-studio/209/jbr/lib/libzip.so
Event: 0.110 Loaded shared library /snap/android-studio/209/jbr/lib/libjimage.so
Event: 0.149 Loaded shared library /tmp/jansi-2.4.0-87466e03a623b46a-libjansi.so
Event: 0.271 Loaded shared library /snap/android-studio/209/jbr/lib/libmanagement.so
Event: 0.275 Loaded shared library /snap/android-studio/209/jbr/lib/libmanagement_ext.so
Event: 0.831 Loaded shared library /snap/android-studio/209/jbr/lib/libverify.so
Event: 0.877 Loaded shared library /snap/android-studio/209/jbr/lib/libnet.so

Deoptimization events (20 events):
Event: 4.384 Thread 0x00007bfa7c02b6c0 DEOPT PACKING pc=0x00007bfa71b106dc sp=0x00007bfa82bb6570
Event: 4.384 Thread 0x00007bfa7c02b6c0 DEOPT UNPACKING pc=0x00007bfa7138e619 sp=0x00007bfa82bb6520 mode 2
Event: 4.391 Thread 0x00007bfa7c02b6c0 DEOPT PACKING pc=0x00007bfa6a5da585 sp=0x00007bfa82bb21b0
Event: 4.391 Thread 0x00007bfa7c02b6c0 DEOPT UNPACKING pc=0x00007bfa7138f14f sp=0x00007bfa82bb1690 mode 0
Event: 4.468 Thread 0x00007bfa7c02b6c0 Uncommon trap: trap_request=0xffffff45 fr.pc=0x00007bfa71a9c610 relative=0x00000000000005b0
Event: 4.468 Thread 0x00007bfa7c02b6c0 Uncommon trap: reason=unstable_if action=reinterpret pc=0x00007bfa71a9c610 method=org.jetbrains.org.objectweb.asm.ClassReader.readUtfNonAscii(III[C)Ljava/lang/String; @ 96 c2
Event: 4.468 Thread 0x00007bfa7c02b6c0 DEOPT PACKING pc=0x00007bfa71a9c610 sp=0x00007bfa82bb2b60
Event: 4.468 Thread 0x00007bfa7c02b6c0 DEOPT UNPACKING pc=0x00007bfa7138e619 sp=0x00007bfa82bb2af8 mode 2
Event: 4.468 Thread 0x00007bfa7c02b6c0 Uncommon trap: trap_request=0xffffff45 fr.pc=0x00007bfa719554b0 relative=0x0000000000000210
Event: 4.468 Thread 0x00007bfa7c02b6c0 Uncommon trap: reason=unstable_if action=reinterpret pc=0x00007bfa719554b0 method=java.lang.StringUTF16.compress([CII)[B @ 13 c2
Event: 4.468 Thread 0x00007bfa7c02b6c0 DEOPT PACKING pc=0x00007bfa719554b0 sp=0x00007bfa82bb29d0
Event: 4.468 Thread 0x00007bfa7c02b6c0 DEOPT UNPACKING pc=0x00007bfa7138e619 sp=0x00007bfa82bb2978 mode 2
Event: 4.486 Thread 0x00007bfa7c02b6c0 DEOPT PACKING pc=0x00007bfa6b0d77ac sp=0x00007bfa82bb1220
Event: 4.486 Thread 0x00007bfa7c02b6c0 DEOPT UNPACKING pc=0x00007bfa7138f14f sp=0x00007bfa82bb06a8 mode 0
Event: 4.488 Thread 0x00007bfa7c02b6c0 DEOPT PACKING pc=0x00007bfa6b0d77ac sp=0x00007bfa82bb1220
Event: 4.488 Thread 0x00007bfa7c02b6c0 DEOPT UNPACKING pc=0x00007bfa7138f14f sp=0x00007bfa82bb06a8 mode 0
Event: 4.516 Thread 0x00007bfa7c02b6c0 DEOPT PACKING pc=0x00007bfa6b0d77ac sp=0x00007bfa82bb5270
Event: 4.516 Thread 0x00007bfa7c02b6c0 DEOPT UNPACKING pc=0x00007bfa7138f14f sp=0x00007bfa82bb46f8 mode 0
Event: 4.580 Thread 0x00007bfa7c02b6c0 DEOPT PACKING pc=0x00007bfa6b0d77ac sp=0x00007bfa82bb4070
Event: 4.580 Thread 0x00007bfa7c02b6c0 DEOPT UNPACKING pc=0x00007bfa7138f14f sp=0x00007bfa82bb34f8 mode 0

Classes loaded (20 events):
Event: 3.648 Loading class java/util/stream/Node$OfDouble done
Event: 3.648 Loading class java/util/stream/Nodes$EmptyNode$OfDouble done
Event: 3.648 Loading class java/util/stream/Nodes$FixedNodeBuilder
Event: 3.648 Loading class java/util/stream/Node$Builder
Event: 3.648 Loading class java/util/stream/Node$Builder done
Event: 3.648 Loading class java/util/stream/Nodes$ArrayNode
Event: 3.648 Loading class java/util/stream/Nodes$ArrayNode done
Event: 3.648 Loading class java/util/stream/Nodes$FixedNodeBuilder done
Event: 3.689 Loading class java/util/ComparableTimSort
Event: 3.689 Loading class java/util/ComparableTimSort done
Event: 4.208 Loading class java/text/MessageFormat
Event: 4.208 Loading class java/text/Format
Event: 4.209 Loading class java/text/Format done
Event: 4.209 Loading class java/text/MessageFormat done
Event: 4.228 Loading class java/text/ChoiceFormat
Event: 4.228 Loading class java/text/NumberFormat
Event: 4.228 Loading class java/text/NumberFormat done
Event: 4.228 Loading class java/text/ChoiceFormat done
Event: 4.324 Loading class java/util/jar/JarVerifier
Event: 4.324 Loading class java/util/jar/JarVerifier done

Classes unloaded (0 events):
No events

Classes redefined (0 events):
No events

Internal exceptions (20 events):
Event: 2.703 Thread 0x00007bfa7c02b6c0 Exception <a 'java/lang/NoSuchMethodError'{0x00000006ceb00130}: 'java.lang.Object java.lang.invoke.DirectMethodHandle$Holder.invokeSpecial(java.lang.Object, java.lang.Object, int, java.lang.Object, java.lang.Object)'> (0x00000006ceb00130) 
thrown [src/hotspot/share/interpreter/linkResolver.cpp, line 784]
Event: 2.752 Thread 0x00007bfa7c02b6c0 Exception <a 'java/lang/NoSuchMethodError'{0x00000006ddcb7e18}: 'java.lang.Object java.lang.invoke.DirectMethodHandle$Holder.invokeStatic(java.lang.Object, java.lang.Object, java.lang.Object, int, java.lang.Object, java.lang.Object)'> (0x00000006ddcb7e18) 
thrown [src/hotspot/share/interpreter/linkResolver.cpp, line 784]
Event: 3.014 Thread 0x00007bfa7c02b6c0 Exception <a 'java/lang/NoSuchMethodError'{0x00000006d3b16fc8}: 'java.lang.Object java.lang.invoke.Invokers$Holder.invokeExact_MT(java.lang.Object, java.lang.Object, long, java.lang.Object)'> (0x00000006d3b16fc8) 
thrown [src/hotspot/share/interpreter/linkResolver.cpp, line 784]
Event: 3.151 Thread 0x00007bfa7c02b6c0 Exception <a 'java/lang/NoSuchMethodError'{0x00000006d37c66c8}: 'java.lang.Object java.lang.invoke.DirectMethodHandle$Holder.newInvokeSpecial(java.lang.Object, java.lang.Object, java.lang.Object, java.lang.Object, java.lang.Object, java.lang.Object, java.lang.Object, java.lang.Object, java.lang.Object)'> (0x00000006d37c66c8) 
thrown [src/hotspot/share/interpreter/linkResolver.cpp, line 784]
Event: 3.158 Thread 0x00007bfa7c02b6c0 Exception <a 'java/lang/NoSuchMethodError'{0x00000006d2405030}: 'java.lang.Object java.lang.invoke.DirectMethodHandle$Holder.invokeStatic(java.lang.Object, int, java.lang.Object, java.lang.Object)'> (0x00000006d2405030) 
thrown [src/hotspot/share/interpreter/linkResolver.cpp, line 784]
Event: 3.451 Thread 0x00007bfa7c02b6c0 Exception <a 'java/lang/NoSuchMethodError'{0x00000006ddd757e8}: 'java.lang.Object java.lang.invoke.DirectMethodHandle$Holder.newInvokeSpecial(java.lang.Object, int, java.lang.Object, java.lang.Object, java.lang.Object)'> (0x00000006ddd757e8) 
thrown [src/hotspot/share/interpreter/linkResolver.cpp, line 784]
Event: 3.451 Thread 0x00007bfa7c02b6c0 Exception <a 'java/lang/NoSuchMethodError'{0x00000006ddd7d1f8}: 'java.lang.Object java.lang.invoke.Invokers$Holder.linkToTargetMethod(int, java.lang.Object, java.lang.Object, java.lang.Object, java.lang.Object)'> (0x00000006ddd7d1f8) 
thrown [src/hotspot/share/interpreter/linkResolver.cpp, line 784]
Event: 3.509 Thread 0x00007bfa7c02b6c0 Exception <a 'java/lang/NoSuchMethodError'{0x00000006ddf3d1e8}: 'java.lang.Object java.lang.invoke.DirectMethodHandle$Holder.newInvokeSpecial(java.lang.Object, java.lang.Object, java.lang.Object, java.lang.Object, java.lang.Object, int)'> (0x00000006ddf3d1e8) 
thrown [src/hotspot/share/interpreter/linkResolver.cpp, line 784]
Event: 3.509 Thread 0x00007bfa7c02b6c0 Exception <a 'java/lang/NoSuchMethodError'{0x00000006ddf41a10}: 'java.lang.Object java.lang.invoke.DirectMethodHandle$Holder.invokeSpecial(java.lang.Object, java.lang.Object, java.lang.Object, java.lang.Object, java.lang.Object, java.lang.Object, int)'> (0x00000006ddf41a10) 
thrown [src/hotspot/share/interpreter/linkResolver.cpp, line 784]
Event: 3.509 Thread 0x00007bfa7c02b6c0 Exception <a 'java/lang/NoSuchMethodError'{0x00000006ddf45b08}: 'java.lang.Object java.lang.invoke.Invokers$Holder.linkToTargetMethod(java.lang.Object, java.lang.Object, java.lang.Object, java.lang.Object, int, java.lang.Object)'> (0x00000006ddf45b08) 
thrown [src/hotspot/share/interpreter/linkResolver.cpp, line 784]
Event: 3.626 Thread 0x00007bfa7c02b6c0 Exception <a 'java/lang/NoSuchMethodError'{0x00000006d25dede8}: 'java.lang.Object java.lang.invoke.Invokers$Holder.invokeExact_MT(java.lang.Object, java.lang.Object, java.lang.Object, java.lang.Object, java.lang.Object, java.lang.Object)'> (0x00000006d25dede8) 
thrown [src/hotspot/share/interpreter/linkResolver.cpp, line 784]
Event: 3.699 Thread 0x00007bfa7c02b6c0 Exception <a 'java/lang/NoSuchMethodError'{0x00000006d22f4748}: 'void java.lang.invoke.DirectMethodHandle$Holder.invokeSpecial(java.lang.Object, java.lang.Object, int, java.lang.Object)'> (0x00000006d22f4748) 
thrown [src/hotspot/share/interpreter/linkResolver.cpp, line 784]
Event: 3.718 Thread 0x00007bfa7c02b6c0 Exception <a 'java/lang/NoSuchMethodError'{0x00000006d1cb76e0}: 'java.lang.Object java.lang.invoke.DirectMethodHandle$Holder.invokeVirtual(java.lang.Object, java.lang.Object, java.lang.Object)'> (0x00000006d1cb76e0) 
thrown [src/hotspot/share/interpreter/linkResolver.cpp, line 784]
Event: 4.142 Thread 0x00007bfa7c02b6c0 Exception <a 'java/lang/NoSuchMethodError'{0x00000006d18bef98}: 'java.lang.Object java.lang.invoke.DirectMethodHandle$Holder.invokeStatic(java.lang.Object, int, java.lang.Object)'> (0x00000006d18bef98) 
thrown [src/hotspot/share/interpreter/linkResolver.cpp, line 784]
Event: 4.239 Thread 0x00007bfa7c02b6c0 Implicit null exception at 0x00007bfa71bd1a25 to 0x00007bfa71bd1db4
Event: 4.245 Thread 0x00007bfa7c02b6c0 Exception <a 'java/lang/NoSuchMethodError'{0x00000006d13dd9c0}: 'java.lang.Object java.lang.invoke.DirectMethodHandle$Holder.invokeStatic(java.lang.Object, java.lang.Object, java.lang.Object, java.lang.Object, java.lang.Object, int)'> (0x00000006d13dd9c0) 
thrown [src/hotspot/share/interpreter/linkResolver.cpp, line 784]
Event: 4.247 Thread 0x00007bfa7c02b6c0 Exception <a 'java/lang/NoSuchMethodError'{0x00000006d13f7b28}: 'java.lang.Object java.lang.invoke.DirectMethodHandle$Holder.invokeStatic(java.lang.Object, int, int, java.lang.Object)'> (0x00000006d13f7b28) 
thrown [src/hotspot/share/interpreter/linkResolver.cpp, line 784]
Event: 4.247 Thread 0x00007bfa7c02b6c0 Exception <a 'java/lang/NoSuchMethodError'{0x00000006d13fb1c0}: 'java.lang.Object java.lang.invoke.DirectMethodHandle$Holder.invokeStaticInit(java.lang.Object, int, int, java.lang.Object)'> (0x00000006d13fb1c0) 
thrown [src/hotspot/share/interpreter/linkResolver.cpp, line 784]
Event: 4.384 Thread 0x00007bfa7c02b6c0 Implicit null exception at 0x00007bfa71b104e3 to 0x00007bfa71b106cc
Event: 4.422 Thread 0x00007bfa7c02b6c0 Exception <a 'java/lang/NoSuchMethodError'{0x00000006d34fe030}: 'java.lang.Object java.lang.invoke.DirectMethodHandle$Holder.invokeStatic(java.lang.Object, java.lang.Object, int, java.lang.Object)'> (0x00000006d34fe030) 
thrown [src/hotspot/share/interpreter/linkResolver.cpp, line 784]

ZGC Phase Switch (0 events):
No events

VM Operations (20 events):
Event: 3.897 Executing VM operation: G1CollectForAllocation (G1 Evacuation Pause) done
Event: 4.017 Executing VM operation: ICBufferFull
Event: 4.017 Executing VM operation: ICBufferFull done
Event: 4.108 Executing VM operation: ICBufferFull
Event: 4.108 Executing VM operation: ICBufferFull done
Event: 4.245 Executing VM operation: HandshakeAllThreads (Deoptimize)
Event: 4.245 Executing VM operation: HandshakeAllThreads (Deoptimize) done
Event: 4.245 Executing VM operation: ICBufferFull
Event: 4.245 Executing VM operation: ICBufferFull done
Event: 4.247 Executing VM operation: G1CollectForAllocation (G1 Evacuation Pause)
Event: 4.258 Executing VM operation: G1CollectForAllocation (G1 Evacuation Pause) done
Event: 4.315 Executing VM operation: HandshakeAllThreads (Deoptimize)
Event: 4.315 Executing VM operation: HandshakeAllThreads (Deoptimize) done
Event: 4.328 Executing VM operation: HandshakeAllThreads (Deoptimize)
Event: 4.328 Executing VM operation: HandshakeAllThreads (Deoptimize) done
Event: 4.370 Executing VM operation: ICBufferFull
Event: 4.370 Executing VM operation: ICBufferFull done
Event: 4.525 Executing VM operation: ICBufferFull
Event: 4.525 Executing VM operation: ICBufferFull done
Event: 4.622 Executing VM operation: G1CollectForAllocation (G1 Evacuation Pause)

Memory protections (11 events):
Event: 0.001 Protecting memory [0x00007bfa82abb000,0x00007bfa82abf000] with protection modes 0
Event: 0.034 Protecting memory [0x00007bfa64500000,0x00007bfa64504000] with protection modes 0
Event: 0.039 Protecting memory [0x00007bfa64400000,0x00007bfa64404000] with protection modes 0
Event: 0.039 Protecting memory [0x00007bfa64300000,0x00007bfa64304000] with protection modes 0
Event: 0.040 Protecting memory [0x00007bfa64200000,0x00007bfa64204000] with protection modes 0
Event: 0.040 Protecting memory [0x00007bfa64100000,0x00007bfa64104000] with protection modes 0
Event: 0.040 Protecting memory [0x00007bfa64000000,0x00007bfa64004000] with protection modes 0
Event: 0.040 Protecting memory [0x00007bfa55f00000,0x00007bfa55f04000] with protection modes 0
Event: 0.040 Protecting memory [0x00007bfa55e00000,0x00007bfa55e04000] with protection modes 0
Event: 0.061 Protecting memory [0x00007bfa55d00000,0x00007bfa55d04000] with protection modes 0
Event: 0.077 Protecting memory [0x00007bfa55c00000,0x00007bfa55c04000] with protection modes 0

Nmethod flushes (20 events):
Event: 3.466 Thread 0x00007bfa7c0e3260 flushing  nmethod 0x00007bfa6a08b110
Event: 3.466 Thread 0x00007bfa7c0e3260 flushing  nmethod 0x00007bfa6a08b590
Event: 3.466 Thread 0x00007bfa7c0e3260 flushing  nmethod 0x00007bfa6a08ce10
Event: 3.466 Thread 0x00007bfa7c0e3260 flushing  nmethod 0x00007bfa6a08d710
Event: 3.466 Thread 0x00007bfa7c0e3260 flushing  nmethod 0x00007bfa6a08db90
Event: 3.466 Thread 0x00007bfa7c0e3260 flushing  nmethod 0x00007bfa6a08ed10
Event: 3.466 Thread 0x00007bfa7c0e3260 flushing  nmethod 0x00007bfa6a08f290
Event: 3.466 Thread 0x00007bfa7c0e3260 flushing  nmethod 0x00007bfa6a091290
Event: 3.466 Thread 0x00007bfa7c0e3260 flushing  nmethod 0x00007bfa6a092110
Event: 3.466 Thread 0x00007bfa7c0e3260 flushing  nmethod 0x00007bfa6a092c10
Event: 3.466 Thread 0x00007bfa7c0e3260 flushing  nmethod 0x00007bfa6a092f90
Event: 3.466 Thread 0x00007bfa7c0e3260 flushing  nmethod 0x00007bfa6a093410
Event: 3.466 Thread 0x00007bfa7c0e3260 flushing  nmethod 0x00007bfa6a093c10
Event: 3.466 Thread 0x00007bfa7c0e3260 flushing  nmethod 0x00007bfa6a094210
Event: 3.466 Thread 0x00007bfa7c0e3260 flushing  nmethod 0x00007bfa6a0be190
Event: 3.466 Thread 0x00007bfa7c0e3260 flushing  nmethod 0x00007bfa6a0be490
Event: 3.466 Thread 0x00007bfa7c0e3260 flushing  nmethod 0x00007bfa6a0bed10
Event: 3.466 Thread 0x00007bfa7c0e3260 flushing  nmethod 0x00007bfa6a0bf410
Event: 3.466 Thread 0x00007bfa7c0e3260 flushing  nmethod 0x00007bfa6a0bf790
Event: 3.466 Thread 0x00007bfa7c0e3260 flushing  nmethod 0x00007bfa6a122390

Events (11 events):
Event: 0.003 Thread 0x00007bfa7c02b6c0 Thread added: 0x00007bfa7c02b6c0
Event: 0.034 Thread 0x00007bfa7c02b6c0 Thread added: 0x00007bfa7c1a2850
Event: 0.038 Thread 0x00007bfa7c02b6c0 Thread added: 0x00007bfa7c1aed80
Event: 0.039 Thread 0x00007bfa7c02b6c0 Thread added: 0x00007bfa7c1aff40
Event: 0.040 Thread 0x00007bfa7c02b6c0 Thread added: 0x00007bfa7c1b17c0
Event: 0.040 Thread 0x00007bfa7c02b6c0 Thread added: 0x00007bfa7c1b2e00
Event: 0.040 Thread 0x00007bfa7c02b6c0 Thread added: 0x00007bfa7c1bc610
Event: 0.040 Thread 0x00007bfa7c02b6c0 Thread added: 0x00007bfa7c1bdb30
Event: 0.040 Thread 0x00007bfa7c02b6c0 Thread added: 0x00007bfa7c1bf1e0
Event: 0.061 Thread 0x00007bfa7c02b6c0 Thread added: 0x00007bfa7c243840
Event: 0.077 Thread 0x00007bfa7c1bdb30 Thread added: 0x00007bfa28097610


Dynamic libraries:
6ca800000-6d2800000 rw-p 00000000 00:00 0 
6d2800000-6d3400000 ---p 00000000 00:00 0 
6d3400000-6d3c00000 rw-p 00000000 00:00 0 
6d3c00000-6ddc00000 ---p 00000000 00:00 0 
6ddc00000-6de000000 rw-p 00000000 00:00 0 
6de000000-7ff800000 ---p 00000000 00:00 0 
7ff800000-800040000 rw-p 00000000 00:00 0 
800040000-8000c0000 rw-p 00000000 00:00 0 
8000c0000-800140000 rw-p 00000000 00:00 0 
800140000-800800000 rw-p 00000000 00:00 0 
800800000-840000000 ---p 00000000 00:00 0 
60e4e83f2000-60e4e83f3000 r--p 00000000 07:00 85                         /snap/android-studio/209/jbr/bin/java
60e4e83f3000-60e4e83f4000 r-xp 00000000 07:00 85                         /snap/android-studio/209/jbr/bin/java
60e4e83f4000-60e4e83f6000 r--p 00000000 07:00 85                         /snap/android-studio/209/jbr/bin/java
60e4e83f6000-60e4e83f7000 rw-p 00001000 07:00 85                         /snap/android-studio/209/jbr/bin/java
60e4f1cd9000-60e4f1d1f000 rw-p 00000000 00:00 0                          [heap]
7bf9ee978000-7bf9eec00000 rw-p 00000000 00:00 0 
7bf9eec00000-7bf9f3fa7000 r--s 00000000 08:02 18625803                   /home/llirikh/.gradle/caches/8.14.3/transforms/4dd63dc909a1024cfb4d592855cbab10/transformed/material-icons-extended-release-api.jar
7bf9f4000000-7bf9f4021000 rw-p 00000000 00:00 0 
7bf9f4021000-7bf9f8000000 ---p 00000000 00:00 0 
7bf9f8200000-7bf9f8ca3000 r--s 00000000 08:02 18625622                   /home/llirikh/.gradle/caches/8.14.3/transforms/6ffb8a0987a16785ad9dd0624e6bee69/transformed/material3-api.jar
7bf9f8e00000-7bf9f981e000 r--s 00000000 08:02 18625643                   /home/llirikh/.gradle/caches/8.14.3/transforms/37740300d2a2bef7dd0bc307c35cf096/transformed/foundation-api.jar
7bf9f9896000-7bf9f9a00000 r--s 00000000 08:02 16030591                   /home/llirikh/.gradle/caches/modules-2/files-2.1/org.jetbrains.kotlinx/kotlinx-coroutines-core-jvm/1.10.2/4a9f78ef49483748e2c129f3d124b8fa249dafbf/kotlinx-coroutines-core-jvm-1.10.2.jar
7bf9f9a00000-7bf9fa168000 r--s 00000000 08:02 18625808                   /home/llirikh/.gradle/caches/8.14.3/transforms/fdd6a35e3f881c82ed7e44c9d9b0a54d/transformed/ui-api.jar
7bf9fa215000-7bf9fa400000 r--s 00000000 08:02 18625802                   /home/llirikh/.gradle/caches/8.14.3/transforms/5cf8bbc02550dfa7a3b591a27a60b69f/transformed/material-icons-core-release-api.jar
7bf9fa400000-7bf9fbe7c000 r--s 00000000 08:02 16130249                   /home/llirikh/Android/Sdk/platforms/android-36/android.jar
7bf9fbf17000-7bf9fc000000 r--s 00000000 08:02 18625729                   /home/llirikh/.gradle/caches/8.14.3/transforms/aab90e71f5805f43c36ccd2eb3ad7ab0/transformed/coil-base-2.7.0-api.jar
7bf9fc000000-7bf9fc021000 rw-p 00000000 00:00 0 
7bf9fc021000-7bfa00000000 ---p 00000000 00:00 0 
7bfa00000000-7bfa00021000 rw-p 00000000 00:00 0 
7bfa00021000-7bfa04000000 ---p 00000000 00:00 0 
7bfa04000000-7bfa04021000 rw-p 00000000 00:00 0 
7bfa04021000-7bfa08000000 ---p 00000000 00:00 0 
7bfa08000000-7bfa08021000 rw-p 00000000 00:00 0 
7bfa08021000-7bfa0c000000 ---p 00000000 00:00 0 
7bfa0c000000-7bfa0c021000 rw-p 00000000 00:00 0 
7bfa0c021000-7bfa10000000 ---p 00000000 00:00 0 
7bfa10000000-7bfa101db000 rw-p 00000000 00:00 0 
7bfa101db000-7bfa14000000 ---p 00000000 00:00 0 
7bfa14000000-7bfa1571f000 rw-p 00000000 00:00 0 
7bfa1571f000-7bfa18000000 ---p 00000000 00:00 0 
7bfa18000000-7bfa18021000 rw-p 00000000 00:00 0 
7bfa18021000-7bfa1c000000 ---p 00000000 00:00 0 
7bfa1c000000-7bfa1d06e000 rw-p 00000000 00:00 0 
7bfa1d06e000-7bfa20000000 ---p 00000000 00:00 0 
7bfa20000000-7bfa20021000 rw-p 00000000 00:00 0 
7bfa20021000-7bfa24000000 ---p 00000000 00:00 0 
7bfa24000000-7bfa24021000 rw-p 00000000 00:00 0 
7bfa24021000-7bfa28000000 ---p 00000000 00:00 0 
7bfa28000000-7bfa29cb6000 rw-p 00000000 00:00 0 
7bfa29cb6000-7bfa2c000000 ---p 00000000 00:00 0 
7bfa2c000000-7bfa2c021000 rw-p 00000000 00:00 0 
7bfa2c021000-7bfa30000000 ---p 00000000 00:00 0 
7bfa30000000-7bfa30021000 rw-p 00000000 00:00 0 
7bfa30021000-7bfa34000000 ---p 00000000 00:00 0 
7bfa34000000-7bfa34021000 rw-p 00000000 00:00 0 
7bfa34021000-7bfa38000000 ---p 00000000 00:00 0 
7bfa38000000-7bfa38021000 rw-p 00000000 00:00 0 
7bfa38021000-7bfa3c000000 ---p 00000000 00:00 0 
7bfa3c000000-7bfa3c021000 rw-p 00000000 00:00 0 
7bfa3c021000-7bfa40000000 ---p 00000000 00:00 0 
7bfa40000000-7bfa40021000 rw-p 00000000 00:00 0 
7bfa40021000-7bfa44000000 ---p 00000000 00:00 0 
7bfa44000000-7bfa44500000 rw-p 00000000 00:00 0 
7bfa44500000-7bfa44580000 rw-p 00000000 00:00 0 
7bfa44580000-7bfa44700000 rw-p 00000000 00:00 0 
7bfa44700000-7bfa44900000 rw-p 00000000 00:00 0 
7bfa44900000-7bfa44a00000 rw-p 00000000 00:00 0 
7bfa44a00000-7bfa44b00000 rw-p 00000000 00:00 0 
7bfa44b00000-7bfa44c00000 rw-p 00000000 00:00 0 
7bfa44c00000-7bfa45300000 rw-p 00000000 00:00 0 
7bfa45300000-7bfa45400000 rw-p 00000000 00:00 0 
7bfa45400000-7bfa46d80000 rw-p 00000000 00:00 0 
7bfa46d80000-7bfa46e00000 rw-p 00000000 00:00 0 
7bfa46e00000-7bfa47c50000 rw-p 00000000 00:00 0 
7bfa47c50000-7bfa48000000 ---p 00000000 00:00 0 
7bfa48000000-7bfa48021000 rw-p 00000000 00:00 0 
7bfa48021000-7bfa4c000000 ---p 00000000 00:00 0 
7bfa4c000000-7bfa4c021000 rw-p 00000000 00:00 0 
7bfa4c021000-7bfa50000000 ---p 00000000 00:00 0 
7bfa50000000-7bfa50021000 rw-p 00000000 00:00 0 
7bfa50021000-7bfa54000000 ---p 00000000 00:00 0 
7bfa54070000-7bfa541cd000 r--s 00000000 08:02 18625630                   /home/llirikh/.gradle/caches/8.14.3/transforms/39e62dbef6d4e70d9addd750c0e54814/transformed/foundation-layout-api.jar
7bfa541cd000-7bfa543c3000 r--s 00000000 08:02 18625611                   /home/llirikh/.gradle/caches/8.14.3/transforms/e6e697f242606f6bd1bad7412bd18710/transformed/ui-text-api.jar
7bfa543c3000-7bfa54556000 r--s 00000000 08:02 18625674                   /home/llirikh/.gradle/caches/8.14.3/transforms/c7133bea4d4651c5fd891c837174d00a/transformed/ui-graphics-api.jar
7bfa5458f000-7bfa54600000 r--s 00000000 08:02 18625818                   /home/llirikh/.gradle/caches/8.14.3/transforms/dad0837fa94828ed4ab7b13a361797f2/transformed/activity-1.12.2-api.jar
7bfa54600000-7bfa54982000 r--s 00000000 08:02 18625885                   /home/llirikh/.gradle/caches/8.14.3/transforms/898d36f9832f8d8a9bd42cf9d521110b/transformed/runtime-api.jar
7bfa549c9000-7bfa54aa4000 r--s 00000000 08:02 16030577                   /home/llirikh/.gradle/caches/modules-2/files-2.1/io.ktor/ktor-client-core-jvm/3.3.3/b9e1ea5af5e2e508770e00dc16645a1bcb782b73/ktor-client-core-jvm-3.3.3.jar
7bfa54aa4000-7bfa54c53000 r--s 00000000 08:02 16016728                   /home/llirikh/.gradle/caches/modules-2/files-2.1/org.jetbrains.kotlin/kotlin-stdlib/2.2.21/fa374a986e128314c3db00a20aae55f72a258511/kotlin-stdlib-2.2.21.jar
7bfa54c65000-7bfa54d0f000 r--s 00000000 08:02 16015560                   /home/llirikh/.gradle/caches/modules-2/files-2.1/org.jetbrains.kotlinx/kotlinx-datetime-jvm/0.7.1/81c2e0246bd28cc2dcbdf0ab53628322e66a9de9/kotlinx-datetime-jvm-0.7.1.jar
7bfa54d0f000-7bfa54d46000 r--s 00000000 08:02 18625610                   /home/llirikh/.gradle/caches/8.14.3/transforms/f925d961369e8121ca0e93fe2dd6c600/transformed/ui-unit-api.jar
7bfa54d46000-7bfa54da1000 r--s 00000000 08:02 18625608                   /home/llirikh/.gradle/caches/8.14.3/transforms/20b275505d0086b730ff0fff16841c5f/transformed/navigation-runtime-release-api.jar
7bfa54da1000-7bfa54eea000 r--s 00000000 08:02 18625651                   /home/llirikh/.gradle/caches/8.14.3/transforms/0a0237bffa927718dbc65d0bc92e5b9a/transformed/animation-api.jar
7bfa54eea000-7bfa54faa000 r--s 00000000 08:02 18625619                   /home/llirikh/.gradle/caches/8.14.3/transforms/6741ff9921f315561a13e2dffc6dd666/transformed/navigation-common-release-api.jar
7bfa54ffc000-7bfa55050000 r--s 00000000 08:02 16030588                   /home/llirikh/.gradle/caches/modules-2/files-2.1/io.ktor/ktor-utils-jvm/3.3.3/dac131d19d4f718f2bf38888c12a248ed7a2e3d4/ktor-utils-jvm-3.3.3.jar
7bfa55050000-7bfa550b2000 r--s 00000000 08:02 16015356                   /home/llirikh/.gradle/caches/modules-2/files-2.1/org.jetbrains.kotlinx/kotlinx-serialization-core-jvm/1.9.0/91448df39c558f7c6147b8bd8db01debe16e0cc1/kotlinx-serialization-core-jvm-1.9.0.jar
7bfa550f9000-7bfa550fa000 ---p 00000000 00:00 0 
7bfa550fa000-7bfa551fa000 rw-p 00000000 00:00 0 
7bfa551fa000-7bfa551fb000 ---p 00000000 00:00 0 
7bfa551fb000-7bfa552fb000 rw-p 00000000 00:00 0 
7bfa552fb000-7bfa552fc000 ---p 00000000 00:00 0 
7bfa552fc000-7bfa553fc000 rw-p 00000000 00:00 0 
7bfa553fc000-7bfa553fd000 ---p 00000000 00:00 0 
7bfa553fd000-7bfa554fd000 rw-p 00000000 00:00 0 
7bfa554fd000-7bfa554fe000 ---p 00000000 00:00 0 
7bfa554fe000-7bfa555fe000 rw-p 00000000 00:00 0 
7bfa555fe000-7bfa555ff000 ---p 00000000 00:00 0 
7bfa555ff000-7bfa556ff000 rw-p 00000000 00:00 0 
7bfa556ff000-7bfa55700000 ---p 00000000 00:00 0 
7bfa55700000-7bfa55800000 rw-p 00000000 00:00 0 
7bfa55800000-7bfa55803000 r-xp 00000000 08:02 23855150                   /tmp/jansi-2.4.0-87466e03a623b46a-libjansi.so
7bfa55803000-7bfa55a02000 ---p 00003000 08:02 23855150                   /tmp/jansi-2.4.0-87466e03a623b46a-libjansi.so
7bfa55a02000-7bfa55a03000 rw-p 00002000 08:02 23855150                   /tmp/jansi-2.4.0-87466e03a623b46a-libjansi.so
7bfa55a12000-7bfa55a78000 r--s 00000000 08:02 16030582                   /home/llirikh/.gradle/caches/modules-2/files-2.1/io.ktor/ktor-http-jvm/3.3.3/1795370b2729ccb0946991fac7a62d63c807a2bc/ktor-http-jvm-3.3.3.jar
7bfa55ae0000-7bfa55aff000 r--s 00000000 08:02 18625768                   /home/llirikh/.gradle/caches/8.14.3/transforms/f80e3dcc8f41efd50d88fb578c91222e/transformed/lifecycle-viewmodel-savedstate-api.jar
7bfa55aff000-7bfa55b00000 ---p 00000000 00:00 0 
7bfa55b00000-7bfa55c00000 rw-p 00000000 00:00 0 
7bfa55c00000-7bfa55c04000 ---p 00000000 00:00 0 
7bfa55c04000-7bfa55d00000 rw-p 00000000 00:00 0 
7bfa55d00000-7bfa55d04000 ---p 00000000 00:00 0 
7bfa55d04000-7bfa55e00000 rw-p 00000000 00:00 0 
7bfa55e00000-7bfa55e04000 ---p 00000000 00:00 0 
7bfa55e04000-7bfa55f00000 rw-p 00000000 00:00 0 
7bfa55f00000-7bfa55f04000 ---p 00000000 00:00 0 
7bfa55f04000-7bfa56000000 rw-p 00000000 00:00 0 
7bfa56000000-7bfa58021000 rw-p 00000000 00:00 0 
7bfa58021000-7bfa5c000000 ---p 00000000 00:00 0 
7bfa5c000000-7bfa5c021000 rw-p 00000000 00:00 0 
7bfa5c021000-7bfa60000000 ---p 00000000 00:00 0 
7bfa60000000-7bfa60021000 rw-p 00000000 00:00 0 
7bfa60021000-7bfa64004000 ---p 00000000 00:00 0 
7bfa64004000-7bfa64100000 rw-p 00000000 00:00 0 
7bfa64100000-7bfa64104000 ---p 00000000 00:00 0 
7bfa64104000-7bfa64200000 rw-p 00000000 00:00 0 
7bfa64200000-7bfa64204000 ---p 00000000 00:00 0 
7bfa64204000-7bfa64300000 rw-p 00000000 00:00 0 
7bfa64300000-7bfa64304000 ---p 00000000 00:00 0 
7bfa64304000-7bfa64400000 rw-p 00000000 00:00 0 
7bfa64400000-7bfa64404000 ---p 00000000 00:00 0 
7bfa64404000-7bfa64500000 rw-p 00000000 00:00 0 
7bfa64500000-7bfa64504000 ---p 00000000 00:00 0 
7bfa64504000-7bfa64600000 rw-p 00000000 00:00 0 
7bfa64600000-7bfa64b75000 r--p 00000000 08:02 22547070                   /usr/lib/locale/locale-archive
7bfa64b75000-7bfa64b7c000 r--s 00000000 08:02 16030576                   /home/llirikh/.gradle/caches/modules-2/files-2.1/io.ktor/ktor-serialization-kotlinx-json-jvm/3.3.3/cbd4392239b8ebd6401e4607fb7e788c56853da5/ktor-serialization-kotlinx-json-jvm-3.3.3.jar
7bfa64b96000-7bfa64ba5000 r--s 00000000 08:02 16030936                   /home/llirikh/.gradle/caches/modules-2/files-2.1/androidx.annotation/annotation-jvm/1.9.1/b17951747e38bf3986a24431b9ba0d039958aa5f/annotation-jvm-1.9.1.jar
7bfa64ba5000-7bfa64be6000 r--s 00000000 08:02 18625624                   /home/llirikh/.gradle/caches/8.14.3/transforms/2efed98097ac1484c497aea71ea4b361/transformed/coil-compose-base-2.7.0-api.jar
7bfa64be6000-7bfa64bf4000 r--s 00000000 08:02 18625618                   /home/llirikh/.gradle/caches/8.14.3/transforms/60dd4fd3a74e06a319165b48fdc78142/transformed/coil-compose-2.7.0-api.jar
7bfa64c02000-7bfa64c03000 ---p 00000000 00:00 0 
7bfa64c03000-7bfa64d03000 rw-p 00000000 00:00 0 
7bfa64d03000-7bfa64d04000 ---p 00000000 00:00 0 
7bfa64d04000-7bfa64e04000 rw-p 00000000 00:00 0 
7bfa64f17000-7bfa64f1e000 r--s 00000000 08:02 22566968                   /usr/lib/x86_64-linux-gnu/gconv/gconv-modules.cache
7bfa64f1e000-7bfa64f9f000 rw-p 00000000 00:00 0 
7bfa64f9f000-7bfa64fa0000 ---p 00000000 00:00 0 
7bfa64fa0000-7bfa650a0000 rw-p 00000000 00:00 0 
7bfa650a0000-7bfa652a0000 rw-p 00000000 00:00 0 
7bfa652a0000-7bfa652d0000 ---p 00000000 00:00 0 
7bfa652d0000-7bfa652f0000 rw-p 00000000 00:00 0 
7bfa652f0000-7bfa65570000 ---p 00000000 00:00 0 
7bfa65570000-7bfa65580000 rw-p 00000000 00:00 0 
7bfa65580000-7bfa69de0000 ---p 00000000 00:00 0 
7bfa69de0000-7bfa69e00000 rw-p 00000000 00:00 0 
7bfa69e00000-7bfa6b210000 rwxp 00000000 00:00 0 
7bfa6b210000-7bfa71337000 ---p 00000000 00:00 0 
7bfa71337000-7bfa715a7000 rwxp 00000000 00:00 0 
7bfa715a7000-7bfa718c9000 ---p 00000000 00:00 0 
7bfa718c9000-7bfa71cb9000 rwxp 00000000 00:00 0 
7bfa71cb9000-7bfa78e00000 ---p 00000000 00:00 0 
7bfa78e00000-7bfa78e06000 r--p 00000000 07:00 504                        /snap/android-studio/209/jbr/lib/libverify.so
7bfa78e06000-7bfa78e0e000 r-xp 00005000 07:00 504                        /snap/android-studio/209/jbr/lib/libverify.so
7bfa78e0e000-7bfa78e10000 r--p 0000c000 07:00 504                        /snap/android-studio/209/jbr/lib/libverify.so
7bfa78e10000-7bfa78e11000 rw-p 0000d000 07:00 504                        /snap/android-studio/209/jbr/lib/libverify.so
7bfa78e11000-7bfa78e14000 r--p 00000000 07:00 494                        /snap/android-studio/209/jbr/lib/libmanagement_ext.so
7bfa78e14000-7bfa78e17000 r-xp 00002000 07:00 494                        /snap/android-studio/209/jbr/lib/libmanagement_ext.so
7bfa78e17000-7bfa78e18000 r--p 00004000 07:00 494                        /snap/android-studio/209/jbr/lib/libmanagement_ext.so
7bfa78e18000-7bfa78e19000 rw-p 00004000 07:00 494                        /snap/android-studio/209/jbr/lib/libmanagement_ext.so
7bfa78e19000-7bfa78e95000 rw-p 00000000 00:00 0 
7bfa78e95000-7bfa7c000000 r--s 00000000 07:00 507                        /snap/android-studio/209/jbr/lib/modules
7bfa7c000000-7bfa7e71d000 rw-p 00000000 00:00 0 
7bfa7e71d000-7bfa80000000 ---p 00000000 00:00 0 
7bfa80003000-7bfa80007000 r--p 00000000 07:00 496                        /snap/android-studio/209/jbr/lib/libnet.so
7bfa80007000-7bfa8000f000 r-xp 00003000 07:00 496                        /snap/android-studio/209/jbr/lib/libnet.so
7bfa8000f000-7bfa80010000 r--p 0000a000 07:00 496                        /snap/android-studio/209/jbr/lib/libnet.so
7bfa80010000-7bfa80011000 rw-p 0000a000 07:00 496                        /snap/android-studio/209/jbr/lib/libnet.so
7bfa80011000-7bfa8001c000 r--p 00000000 07:00 497                        /snap/android-studio/209/jbr/lib/libnio.so
7bfa8001c000-7bfa80025000 r-xp 0000a000 07:00 497                        /snap/android-studio/209/jbr/lib/libnio.so
7bfa80025000-7bfa80026000 r--p 00012000 07:00 497                        /snap/android-studio/209/jbr/lib/libnio.so
7bfa80026000-7bfa80027000 rw-p 00012000 07:00 497                        /snap/android-studio/209/jbr/lib/libnio.so
7bfa80027000-7bfa80030000 r--p 00000000 07:00 506                        /snap/android-studio/209/jbr/lib/libzip.so
7bfa80030000-7bfa80045000 r-xp 00008000 07:00 506                        /snap/android-studio/209/jbr/lib/libzip.so
7bfa80045000-7bfa80046000 r--p 0001c000 07:00 506                        /snap/android-studio/209/jbr/lib/libzip.so
7bfa80046000-7bfa80047000 rw-p 0001c000 07:00 506                        /snap/android-studio/209/jbr/lib/libzip.so
7bfa80047000-7bfa80088000 rw-p 00000000 00:00 0 
7bfa80088000-7bfa80089000 ---p 00000000 00:00 0 
7bfa80089000-7bfa80189000 rw-p 00000000 00:00 0 
7bfa80189000-7bfa80991000 rw-p 00000000 00:00 0 
7bfa80991000-7bfa80992000 ---p 00000000 00:00 0 
7bfa80992000-7bfa80a92000 rw-p 00000000 00:00 0 
7bfa80a92000-7bfa80a93000 ---p 00000000 00:00 0 
7bfa80a93000-7bfa80b93000 rw-p 00000000 00:00 0 
7bfa80b93000-7bfa80b94000 ---p 00000000 00:00 0 
7bfa80b94000-7bfa80c94000 rw-p 00000000 00:00 0 
7bfa80c94000-7bfa80d4b000 rw-p 00000000 00:00 0 
7bfa80d4b000-7bfa80d51000 ---p 00000000 00:00 0 
7bfa80d51000-7bfa80d55000 rw-p 00000000 00:00 0 
7bfa80d55000-7bfa80da5000 ---p 00000000 00:00 0 
7bfa80da5000-7bfa80da7000 rw-p 00000000 00:00 0 
7bfa80da7000-7bfa816b3000 ---p 00000000 00:00 0 
7bfa816b3000-7bfa816f7000 rw-p 00000000 00:00 0 
7bfa816f7000-7bfa816fd000 ---p 00000000 00:00 0 
7bfa816fd000-7bfa81701000 rw-p 00000000 00:00 0 
7bfa81701000-7bfa81751000 ---p 00000000 00:00 0 
7bfa81751000-7bfa81753000 rw-p 00000000 00:00 0 
7bfa81753000-7bfa8205f000 ---p 00000000 00:00 0 
7bfa8205f000-7bfa8289a000 rw-p 00000000 00:00 0 
7bfa8289a000-7bfa8297d000 ---p 00000000 00:00 0 
7bfa8297d000-7bfa829a6000 rw-p 00000000 00:00 0 
7bfa829a6000-7bfa82a68000 ---p 00000000 00:00 0 
7bfa82a68000-7bfa82a6d000 rw-p 00000000 00:00 0 
7bfa82a6d000-7bfa82a74000 ---p 00000000 00:00 0 
7bfa82a74000-7bfa82a86000 r--p 00000000 07:00 482                        /snap/android-studio/209/jbr/lib/libjava.so
7bfa82a86000-7bfa82a94000 r-xp 00011000 07:00 482                        /snap/android-studio/209/jbr/lib/libjava.so
7bfa82a94000-7bfa82a96000 r--p 0001e000 07:00 482                        /snap/android-studio/209/jbr/lib/libjava.so
7bfa82a96000-7bfa82a98000 rw-p 0001f000 07:00 482                        /snap/android-studio/209/jbr/lib/libjava.so
7bfa82a98000-7bfa82aa3000 r--p 00000000 07:00 486                        /snap/android-studio/209/jbr/lib/libjimage.so
7bfa82aa3000-7bfa82ab7000 r-xp 0000a000 07:00 486                        /snap/android-studio/209/jbr/lib/libjimage.so
7bfa82ab7000-7bfa82ab9000 r--p 0001d000 07:00 486                        /snap/android-studio/209/jbr/lib/libjimage.so
7bfa82ab9000-7bfa82aba000 rw-p 0001e000 07:00 486                        /snap/android-studio/209/jbr/lib/libjimage.so
7bfa82aba000-7bfa82abb000 rw-p 00000000 00:00 0 
7bfa82abb000-7bfa82abf000 ---p 00000000 00:00 0 
7bfa82abf000-7bfa82bbb000 rw-p 00000000 00:00 0 
7bfa82bbb000-7bfa83113000 r--p 00000000 07:00 517                        /snap/android-studio/209/jbr/lib/server/libjvm.so
7bfa83113000-7bfa83c99000 r-xp 00557000 07:00 517                        /snap/android-studio/209/jbr/lib/server/libjvm.so
7bfa83c99000-7bfa83d66000 r--p 010dc000 07:00 517                        /snap/android-studio/209/jbr/lib/server/libjvm.so
7bfa83d66000-7bfa83d89000 rw-p 011a8000 07:00 517                        /snap/android-studio/209/jbr/lib/server/libjvm.so
7bfa83d89000-7bfa83e00000 rw-p 00000000 00:00 0 
7bfa83e00000-7bfa83e28000 r--p 00000000 08:02 22566979                   /usr/lib/x86_64-linux-gnu/libc.so.6
7bfa83e28000-7bfa83fb0000 r-xp 00028000 08:02 22566979                   /usr/lib/x86_64-linux-gnu/libc.so.6
7bfa83fb0000-7bfa83fff000 r--p 001b0000 08:02 22566979                   /usr/lib/x86_64-linux-gnu/libc.so.6
7bfa83fff000-7bfa84003000 r--p 001fe000 08:02 22566979                   /usr/lib/x86_64-linux-gnu/libc.so.6
7bfa84003000-7bfa84005000 rw-p 00202000 08:02 22566979                   /usr/lib/x86_64-linux-gnu/libc.so.6
7bfa84005000-7bfa84012000 rw-p 00000000 00:00 0 
7bfa84015000-7bfa84018000 r--s 00000000 08:02 16031697                   /home/llirikh/.gradle/caches/modules-2/files-2.1/jakarta.inject/jakarta.inject-api/2.0.1/4c28afe1991a941d7702fe1362c365f0a8641d1e/jakarta.inject-api-2.0.1.jar
7bfa84018000-7bfa84019000 r--p 00000000 08:02 22566993                   /usr/lib/x86_64-linux-gnu/librt.so.1
7bfa84019000-7bfa8401a000 r-xp 00001000 08:02 22566993                   /usr/lib/x86_64-linux-gnu/librt.so.1
7bfa8401a000-7bfa8401b000 r--p 00002000 08:02 22566993                   /usr/lib/x86_64-linux-gnu/librt.so.1
7bfa8401b000-7bfa8401c000 r--p 00002000 08:02 22566993                   /usr/lib/x86_64-linux-gnu/librt.so.1
7bfa8401c000-7bfa8401d000 rw-p 00003000 08:02 22566993                   /usr/lib/x86_64-linux-gnu/librt.so.1
7bfa8401d000-7bfa8402d000 r--p 00000000 08:02 22566982                   /usr/lib/x86_64-linux-gnu/libm.so.6
7bfa8402d000-7bfa840ac000 r-xp 00010000 08:02 22566982                   /usr/lib/x86_64-linux-gnu/libm.so.6
7bfa840ac000-7bfa84104000 r--p 0008f000 08:02 22566982                   /usr/lib/x86_64-linux-gnu/libm.so.6
7bfa84104000-7bfa84105000 r--p 000e7000 08:02 22566982                   /usr/lib/x86_64-linux-gnu/libm.so.6
7bfa84105000-7bfa84106000 rw-p 000e8000 08:02 22566982                   /usr/lib/x86_64-linux-gnu/libm.so.6
7bfa84106000-7bfa84108000 rw-p 00000000 00:00 0 
7bfa84108000-7bfa84109000 r--p 00000000 08:02 22566981                   /usr/lib/x86_64-linux-gnu/libdl.so.2
7bfa84109000-7bfa8410a000 r-xp 00001000 08:02 22566981                   /usr/lib/x86_64-linux-gnu/libdl.so.2
7bfa8410a000-7bfa8410b000 r--p 00002000 08:02 22566981                   /usr/lib/x86_64-linux-gnu/libdl.so.2
7bfa8410b000-7bfa8410c000 r--p 00002000 08:02 22566981                   /usr/lib/x86_64-linux-gnu/libdl.so.2
7bfa8410c000-7bfa8410d000 rw-p 00003000 08:02 22566981                   /usr/lib/x86_64-linux-gnu/libdl.so.2
7bfa8410d000-7bfa8410e000 r--p 00000000 08:02 22566991                   /usr/lib/x86_64-linux-gnu/libpthread.so.0
7bfa8410e000-7bfa8410f000 r-xp 00001000 08:02 22566991                   /usr/lib/x86_64-linux-gnu/libpthread.so.0
7bfa8410f000-7bfa84110000 r--p 00002000 08:02 22566991                   /usr/lib/x86_64-linux-gnu/libpthread.so.0
7bfa84110000-7bfa84111000 r--p 00002000 08:02 22566991                   /usr/lib/x86_64-linux-gnu/libpthread.so.0
7bfa84111000-7bfa84112000 rw-p 00003000 08:02 22566991                   /usr/lib/x86_64-linux-gnu/libpthread.so.0
7bfa84112000-7bfa84114000 r--s 00000000 08:02 18625842                   /home/llirikh/.gradle/caches/8.14.3/transforms/1744456f922624f0a9c3227daf00bc6a/transformed/runtime-annotation-api.jar
7bfa84114000-7bfa84117000 r--p 00000000 07:00 492                        /snap/android-studio/209/jbr/lib/libmanagement.so
7bfa84117000-7bfa84119000 r-xp 00002000 07:00 492                        /snap/android-studio/209/jbr/lib/libmanagement.so
7bfa84119000-7bfa8411a000 r--p 00003000 07:00 492                        /snap/android-studio/209/jbr/lib/libmanagement.so
7bfa8411a000-7bfa8411b000 rw-p 00003000 07:00 492                        /snap/android-studio/209/jbr/lib/libmanagement.so
7bfa8411b000-7bfa84123000 rw-s 00000000 08:02 26214800                   /tmp/hsperfdata_llirikh/50143
7bfa84123000-7bfa84124000 ---p 00000000 00:00 0 
7bfa84124000-7bfa84125000 r--p 00000000 00:00 0 
7bfa84125000-7bfa84126000 ---p 00000000 00:00 0 
7bfa84126000-7bfa8412f000 r--p 00000000 07:00 487                        /snap/android-studio/209/jbr/lib/libjli.so
7bfa8412f000-7bfa8413e000 r-xp 00008000 07:00 487                        /snap/android-studio/209/jbr/lib/libjli.so
7bfa8413e000-7bfa8413f000 r--p 00016000 07:00 487                        /snap/android-studio/209/jbr/lib/libjli.so
7bfa8413f000-7bfa84140000 rw-p 00016000 07:00 487                        /snap/android-studio/209/jbr/lib/libjli.so
7bfa84140000-7bfa84142000 rw-p 00000000 00:00 0 
7bfa84142000-7bfa84144000 r--p 00000000 00:00 0                          [vvar]
7bfa84144000-7bfa84146000 r--p 00000000 00:00 0                          [vvar_vclock]
7bfa84146000-7bfa84148000 r-xp 00000000 00:00 0                          [vdso]
7bfa84148000-7bfa84149000 r--p 00000000 08:02 22566976                   /usr/lib/x86_64-linux-gnu/ld-linux-x86-64.so.2
7bfa84149000-7bfa84174000 r-xp 00001000 08:02 22566976                   /usr/lib/x86_64-linux-gnu/ld-linux-x86-64.so.2
7bfa84174000-7bfa8417e000 r--p 0002c000 08:02 22566976                   /usr/lib/x86_64-linux-gnu/ld-linux-x86-64.so.2
7bfa8417e000-7bfa84180000 r--p 00036000 08:02 22566976                   /usr/lib/x86_64-linux-gnu/ld-linux-x86-64.so.2
7bfa84180000-7bfa84182000 rw-p 00038000 08:02 22566976                   /usr/lib/x86_64-linux-gnu/ld-linux-x86-64.so.2
7ffd54d4c000-7ffd54d6d000 rw-p 00000000 00:00 0                          [stack]
ffffffffff600000-ffffffffff601000 --xp 00000000 00:00 0                  [vsyscall]
Total number of mappings: 288


VM Arguments:
jvm_args: -Dawt.toolkit.name=XToolkit 
java_command: org.jetbrains.kotlin.cli.jvm.K2JVMCompiler @/home/llirikh/AndroidStudioProjects/News/app/build/20260116_12316130799909893597.compiler.options
java_class_path (initial): /home/llirikh/.gradle/caches/modules-2/files-2.1/org.jetbrains.kotlin/kotlin-compiler-embeddable/2.2.0/8cfa2b049a4006d94474296df4abd9b50f288821/kotlin-compiler-embeddable-2.2.0.jar:/home/llirikh/.gradle/caches/modules-2/files-2.1/org.jetbrains.kotlin/kotlin-stdlib/2.2.0/fdfc65fbc42fda253a26f61dac3c0aca335fae96/kotlin-stdlib-2.2.0.jar:/home/llirikh/.gradle/caches/modules-2/files-2.1/org.jetbrains.kotlin/kotlin-script-runtime/2.2.0/87c92e866fcd68680966a3005a2992e1ab8ec6ad/kotlin-script-runtime-2.2.0.jar:/home/llirikh/.gradle/caches/modules-2/files-2.1/org.jetbrains.kotlin/kotlin-reflect/1.6.10/1cbe9c92c12a94eea200d23c2bbaedaf3daf5132/kotlin-reflect-1.6.10.jar:/home/llirikh/.gradle/caches/modules-2/files-2.1/org.jetbrains.kotlin/kotlin-daemon-embeddable/2.2.0/58d92195dcdb0e33a63d3ae0eaa7efe42851e735/kotlin-daemon-embeddable-2.2.0.jar:/home/llirikh/.gradle/caches/modules-2/files-2.1/org.jetbrains.kotlinx/kotlinx-coroutines-core-jvm/1.8.0/ac1dc37a30a93150b704022f8d895ee1bd3a36b3/kotlinx-coroutines-core-jvm-1.8.0.jar:/home/llirikh/.gradle/caches/modules-2/files-2.1/org.jetbrains/annotations/13.0/919f0dfe192fb4e063e7dacadee7f8bb9a2672a9/annotations-13.0.jar
Launcher Type: SUN_STANDARD

[Global flags]
     intx CICompilerCount                          = 4                                         {product} {ergonomic}
     uint ConcGCThreads                            = 2                                         {product} {ergonomic}
     uint G1ConcRefinementThreads                  = 8                                         {product} {ergonomic}
   size_t G1HeapRegionSize                         = 4194304                                   {product} {ergonomic}
    uintx GCDrainStackTargetSize                   = 64                                        {product} {ergonomic}
   size_t InitialHeapSize                          = 327155712                                 {product} {ergonomic}
   size_t MarkStackSize                            = 4194304                                   {product} {ergonomic}
   size_t MaxHeapSize                              = 5192548352                                {product} {ergonomic}
   size_t MaxNewSize                               = 3112173568                                {product} {ergonomic}
   size_t MinHeapDeltaBytes                        = 4194304                                   {product} {ergonomic}
   size_t MinHeapSize                              = 8388608                                   {product} {ergonomic}
    uintx NonNMethodCodeHeapSize                   = 5839372                                {pd product} {ergonomic}
    uintx NonProfiledCodeHeapSize                  = 122909434                              {pd product} {ergonomic}
    uintx ProfiledCodeHeapSize                     = 122909434                              {pd product} {ergonomic}
    uintx ReservedCodeCacheSize                    = 251658240                              {pd product} {ergonomic}
     bool SegmentedCodeCache                       = true                                      {product} {ergonomic}
   size_t SoftMaxHeapSize                          = 5192548352                             {manageable} {ergonomic}
     bool UseCompressedOops                        = true                           {product lp64_product} {ergonomic}
     bool UseG1GC                                  = true                                      {product} {ergonomic}

Logging:
Log output configuration:
 #0: stdout all=warning uptime,level,tags foldmultilines=false
 #1: stderr all=off uptime,level,tags foldmultilines=false

Environment Variables:
PATH=/home/llirikh/.local/bin:/usr/local/sbin:/usr/local/bin:/usr/sbin:/usr/bin:/sbin:/bin:/usr/games:/usr/local/games:/snap/bin:/snap/bin
USERNAME=llirikh
SHELL=/bin/bash
DISPLAY=:0
LANG=en_US.UTF-8

Active Locale:
LC_ALL=en_US.UTF-8
LC_COLLATE=en_US.UTF-8
LC_CTYPE=en_US.UTF-8
LC_MESSAGES=en_US.UTF-8
LC_MONETARY=en_US.UTF-8
LC_NUMERIC=en_US.UTF-8
LC_TIME=en_US.UTF-8

Signal Handlers:
   SIGSEGV: crash_handler in libjvm.so, mask=11100100010111111101111111111110, flags=SA_RESTART|SA_SIGINFO, unblocked
    SIGBUS: crash_handler in libjvm.so, mask=11100100010111111101111111111110, flags=SA_RESTART|SA_SIGINFO, unblocked
    SIGFPE: crash_handler in libjvm.so, mask=11100100010111111101111111111110, flags=SA_RESTART|SA_SIGINFO, unblocked
   SIGPIPE: javaSignalHandler in libjvm.so, mask=11100100010111111101111111111110, flags=SA_RESTART|SA_SIGINFO, blocked
   SIGXFSZ: javaSignalHandler in libjvm.so, mask=11100100010111111101111111111110, flags=SA_RESTART|SA_SIGINFO, blocked
    SIGILL: crash_handler in libjvm.so, mask=11100100010111111101111111111110, flags=SA_RESTART|SA_SIGINFO, unblocked
   SIGUSR2: SR_handler in libjvm.so, mask=00000000000000000000000000000000, flags=SA_RESTART|SA_SIGINFO, blocked
    SIGHUP: UserHandler in libjvm.so, mask=11100100010111111101111111111110, flags=SA_RESTART|SA_SIGINFO, blocked
    SIGINT: UserHandler in libjvm.so, mask=11100100010111111101111111111110, flags=SA_RESTART|SA_SIGINFO, blocked
   SIGTERM: UserHandler in libjvm.so, mask=11100100010111111101111111111110, flags=SA_RESTART|SA_SIGINFO, blocked
   SIGQUIT: UserHandler in libjvm.so, mask=11100100010111111101111111111110, flags=SA_RESTART|SA_SIGINFO, blocked
   SIGTRAP: crash_handler in libjvm.so, mask=11100100010111111101111111111110, flags=SA_RESTART|SA_SIGINFO, unblocked


Periodic native trim disabled

JNI global refs:
JNI global refs: 14, weak refs: 17

JNI global refs memory usage: 859, weak refs: 857

Process memory usage:
Resident Set Size: 408636K (2% of 20274404K total physical memory with 7491984K free physical memory)

OOME stack traces (most recent first):
Classloader memory used:
Loader jdk.internal.loader.ClassLoaders$AppClassLoader                                 : 57044K
Loader bootstrap                                                                       : 11717K
Loader java.net.URLClassLoader                                                         : 747K

---------------  S Y S T E M  ---------------

OS:
DISTRIB_ID=Ubuntu
DISTRIB_RELEASE=24.04
DISTRIB_CODENAME=noble
DISTRIB_DESCRIPTION="Ubuntu 24.04.3 LTS"
uname: Linux 6.14.0-37-generic #37~24.04.1-Ubuntu SMP PREEMPT_DYNAMIC Thu Nov 20 10:25:38 UTC 2 x86_64
OS uptime: 0 days 1:09 hours
libc: glibc 2.39 NPTL 2.39 
rlimit (soft/hard): STACK 8192k/infinity , CORE 0k/infinity , NPROC 78572/78572 , NOFILE 1048576/1048576 , AS infinity/infinity , CPU infinity/infinity , DATA infinity/infinity , FSIZE infinity/infinity , MEMLOCK 2534300k/2534300k
load average: 5.28 5.47 3.91

/proc/meminfo:
MemTotal:       20274404 kB
MemFree:          278216 kB
MemAvailable:    7491692 kB
Buffers:          172848 kB
Cached:          7524976 kB
SwapCached:        18248 kB
Active:         11971892 kB
Inactive:        6825908 kB
Active(anon):   10278372 kB
Inactive(anon):  1388784 kB
Active(file):    1693520 kB
Inactive(file):  5437124 kB
Unevictable:      130556 kB
Mlocked:             192 kB
SwapTotal:       8388604 kB
SwapFree:        8201484 kB
Zswap:                 0 kB
Zswapped:              0 kB
Dirty:            202380 kB
Writeback:             0 kB
AnonPages:      11218732 kB
Mapped:          3966992 kB
Shmem:            567192 kB
KReclaimable:     457028 kB
Slab:             805408 kB
SReclaimable:     457028 kB
SUnreclaim:       348380 kB
KernelStack:       25968 kB
PageTables:        72016 kB
SecPageTables:      8500 kB
NFS_Unstable:          0 kB
Bounce:                0 kB
WritebackTmp:          0 kB
CommitLimit:    18525804 kB
Committed_AS:   26656564 kB
VmallocTotal:   34359738367 kB
VmallocUsed:       75756 kB
VmallocChunk:          0 kB
Percpu:             8448 kB
HardwareCorrupted:     0 kB
AnonHugePages:      2048 kB
ShmemHugePages:   401408 kB
ShmemPmdMapped:        0 kB
FileHugePages:         0 kB
FilePmdMapped:         0 kB
Unaccepted:            0 kB
HugePages_Total:       0
HugePages_Free:        0
HugePages_Rsvd:        0
HugePages_Surp:        0
Hugepagesize:       2048 kB
Hugetlb:               0 kB
DirectMap4k:      284352 kB
DirectMap2M:     5801984 kB
DirectMap1G:    14680064 kB

/sys/kernel/mm/transparent_hugepage/enabled: always [madvise] never
/sys/kernel/mm/transparent_hugepage/hpage_pmd_size: 2097152
/sys/kernel/mm/transparent_hugepage/defrag (defrag/compaction efforts parameter): always defer defer+madvise [madvise] never

Process Memory:
Virtual Size: 8560308K (peak: 8561408K)
Resident Set Size: 408752K (peak: 408752K) (anon: 361500K, file: 47252K, shmem: 0K)
Swapped out: 0K
C-Heap outstanding allocations: 113496K, retained: 15923K
glibc malloc tunables: (default)

/proc/sys/kernel/threads-max (system-wide limit on the number of threads): 157144
/proc/sys/vm/max_map_count (maximum number of memory map areas a process may have): 1048576
/proc/sys/vm/swappiness (control to define how aggressively the kernel swaps out anonymous memory): 60
/proc/sys/kernel/pid_max (system-wide limit on number of process identifiers): 4194304

container (cgroup) information:
container_type: cgroupv2
cpu_cpuset_cpus: not supported
cpu_memory_nodes: not supported
active_processor_count: 8
cpu_quota: not supported
cpu_period: not supported
cpu_shares: not supported
memory_limit_in_bytes: unlimited
memory_and_swap_limit_in_bytes: unlimited
memory_soft_limit_in_bytes: unlimited
memory_usage_in_bytes: 15947788 k
memory_max_usage_in_bytes: not supported
memory_swap_current_in_bytes: unlimited
memory_swap_max_limit_in_bytes: unlimited
maximum number of tasks: 23571
current number of tasks: 571

Steal ticks since vm start: 0
Steal ticks percentage since vm start:  0.000

CPU: total 8 (initial active 8) (4 cores per cpu, 2 threads per core) family 6 model 140 stepping 1 microcode 0xbc, cx8, cmov, fxsr, ht, mmx, 3dnowpref, sse, sse2, sse3, ssse3, sse4.1, sse4.2, popcnt, lzcnt, tsc, tscinvbit, avx, avx2, aes, erms, clmul, bmi1, bmi2, adx, avx512f, avx512dq, avx512cd, avx512bw, avx512vl, sha, fma, vzeroupper, avx512_vpopcntdq, avx512_vpclmulqdq, avx512_vaes, avx512_vnni, clflush, clflushopt, clwb, avx512_vbmi2, avx512_vbmi, rdtscp, rdpid, fsrm, gfni, avx512_bitalg, f16c, pku, ospke, cet_ibt, cet_ss, avx512_ifma
CPU Model and flags from /proc/cpuinfo:
model name	: 11th Gen Intel(R) Core(TM) i5-1135G7 @ 2.40GHz
flags		: fpu vme de pse tsc msr pae mce cx8 apic sep mtrr pge mca cmov pat pse36 clflush dts acpi mmx fxsr sse sse2 ss ht tm pbe syscall nx pdpe1gb rdtscp lm constant_tsc art arch_perfmon pebs bts rep_good nopl xtopology nonstop_tsc cpuid aperfmperf tsc_known_freq pni pclmulqdq dtes64 monitor ds_cpl vmx est tm2 ssse3 sdbg fma cx16 xtpr pdcm pcid sse4_1 sse4_2 x2apic movbe popcnt tsc_deadline_timer aes xsave avx f16c rdrand lahf_lm abm 3dnowprefetch cpuid_fault epb cat_l2 cdp_l2 ssbd ibrs ibpb stibp ibrs_enhanced tpr_shadow flexpriority ept vpid ept_ad fsgsbase tsc_adjust bmi1 avx2 smep bmi2 erms invpcid rdt_a avx512f avx512dq rdseed adx smap avx512ifma clflushopt clwb intel_pt avx512cd sha_ni avx512bw avx512vl xsaveopt xsavec xgetbv1 xsaves split_lock_detect user_shstk dtherm ida arat pln pts hwp hwp_notify hwp_act_window hwp_epp hwp_pkg_req vnmi avx512vbmi umip pku ospke avx512_vbmi2 gfni vaes vpclmulqdq avx512_vnni avx512_bitalg avx512_vpopcntdq rdpid movdiri movdir64b fsrm avx512_vp2intersect md_clear ibt flush_l1d arch_capabilities

Online cpus: 0-7
Offline cpus: 
BIOS frequency limitation: <Not Available>
Frequency switch latency (ns): 0
Available cpu frequencies: <Not Available>
Current governor: powersave
Core performance/turbo boost: <Not Available>

Memory: 4k page, physical 20274404k(7491692k free), swap 8388604k(8201484k free)
Page Sizes: 4k

vm_info: OpenJDK 64-Bit Server VM (21.0.7+-13880790-b1038.58) for linux-amd64 JRE (21.0.7+-13880790-b1038.58), built on 2025-08-04T20:54:25Z by "builder" with clang Android (13290119, +pgo, +bolt, +lto, +mlgo, based on r547379) Clang 20.0.0 (https://android.googlesource.com/toolchain/llvm-project b718bcaf8c198c82f3021447d943401e3ab5bd54)

END.
