#
# A fatal error has been detected by the Java Runtime Environment:
#
#  SIGSEGV (0xb) at pc=0x000072f813b964c4, pid=55020, tid=55042
#
# JRE version: OpenJDK Runtime Environment (21.0.7) (build 21.0.7+-13880790-b1038.58)
# Java VM: OpenJDK 64-Bit Server VM (21.0.7+-13880790-b1038.58, mixed mode, tiered, compressed oops, compressed class ptrs, g1 gc, linux-amd64)
# Problematic frame:
# V  [libjvm.so+0x9db4c4]  void G1ParScanThreadState::do_oop_evac<narrowOop>(narrowOop*)+0x54
#
# Core dump will be written. Default location: Core dumps may be processed with "/usr/share/apport/apport -p%p -s%s -c%c -d%d -P%P -u%u -g%g -F%F -- %E" (or dumping to /home/llirikh/AndroidStudioProjects/News/core.55020)
#
# If you would like to submit a bug report, please visit:
#   https://youtrack.jetbrains.com/issues/JBR
#

---------------  S U M M A R Y ------------

Command Line: -Dawt.toolkit.name=XToolkit org.jetbrains.kotlin.cli.jvm.K2JVMCompiler @/home/llirikh/AndroidStudioProjects/News/app/build/20260116_6296635498511055889.compiler.options

Host: 11th Gen Intel(R) Core(TM) i5-1135G7 @ 2.40GHz, 8 cores, 19G, Ubuntu 24.04.3 LTS
Time: Fri Jan 16 03:07:24 2026 MSK elapsed time: 8.645424 seconds (0d 0h 0m 8s)

---------------  T H R E A D  ---------------

Current thread (0x000072f7cc008d40):  WorkerThread "GC Thread#2"    [id=55042, stack(0x000072f7e5b00000,0x000072f7e5c00000) (1024K)]

Stack: [0x000072f7e5b00000,0x000072f7e5c00000],  sp=0x000072f7e5bfea00,  free space=1018k
Native frames: (J=compiled Java code, j=interpreted, Vv=VM code, C=native code)
V  [libjvm.so+0x9db4c4]  void G1ParScanThreadState::do_oop_evac<narrowOop>(narrowOop*)+0x54
V  [libjvm.so+0x9d860b]  G1ParScanThreadState::trim_queue_to_threshold(unsigned int)+0x9b
V  [libjvm.so+0x9f29ef]  void G1ParCopyClosure<(G1Barrier)1, false>::do_oop_work<oopDesc*>(oopDesc**)+0x27f
V  [libjvm.so+0x83e8bb]  ClassLoaderData::oops_do(OopClosure*, int, bool)+0x9b
V  [libjvm.so+0x9d71dc]  G1CLDScanClosure::do_cld(ClassLoaderData*)+0x3c
V  [libjvm.so+0x841ed3]  ClassLoaderDataGraph::roots_cld_do(CLDClosure*, CLDClosure*)+0x43
V  [libjvm.so+0x9f49be]  G1RootProcessor::process_java_roots(G1RootClosures*, G1GCPhaseTimes*, unsigned int)+0xbe
V  [libjvm.so+0x9f486f]  G1RootProcessor::evacuate_roots(G1ParScanThreadState*, unsigned int)+0x5f
V  [libjvm.so+0xa026fe]  G1EvacuateRegionsTask::scan_roots(G1ParScanThreadState*, unsigned int)+0x1e
V  [libjvm.so+0xa02601]  G1EvacuateRegionsBaseTask::work(unsigned int)+0x81
V  [libjvm.so+0x10c9794]  WorkerThread::run()+0x84
V  [libjvm.so+0x101381e]  Thread::call_run()+0xae
V  [libjvm.so+0xe60c14]  thread_native_entry(Thread*)+0x114
C  [libc.so.6+0x9caa4]

siginfo: si_signo: 11 (SIGSEGV), si_code: 1 (SEGV_MAPERR), si_addr: 0x00000006975033d0

Registers:
RAX=0x0000000000000003, RBX=0x0000000000000000, RCX=0x000072f80c04d7ac, RDX=0x0000000000000000
RSP=0x000072f7e5bfea00, RBP=0x000072f7e5bfea70, RSI=0x000072f80c03efc0, RDI=0x0000000000001a5d
R8 =0x000072f798005440, R9 =0x000072f81436b410, R10=0x0000000000000000, R11=0x0000000000000000
R12=0x000072f80c047a60, R13=0x00000006d61763c4, R14=0x000072f798005440, R15=0x00000006975033d0
RIP=0x000072f813b964c4, EFLAGS=0x0000000000010246, CSGSFS=0x002b000000000033, ERR=0x0000000000000004
  TRAPNO=0x000000000000000e

XMM[0]=0x0000000000000000 0x0000000000000000
XMM[1]=0x0000000000000000 0x40d0644000000000
XMM[2]=0x0000000000000000 0x41cdcd6500000000
XMM[3]=0x0000000000000003 0x0000000000000004
XMM[4]=0x0000000000000000 0x000072f7a0000090
XMM[5]=0x4700000047000000 0x4700000047000000
XMM[6]=0x0000000800000008 0x0000000800000008
XMM[7]=0x4700000747000006 0x4700000500000000
XMM[8]=0x4700000347000002 0x4700000147000000
XMM[9]=0x4700000947000001 0x470000022fffffff
XMM[10]=0x4700000347000002 0x4700000147000000
XMM[11]=0x4700000747000006 0x470000052fffffff
XMM[12]=0x4700000347000002 0x4700000147000000
XMM[13]=0x0000000000000000 0x0000000000000000
XMM[14]=0x0000000000000000 0x0000000000000000
XMM[15]=0x0000000000000000 0x0000000000000000
  MXCSR=0x00001fa3


Register to memory mapping:

RAX=0x0000000000000003 is an unknown value
RBX=0x0 is null
RCX=0x000072f80c04d7ac points into unknown readable memory: 00 00 00 00
RDX=0x0 is null
RSP=0x000072f7e5bfea00 points into unknown readable memory: 0x000000000000053c | 3c 05 00 00 00 00 00 00
RBP=0x000072f7e5bfea70 points into unknown readable memory: 0x000072f7e5bfeab0 | b0 ea bf e5 f7 72 00 00
RSI=0x000072f80c03efc0 points into unknown readable memory: 0x000072f81434c9f8 | f8 c9 34 14 f8 72 00 00
RDI=0x0000000000001a5d is an unknown value
R8 =0x000072f798005440 points into unknown readable memory: 0x000072f81434e0e0 | e0 e0 34 14 f8 72 00 00
R9 =0x000072f81436b410: <offset 0x00000000011b0410> in /snap/android-studio/209/jbr/lib/server/libjvm.so at 0x000072f8131bb000
R10=0x0 is null
R11=0x0 is null
R12=0x000072f80c047a60 points into unknown readable memory: 0x0000000000000000 | 00 00 00 00 00 00 00 00
R13=
[error occurred during error reporting (printing register info), id 0xb, SIGSEGV (0xb) at pc=0x000072f813b506ce]
R14=0x000072f798005440 points into unknown readable memory: 0x000072f81434e0e0 | e0 e0 34 14 f8 72 00 00
R15=0x00000006975033d0 is an unknown value

Top of Stack: (sp=0x000072f7e5bfea00)
0x000072f7e5bfea00:   000000000000053c 000072f80c0aedc0
0x000072f7e5bfea10:   0000000000000000 0000000100000000
0x000072f7e5bfea20:   0000000800929c78 0000000000000001
0x000072f7e5bfea30:   00000006d617640c 000072f798005440
0x000072f7e5bfea40:   0001002a00000076 0000000000000040
0x000072f7e5bfea50:   000072f80c047a60 0000000000000001
0x000072f7e5bfea60:   000072f798005440 ffffffff00000000
0x000072f7e5bfea70:   000072f7e5bfeab0 000072f813b9360b
0x000072f7e5bfea80:   0000000201d3a6c3 000072f798005440
0x000072f7e5bfea90:   000000000000001b 0000000000000001
0x000072f7e5bfeaa0:   0000000201d3a6c3 00000004dad5dc3f
0x000072f7e5bfeab0:   000072f7e5bfeaf0 000072f813bad9ef
0x000072f7e5bfeac0:   000072f81434e4f0 000072f78c005088
0x000072f7e5bfead0:   000000000000001b 0000000000000001
0x000072f7e5bfeae0:   000072f80ea52d78 000072f80ea52d50
0x000072f7e5bfeaf0:   000072f7e5bfeb20 000072f8139f98bb
0x000072f7e5bfeb00:   000072f78c0050e8 000072f8102f70f8
0x000072f7e5bfeb10:   000072f78c0050e8 000072f80c0d99b0
0x000072f7e5bfeb20:   000072f7e5bfeb50 000072f813b921dc
0x000072f7e5bfeb30:   000072f78c0050e8 000072f8102f70f8
0x000072f7e5bfeb40:   000072f78c0050e8 000072f80c0d99b0
0x000072f7e5bfeb50:   000072f7e5bfeb80 000072f8139fced3
0x000072f7e5bfeb60:   000072f78c0050e8 000072f78c005050
0x000072f7e5bfeb70:   000072f7e5bfeb90 000072f78c0050e8
0x000072f7e5bfeb80:   000072f7e5bfec20 000072f813baf9be
0x000072f7e5bfeb90:   000072f81434daf8 0000000201c733fa
0x000072f7e5bfeba0:   00000004dab7bee2 000072f800000005
0x000072f7e5bfebb0:   000072f7cc001800 000072f800000001
0x000072f7e5bfebc0:   0000000000000000 0000000000000000
0x000072f7e5bfebd0:   000072f7e5000000 000072f8141db95f
0x000072f7e5bfebe0:   000072f81434db18 000072f7e5bfec00
0x000072f7e5bfebf0:   00000001e5bfec20 000072f8102f70f0 

Instructions: (pc=0x000072f813b964c4)
0x000072f813b963c4:   00 48 8b 83 00 02 00 00 4c 89 ee 48 8b 7d d0 48
0x000072f813b963d4:   89 30 48 83 83 00 02 00 00 08 83 7f 20 01 74 47
0x000072f813b963e4:   45 84 f6 74 42 48 8d 05 4c 7b 7f 00 0f b6 08 48
0x000072f813b963f4:   d3 ee 48 8b 5f 18 48 8b 43 60 48 03 70 30 48 8b
0x000072f813b96404:   40 28 48 29 c6 48 39 b3 b8 01 00 00 74 19 48 8d
0x000072f813b96414:   7b 18 48 01 f0 49 89 f6 48 89 c6 e8 1c 78 00 00
0x000072f813b96424:   4c 89 b3 b8 01 00 00 48 83 c4 08 5b 41 5c 41 5d
0x000072f813b96434:   41 5e 41 5f 5d c3 cc cc cc cc cc cc 55 48 89 e5
0x000072f813b96444:   b8 01 00 00 00 5d c3 cc cc cc cc cc 55 48 89 e5
0x000072f813b96454:   0f 57 c0 0f 11 47 14 0f 11 47 08 5d c3 cc cc cc
0x000072f813b96464:   cc cc cc cc cc cc cc cc cc cc cc cc 55 48 89 e5
0x000072f813b96474:   41 57 41 56 41 55 41 54 53 48 83 ec 48 49 89 f5
0x000072f813b96484:   49 89 f8 44 8b 3e 48 8d 05 7f 4f 7d 00 48 8b 10
0x000072f813b96494:   8b 40 08 89 c1 49 d3 e7 49 01 d7 48 8b 77 08 0f
0x000072f813b964a4:   b6 8e b8 05 00 00 4c 89 ff 48 d3 ef 48 8b 8e a8
0x000072f813b964b4:   05 00 00 0f b7 1c 79 66 85 db 0f 88 87 06 00 00
0x000072f813b964c4:   4d 8b 27 45 89 e6 41 83 e6 03 49 83 fe 03 75 0c
0x000072f813b964d4:   49 83 e4 fc 4c 89 e3 e9 cc 05 00 00 48 8d 05 29
0x000072f813b964e4:   55 7d 00 0f b6 00 3c 01 4c 89 6d c0 75 17 41 8b
0x000072f813b964f4:   7f 08 48 8d 15 23 4f 7d 00 0f b6 4a 08 48 d3 e7
0x000072f813b96504:   48 03 3a eb 04 49 8b 7f 08 44 8b 6f 08 45 85 ed
0x000072f813b96514:   4c 89 45 c8 48 89 7d b0 7e 0c 41 f6 c5 01 75 0b
0x000072f813b96524:   41 c1 ed 03 eb 51 45 85 ed 78 15 48 8b 07 4c 89
0x000072f813b96534:   fe ff 90 00 01 00 00 4c 8b 45 c8 49 89 c5 eb 37
0x000072f813b96544:   34 01 0f b6 c0 49 63 44 87 0c 44 89 e9 48 d3 e0
0x000072f813b96554:   41 c1 ed 10 41 0f b6 cd 48 01 c1 48 8d 05 92 52
0x000072f813b96564:   7d 00 48 63 00 48 01 c1 48 ff c9 f7 d8 4c 63 e8
0x000072f813b96574:   49 21 cd 49 c1 ed 03 4c 89 65 b8 0f b7 c3 89 45
0x000072f813b96584:   ac 3d ff 00 00 00 77 50 48 8d 05 39 5c 7d 00 31
0x000072f813b96594:   c9 41 83 fe 02 0f 94 c1 31 d2 41 f6 c4 01 0f 94
0x000072f813b965a4:   c2 83 38 02 0f 44 d1 4d 89 e6 80 fa 01 75 10 48
0x000072f813b965b4:   8d 7d b8 e8 64 1f 3f 00 4c 8b 45 c8 49 89 c6 41 


Stack slot to memory mapping:

stack at sp + 0 slots: 0x000000000000053c is an unknown value
stack at sp + 1 slots: 0x000072f80c0aedc0 points into unknown readable memory: 0x00000006d7400000 | 00 00 40 d7 06 00 00 00
stack at sp + 2 slots: 0x0 is null
stack at sp + 3 slots: 0x0000000100000000 is an unknown value
stack at sp + 4 slots: 0x0000000800929c78 is a pointer to class: 
org.jetbrains.kotlin.resolve.diagnostics.Diagnostics$Companion$EMPTY$1 {0x0000000800929c78}
 - instance size:     2
 - klass size:        98
 - access:            public final synchronized 
 - flags:             rewritten has_nonstatic_fields should_verify_class has_nonstatic_concrete_methods has_localvariable_table has_miranda_methods 
 - state:             fully_initialized
 - name:              'org/jetbrains/kotlin/resolve/diagnostics/Diagnostics$Companion$EMPTY$1'
 - super:             'java/lang/Object'
 - sub:               
 - arrays:            null
 - methods:           Array<T>(0x000072f7768719e8)
 - method ordering:   Array<T>(0x000072f7d4000018)
 - default_methods:   Array<T>(0x000072f776878098)
 - default vtable indices:   Array<T>(0x000072f7768780d8)
 - local interfaces:  Array<T>(0x000072f7768719d8)
 - trans. interfaces: Array<T>(0x000072f776878060)
 - constants:         constant pool [86] {0x000072f776871698} for 
[error occurred during error reporting (inspecting top of stack), id 0xb, SIGSEGV (0xb) at pc=0x000072f813a617ec]
stack at sp + 5 slots: 0x0000000000000001 is an unknown value
stack at sp + 6 slots: 
[error occurred during error reporting (inspecting top of stack, attempt 2), id 0xb, SIGSEGV (0xb) at pc=0x000072f813b50740]
stack at sp + 7 slots: 0x000072f798005440 points into unknown readable memory: 0x000072f81434e0e0 | e0 e0 34 14 f8 72 00 00


---------------  P R O C E S S  ---------------

Threads class SMR info:
_java_thread_list=0x000072f7b80d9210, length=12, elements={
0x000072f80c02b6c0, 0x000072f80c1a2850, 0x000072f80c1aed80, 0x000072f80c1aff40,
0x000072f80c1b17c0, 0x000072f80c1b2e00, 0x000072f80c1bc610, 0x000072f80c1bdb30,
0x000072f80c1c71d0, 0x000072f80c263800, 0x000072f7b80d6db0, 0x000072f7b80d80b0
}

Java Threads: ( => current thread )
  0x000072f80c02b6c0 JavaThread "main"                              [_thread_blocked, id=55022, stack(0x000072f8130bb000,0x000072f8131bb000) (1024K)]
  0x000072f80c1a2850 JavaThread "Common-Cleaner"             daemon [_thread_blocked, id=55030, stack(0x000072f8100f8000,0x000072f8101f8000) (1024K)]
  0x000072f80c1aed80 JavaThread "Reference Handler"          daemon [_thread_blocked, id=55031, stack(0x000072f7f4fa0000,0x000072f7f50a0000) (1024K)]
  0x000072f80c1aff40 JavaThread "Finalizer"                  daemon [_thread_blocked, id=55032, stack(0x000072f7f4900000,0x000072f7f4a00000) (1024K)]
  0x000072f80c1b17c0 JavaThread "Signal Dispatcher"          daemon [_thread_blocked, id=55033, stack(0x000072f7f4800000,0x000072f7f4900000) (1024K)]
  0x000072f80c1b2e00 JavaThread "Service Thread"             daemon [_thread_blocked, id=55034, stack(0x000072f7f4700000,0x000072f7f4800000) (1024K)]
  0x000072f80c1bc610 JavaThread "Monitor Deflation Thread"   daemon [_thread_blocked, id=55035, stack(0x000072f7f4600000,0x000072f7f4700000) (1024K)]
  0x000072f80c1bdb30 JavaThread "C2 CompilerThread0"         daemon [_thread_blocked, id=55036, stack(0x000072f7f4500000,0x000072f7f4600000) (1024K)]
  0x000072f80c1c71d0 JavaThread "C1 CompilerThread0"         daemon [_thread_blocked, id=55037, stack(0x000072f7f4400000,0x000072f7f4500000) (1024K)]
  0x000072f80c263800 JavaThread "Notification Thread"        daemon [_thread_blocked, id=55038, stack(0x000072f7f4300000,0x000072f7f4400000) (1024K)]
  0x000072f7b80d6db0 JavaThread "C2 CompilerThread1"         daemon [_thread_blocked, id=55039, stack(0x000072f7f4200000,0x000072f7f4300000) (1024K)]
  0x000072f7b80d80b0 JavaThread "C2 CompilerThread2"         daemon [_thread_blocked, id=55040, stack(0x000072f7f4100000,0x000072f7f4200000) (1024K)]
Total: 12

Other Threads:
  0x000072f80c0e3260 VMThread "VM Thread"                           [id=55029, stack(0x000072f8101f9000,0x000072f8102f9000) (1024K)]
  0x000072f80c0d7b80 WatcherThread "VM Periodic Task Thread"        [id=55028, stack(0x000072f81031a000,0x000072f81041a000) (1024K)]
  0x000072f80c0518e0 WorkerThread "GC Thread#0"                     [id=55023, stack(0x000072f81125e000,0x000072f81135e000) (1024K)]
  0x000072f7cc0082a0 WorkerThread "GC Thread#1"                     [id=55041, stack(0x000072f7e5f00000,0x000072f7e6000000) (1024K)]
=>0x000072f7cc008d40 WorkerThread "GC Thread#2"                     [id=55042, stack(0x000072f7e5b00000,0x000072f7e5c00000) (1024K)]
  0x000072f7cc009820 WorkerThread "GC Thread#3"                     [id=55043, stack(0x000072f7e59ff000,0x000072f7e5aff000) (1024K)]
  0x000072f7cc00a300 WorkerThread "GC Thread#4"                     [id=55044, stack(0x000072f7e58fe000,0x000072f7e59fe000) (1024K)]
  0x000072f7cc00ade0 WorkerThread "GC Thread#5"                     [id=55045, stack(0x000072f7e57fd000,0x000072f7e58fd000) (1024K)]
  0x000072f7cc00b8f0 WorkerThread "GC Thread#6"                     [id=55046, stack(0x000072f7e56fc000,0x000072f7e57fc000) (1024K)]
  0x000072f7cc011440 WorkerThread "GC Thread#7"                     [id=55047, stack(0x000072f7e55fb000,0x000072f7e56fb000) (1024K)]
  0x000072f80c05c9b0 ConcurrentGCThread "G1 Main Marker"            [id=55024, stack(0x000072f81115d000,0x000072f81125d000) (1024K)]
  0x000072f80c05d950 WorkerThread "G1 Conc#0"                       [id=55025, stack(0x000072f81105c000,0x000072f81115c000) (1024K)]
  0x000072f7e8000d60 WorkerThread "G1 Conc#1"                       [id=55048, stack(0x000072f7e54fa000,0x000072f7e55fa000) (1024K)]
  0x000072f80c0c7470 ConcurrentGCThread "G1 Refine#0"               [id=55026, stack(0x000072f810753000,0x000072f810853000) (1024K)]
  0x000072f80c0c8420 ConcurrentGCThread "G1 Service"                [id=55027, stack(0x000072f810652000,0x000072f810752000) (1024K)]
Total: 15

Threads with active compile tasks:
C2 CompilerThread0  8650 11311       4       org.jetbrains.kotlin.fir.lazy.Fir2IrLazySimpleFunction::getOverriddenSymbols (19 bytes)
C1 CompilerThread0  8650 11305       3       org.jetbrains.kotlin.backend.common.lower.DefaultArgumentFunctionFactory::generateDefaultsFunction (605 bytes)
C2 CompilerThread1  8650 11304       4       org.jetbrains.kotlin.ir.IrAttributeKt::get (21 bytes)
C2 CompilerThread2  8650 11302       4       org.jetbrains.kotlin.ir.util.IrUtilsKt::copyAnnotations (142 bytes)
Total: 4

VM state: at safepoint (normal execution)

VM Mutex/Monitor currently owned by a thread:  ([mutex/lock_event])
[0x000072f8143ba450] Threads_lock - owner thread: 0x000072f80c0e3260
[0x000072f8143ba550] Heap_lock - owner thread: 0x000072f80c02b6c0

Heap address: 0x00000006ca800000, size: 4952 MB, Compressed Oops mode: Zero based, Oop shift amount: 3

CDS archive(s) not mapped
Compressed class space mapped at: 0x0000000800000000-0x0000000840000000, reserved size: 1073741824
Narrow klass base: 0x0000000800000000, Narrow klass shift: 0, Narrow klass range: 0x40000000

GC Precious Log:
 CardTable entry size: 512
 Card Set container configuration: InlinePtr #cards 4 size 8 Array Of Cards #cards 32 size 80 Howl #buckets 8 coarsen threshold 7372 Howl Bitmap #cards 1024 size 144 coarsen threshold 921 Card regions per heap region 1 cards per card region 8192
 CPUs: 8 total, 8 available
 Memory: 19799M
 Large Page Support: Disabled
 NUMA Support: Disabled
 Compressed Oops: Enabled (Zero based)
 Heap Region Size: 4M
 Heap Min Capacity: 8M
 Heap Initial Capacity: 312M
 Heap Max Capacity: 4952M
 Pre-touch: Disabled
 Parallel Workers: 8
 Concurrent Workers: 2
 Concurrent Refinement Workers: 8
 Periodic GC: Disabled

Heap:
 garbage-first heap   total 221184K, used 159547K [0x00000006ca800000, 0x0000000800000000)
  region size 4096K, 8 young (32768K), 1 survivors (4096K)
 Metaspace       used 86424K, committed 86848K, reserved 1179648K
  class space    used 9602K, committed 9792K, reserved 1048576K

Heap Regions: E=young(eden), S=young(survivor), O=old, HS=humongous(starts), HC=humongous(continues), CS=collection set, F=free, TAMS=top-at-mark-start, PB=parsable bottom
|   0|0x00000006ca800000, 0x00000006cac00000, 0x00000006cac00000|100%|HS|  |TAMS 0x00000006ca800000| PB 0x00000006ca800000| Complete 
|   1|0x00000006cac00000, 0x00000006caff03e0, 0x00000006cb000000| 98%| O|  |TAMS 0x00000006cac00000| PB 0x00000006cac00000| Untracked 
|   2|0x00000006cb000000, 0x00000006cb400000, 0x00000006cb400000|100%| O|  |TAMS 0x00000006cb000000| PB 0x00000006cb000000| Untracked 
|   3|0x00000006cb400000, 0x00000006cb800000, 0x00000006cb800000|100%| O|  |TAMS 0x00000006cb400000| PB 0x00000006cb400000| Untracked 
|   4|0x00000006cb800000, 0x00000006cbc00000, 0x00000006cbc00000|100%| O|  |TAMS 0x00000006cb800000| PB 0x00000006cb800000| Untracked 
|   5|0x00000006cbc00000, 0x00000006cc000000, 0x00000006cc000000|100%| O|  |TAMS 0x00000006cbc00000| PB 0x00000006cbc00000| Untracked 
|   6|0x00000006cc000000, 0x00000006cc400000, 0x00000006cc400000|100%| O|  |TAMS 0x00000006cc000000| PB 0x00000006cc000000| Untracked 
|   7|0x00000006cc400000, 0x00000006cc800000, 0x00000006cc800000|100%| O|  |TAMS 0x00000006cc400000| PB 0x00000006cc400000| Untracked 
|   8|0x00000006cc800000, 0x00000006ccc00000, 0x00000006ccc00000|100%| O|  |TAMS 0x00000006cc800000| PB 0x00000006cc800000| Untracked 
|   9|0x00000006ccc00000, 0x00000006cd000000, 0x00000006cd000000|100%| O|  |TAMS 0x00000006ccc00000| PB 0x00000006ccc00000| Untracked 
|  10|0x00000006cd000000, 0x00000006cd400000, 0x00000006cd400000|100%| O|  |TAMS 0x00000006cd000000| PB 0x00000006cd000000| Untracked 
|  11|0x00000006cd400000, 0x00000006cd800000, 0x00000006cd800000|100%| O|  |TAMS 0x00000006cd400000| PB 0x00000006cd400000| Untracked 
|  12|0x00000006cd800000, 0x00000006cdc00000, 0x00000006cdc00000|100%| O|  |TAMS 0x00000006cd800000| PB 0x00000006cd800000| Untracked 
|  13|0x00000006cdc00000, 0x00000006ce000000, 0x00000006ce000000|100%| O|  |TAMS 0x00000006cdc00000| PB 0x00000006cdc00000| Untracked 
|  14|0x00000006ce000000, 0x00000006ce400000, 0x00000006ce400000|100%| O|  |TAMS 0x00000006ce000000| PB 0x00000006ce000000| Untracked 
|  15|0x00000006ce400000, 0x00000006ce800000, 0x00000006ce800000|100%| O|  |TAMS 0x00000006ce400000| PB 0x00000006ce400000| Untracked 
|  16|0x00000006ce800000, 0x00000006cec00000, 0x00000006cec00000|100%| O|  |TAMS 0x00000006ce800000| PB 0x00000006ce800000| Untracked 
|  17|0x00000006cec00000, 0x00000006cf000000, 0x00000006cf000000|100%| O|  |TAMS 0x00000006cec00000| PB 0x00000006cec00000| Untracked 
|  18|0x00000006cf000000, 0x00000006cf400000, 0x00000006cf400000|100%| O|  |TAMS 0x00000006cf000000| PB 0x00000006cf000000| Untracked 
|  19|0x00000006cf400000, 0x00000006cf800000, 0x00000006cf800000|100%| O|  |TAMS 0x00000006cf400000| PB 0x00000006cf400000| Untracked 
|  20|0x00000006cf800000, 0x00000006cfc00000, 0x00000006cfc00000|100%| O|  |TAMS 0x00000006cf800000| PB 0x00000006cf800000| Untracked 
|  21|0x00000006cfc00000, 0x00000006d0000000, 0x00000006d0000000|100%| O|  |TAMS 0x00000006cfc00000| PB 0x00000006cfc00000| Untracked 
|  22|0x00000006d0000000, 0x00000006d0400000, 0x00000006d0400000|100%| O|Cm|TAMS 0x00000006d0000000| PB 0x00000006d0000000| Complete 
|  23|0x00000006d0400000, 0x00000006d0800000, 0x00000006d0800000|100%| O|  |TAMS 0x00000006d0400000| PB 0x00000006d0400000| Untracked 
|  24|0x00000006d0800000, 0x00000006d0c00000, 0x00000006d0c00000|100%| O|  |TAMS 0x00000006d0800000| PB 0x00000006d0800000| Untracked 
|  25|0x00000006d0c00000, 0x00000006d1000000, 0x00000006d1000000|100%| O|  |TAMS 0x00000006d0c00000| PB 0x00000006d0c00000| Untracked 
|  26|0x00000006d1000000, 0x00000006d1400000, 0x00000006d1400000|100%| O|  |TAMS 0x00000006d1000000| PB 0x00000006d1000000| Untracked 
|  27|0x00000006d1400000, 0x00000006d1800000, 0x00000006d1800000|100%| O|  |TAMS 0x00000006d1400000| PB 0x00000006d1400000| Untracked 
|  28|0x00000006d1800000, 0x00000006d1c00000, 0x00000006d1c00000|100%| O|  |TAMS 0x00000006d1800000| PB 0x00000006d1800000| Untracked 
|  29|0x00000006d1c00000, 0x00000006d2000000, 0x00000006d2000000|100%| O|  |TAMS 0x00000006d1c00000| PB 0x00000006d1c00000| Untracked 
|  30|0x00000006d2000000, 0x00000006d2400000, 0x00000006d2400000|100%| O|  |TAMS 0x00000006d2000000| PB 0x00000006d2000000| Untracked 
|  31|0x00000006d2400000, 0x00000006d2400000, 0x00000006d2800000|  0%| F|  |TAMS 0x00000006d2400000| PB 0x00000006d2400000| Untracked 
|  32|0x00000006d2800000, 0x00000006d2c00000, 0x00000006d2c00000|100%| E|CS|TAMS 0x00000006d2800000| PB 0x00000006d2800000| Complete 
|  33|0x00000006d2c00000, 0x00000006d2c00000, 0x00000006d3000000|  0%| F|  |TAMS 0x00000006d2c00000| PB 0x00000006d2c00000| Untracked 
|  34|0x00000006d3000000, 0x00000006d3400000, 0x00000006d3400000|100%| E|CS|TAMS 0x00000006d3000000| PB 0x00000006d3000000| Complete 
|  35|0x00000006d3400000, 0x00000006d3400000, 0x00000006d3800000|  0%| F|  |TAMS 0x00000006d3400000| PB 0x00000006d3400000| Untracked 
|  36|0x00000006d3800000, 0x00000006d3800000, 0x00000006d3c00000|  0%| F|  |TAMS 0x00000006d3800000| PB 0x00000006d3800000| Untracked 
|  37|0x00000006d3c00000, 0x00000006d3c00000, 0x00000006d4000000|  0%| F|  |TAMS 0x00000006d3c00000| PB 0x00000006d3c00000| Untracked 
|  38|0x00000006d4000000, 0x00000006d4000000, 0x00000006d4400000|  0%| F|  |TAMS 0x00000006d4000000| PB 0x00000006d4000000| Untracked 
|  39|0x00000006d4400000, 0x00000006d4400000, 0x00000006d4800000|  0%| F|  |TAMS 0x00000006d4400000| PB 0x00000006d4400000| Untracked 
|  40|0x00000006d4800000, 0x00000006d4800000, 0x00000006d4c00000|  0%| F|  |TAMS 0x00000006d4800000| PB 0x00000006d4800000| Untracked 
|  41|0x00000006d4c00000, 0x00000006d4c00000, 0x00000006d5000000|  0%| F|  |TAMS 0x00000006d4c00000| PB 0x00000006d4c00000| Untracked 
|  42|0x00000006d5000000, 0x00000006d5400000, 0x00000006d5400000|100%| E|CS|TAMS 0x00000006d5000000| PB 0x00000006d5000000| Complete 
|  43|0x00000006d5400000, 0x00000006d5400000, 0x00000006d5800000|  0%| F|  |TAMS 0x00000006d5400000| PB 0x00000006d5400000| Untracked 
|  44|0x00000006d5800000, 0x00000006d5800000, 0x00000006d5c00000|  0%| F|  |TAMS 0x00000006d5800000| PB 0x00000006d5800000| Untracked 
|  45|0x00000006d5c00000, 0x00000006d5c00000, 0x00000006d6000000|  0%| F|  |TAMS 0x00000006d5c00000| PB 0x00000006d5c00000| Untracked 
|  46|0x00000006d6000000, 0x00000006d6400000, 0x00000006d6400000|100%| S|  |TAMS 0x00000006d6000000| PB 0x00000006d6000000| Complete 
|  47|0x00000006d6400000, 0x00000006d6800000, 0x00000006d6800000|100%| E|CS|TAMS 0x00000006d6400000| PB 0x00000006d6400000| Complete 
|  48|0x00000006d6800000, 0x00000006d6c00000, 0x00000006d6c00000|100%| E|CS|TAMS 0x00000006d6800000| PB 0x00000006d6800000| Complete 
|  49|0x00000006d6c00000, 0x00000006d7000000, 0x00000006d7000000|100%| E|CS|TAMS 0x00000006d6c00000| PB 0x00000006d6c00000| Complete 
|  50|0x00000006d7000000, 0x00000006d7400000, 0x00000006d7400000|100%| E|CS|TAMS 0x00000006d7000000| PB 0x00000006d7000000| Complete 
|  51|0x00000006d7400000, 0x00000006d7800000, 0x00000006d7800000|100%| E|CS|TAMS 0x00000006d7400000| PB 0x00000006d7400000| Complete 
|  77|0x00000006ddc00000, 0x00000006de000000, 0x00000006de000000|100%| E|CS|TAMS 0x00000006ddc00000| PB 0x00000006ddc00000| Complete 
|1237|0x00000007ffc00000, 0x0000000800000000, 0x0000000800000000|100%| O|  |TAMS 0x00000007ffc00000| PB 0x00000007ffc00000| Untracked 

Card table byte_map: [0x000072f811385000,0x000072f811d31000] _byte_map_base: 0x000072f80dd31000

Marking Bits: (CMBitMap*) 0x000072f80c052400
 Bits: [0x000072f7f50a0000, 0x000072f7f9e00000)

Polling page: 0x000072f814803000

Metaspace:

Usage:
  Non-class:     75.02 MB used.
      Class:      9.38 MB used.
       Both:     84.40 MB used.

Virtual space:
  Non-class space:      128.00 MB reserved,      75.25 MB ( 59%) committed,  2 nodes.
      Class space:        1.00 GB reserved,       9.56 MB ( <1%) committed,  1 nodes.
             Both:        1.12 GB reserved,      84.81 MB (  7%) committed. 

Chunk freelists:
   Non-Class:  4.62 MB
       Class:  6.45 MB
        Both:  11.08 MB

MaxMetaspaceSize: unlimited
CompressedClassSpaceSize: 1.00 GB
Initial GC threshold: 21.00 MB
Current GC threshold: 135.12 MB
CDS: off
 - commit_granule_bytes: 65536.
 - commit_granule_words: 8192.
 - virtual_space_node_default_size: 8388608.
 - enlarge_chunks_in_place: 1.
 - use_allocation_guard: 0.


Internal statistics:

num_allocs_failed_limit: 9.
num_arena_births: 460.
num_arena_deaths: 0.
num_vsnodes_births: 3.
num_vsnodes_deaths: 0.
num_space_committed: 1355.
num_space_uncommitted: 0.
num_chunks_returned_to_freelist: 9.
num_chunks_taken_from_freelist: 3272.
num_chunk_merges: 9.
num_chunk_splits: 2631.
num_chunks_enlarged: 2304.
num_inconsistent_stats: 0.

CodeHeap 'non-profiled nmethods': size=120028Kb used=6462Kb max_used=6466Kb free=113565Kb
 bounds [0x000072f8018c9000, 0x000072f801f29000, 0x000072f808e00000]
CodeHeap 'profiled nmethods': size=120028Kb used=32320Kb max_used=32552Kb free=87707Kb
 bounds [0x000072f7f9e00000, 0x000072f7fbdd0000, 0x000072f801337000]
CodeHeap 'non-nmethods': size=5704Kb used=2017Kb max_used=2089Kb free=3686Kb
 bounds [0x000072f801337000, 0x000072f8015a7000, 0x000072f8018c9000]
 total_blobs=10773 nmethods=9940 adapters=735
 compilation: enabled
              stopped_count=0, restarted_count=0
 full_count=0

Compilation events (20 events):
Event: 8.616 Thread 0x000072f80c1c71d0 nmethod 11299 0x000072f7fa7b6210 code [0x000072f7fa7b63c0, 0x000072f7fa7b66a0]
Event: 8.616 Thread 0x000072f80c1c71d0 11300       3       org.jetbrains.kotlin.ir.util.DeepCopyIrTreeWithSymbols::<init> (97 bytes)
Event: 8.617 Thread 0x000072f80c1c71d0 nmethod 11300 0x000072f7fa6c5090 code [0x000072f7fa6c53c0, 0x000072f7fa6c6900]
Event: 8.617 Thread 0x000072f80c1c71d0 11298       3       org.jetbrains.kotlin.backend.common.DeclarationTransformer$Visitor::visitFunction (78 bytes)
Event: 8.617 Thread 0x000072f7b80d80b0 11302       4       org.jetbrains.kotlin.ir.util.IrUtilsKt::copyAnnotations (142 bytes)
Event: 8.618 Thread 0x000072f7b80d6db0 nmethod 10765 0x000072f801cf4e10 code [0x000072f801cf5760, 0x000072f801d00930]
Event: 8.618 Thread 0x000072f80c1c71d0 nmethod 11298 0x000072f7fa6c1e10 code [0x000072f7fa6c22c0, 0x000072f7fa6c4478]
Event: 8.618 Thread 0x000072f80c1c71d0 11303       3       org.jetbrains.kotlin.backend.common.lower.DefaultArgumentFunctionFactory::findBaseFunctionWithDefaultArgumentsFor$dfsImpl (254 bytes)
Event: 8.618 Thread 0x000072f80c1c71d0 nmethod 11303 0x000072f7fa6bfb10 code [0x000072f7fa6bfe80, 0x000072f7fa6c18b0]
Event: 8.618 Thread 0x000072f7b80d6db0 11304       4       org.jetbrains.kotlin.ir.IrAttributeKt::get (21 bytes)
Event: 8.618 Thread 0x000072f80c1c71d0 11293       3       org.jetbrains.kotlin.backend.common.DeclarationTransformer$$Lambda/0x0000000800989e30::<init> (15 bytes)
Event: 8.618 Thread 0x000072f80c1c71d0 nmethod 11293 0x000072f7fad1a290 code [0x000072f7fad1a440, 0x000072f7fad1a668]
Event: 8.618 Thread 0x000072f80c1c71d0 11294       3       org.jetbrains.kotlin.backend.common.DeclarationTransformer$$Lambda/0x0000000800989e30::invoke (12 bytes)
Event: 8.618 Thread 0x000072f80c1c71d0 nmethod 11294 0x000072f7fa7f3d90 code [0x000072f7fa7f3f40, 0x000072f7fa7f4178]
Event: 8.618 Thread 0x000072f80c1c71d0 11297       3       org.jetbrains.kotlin.backend.common.lower.DefaultArgumentStubGenerator::transformFlat (24 bytes)
Event: 8.619 Thread 0x000072f80c1c71d0 nmethod 11297 0x000072f7fae8eb10 code [0x000072f7fae8ed60, 0x000072f7fae8f590]
Event: 8.619 Thread 0x000072f80c1c71d0 11301       1       org.jetbrains.kotlin.ir.declarations.impl.IrFunctionWithLateBindingImpl::getFactory (5 bytes)
Event: 8.619 Thread 0x000072f80c1c71d0 nmethod 11301 0x000072f801cf4b10 code [0x000072f801cf4ca0, 0x000072f801cf4d68]
Event: 8.619 Thread 0x000072f80c1c71d0 11305       3       org.jetbrains.kotlin.backend.common.lower.DefaultArgumentFunctionFactory::generateDefaultsFunction (605 bytes)
Event: 8.619 Thread 0x000072f80c1bdb30 11311       4       org.jetbrains.kotlin.fir.lazy.Fir2IrLazySimpleFunction::getOverriddenSymbols (19 bytes)

GC Heap History (20 events):
Event: 3.495 GC heap after
{Heap after GC invocations=13 (full 0):
 garbage-first heap   total 143360K, used 58864K [0x00000006ca800000, 0x0000000800000000)
  region size 4096K, 1 young (4096K), 1 survivors (4096K)
 Metaspace       used 56839K, committed 57152K, reserved 1114112K
  class space    used 6557K, committed 6656K, reserved 1048576K
}
Event: 4.030 GC heap before
{Heap before GC invocations=14 (full 0):
 garbage-first heap   total 143360K, used 108016K [0x00000006ca800000, 0x0000000800000000)
  region size 4096K, 13 young (53248K), 1 survivors (4096K)
 Metaspace       used 60537K, committed 60864K, reserved 1114112K
  class space    used 7043K, committed 7168K, reserved 1048576K
}
Event: 4.046 GC heap after
{Heap after GC invocations=15 (full 0):
 garbage-first heap   total 143360K, used 72981K [0x00000006ca800000, 0x0000000800000000)
  region size 4096K, 2 young (8192K), 2 survivors (8192K)
 Metaspace       used 60537K, committed 60864K, reserved 1114112K
  class space    used 7043K, committed 7168K, reserved 1048576K
}
Event: 4.619 GC heap before
{Heap before GC invocations=15 (full 0):
 garbage-first heap   total 143360K, used 113941K [0x00000006ca800000, 0x0000000800000000)
  region size 4096K, 12 young (49152K), 2 survivors (8192K)
 Metaspace       used 65007K, committed 65344K, reserved 1114112K
  class space    used 7596K, committed 7744K, reserved 1048576K
}
Event: 4.632 GC heap after
{Heap after GC invocations=16 (full 0):
 garbage-first heap   total 143360K, used 80728K [0x00000006ca800000, 0x0000000800000000)
  region size 4096K, 2 young (8192K), 2 survivors (8192K)
 Metaspace       used 65007K, committed 65344K, reserved 1114112K
  class space    used 7596K, committed 7744K, reserved 1048576K
}
Event: 5.066 GC heap before
{Heap before GC invocations=16 (full 0):
 garbage-first heap   total 143360K, used 117592K [0x00000006ca800000, 0x0000000800000000)
  region size 4096K, 11 young (45056K), 2 survivors (8192K)
 Metaspace       used 65839K, committed 66176K, reserved 1114112K
  class space    used 7635K, committed 7808K, reserved 1048576K
}
Event: 5.079 GC heap after
{Heap after GC invocations=17 (full 0):
 garbage-first heap   total 143360K, used 90048K [0x00000006ca800000, 0x0000000800000000)
  region size 4096K, 2 young (8192K), 2 survivors (8192K)
 Metaspace       used 65839K, committed 66176K, reserved 1114112K
  class space    used 7635K, committed 7808K, reserved 1048576K
}
Event: 5.712 GC heap before
{Heap before GC invocations=18 (full 0):
 garbage-first heap   total 151552K, used 114624K [0x00000006ca800000, 0x0000000800000000)
  region size 4096K, 9 young (36864K), 2 survivors (8192K)
 Metaspace       used 69102K, committed 69440K, reserved 1114112K
  class space    used 7977K, committed 8128K, reserved 1048576K
}
Event: 5.727 GC heap after
{Heap after GC invocations=19 (full 0):
 garbage-first heap   total 151552K, used 96958K [0x00000006ca800000, 0x0000000800000000)
  region size 4096K, 2 young (8192K), 2 survivors (8192K)
 Metaspace       used 69102K, committed 69440K, reserved 1114112K
  class space    used 7977K, committed 8128K, reserved 1048576K
}
Event: 6.207 GC heap before
{Heap before GC invocations=19 (full 0):
 garbage-first heap   total 151552K, used 125630K [0x00000006ca800000, 0x0000000800000000)
  region size 4096K, 9 young (36864K), 2 survivors (8192K)
 Metaspace       used 69823K, committed 70208K, reserved 1114112K
  class space    used 8005K, committed 8192K, reserved 1048576K
}
Event: 6.218 GC heap after
{Heap after GC invocations=20 (full 0):
 garbage-first heap   total 151552K, used 104210K [0x00000006ca800000, 0x0000000800000000)
  region size 4096K, 2 young (8192K), 2 survivors (8192K)
 Metaspace       used 69823K, committed 70208K, reserved 1114112K
  class space    used 8005K, committed 8192K, reserved 1048576K
}
Event: 6.495 GC heap before
{Heap before GC invocations=20 (full 0):
 garbage-first heap   total 151552K, used 124690K [0x00000006ca800000, 0x0000000800000000)
  region size 4096K, 8 young (32768K), 2 survivors (8192K)
 Metaspace       used 71592K, committed 71936K, reserved 1114112K
  class space    used 8162K, committed 8320K, reserved 1048576K
}
Event: 6.503 GC heap after
{Heap after GC invocations=21 (full 0):
 garbage-first heap   total 184320K, used 108535K [0x00000006ca800000, 0x0000000800000000)
  region size 4096K, 1 young (4096K), 1 survivors (4096K)
 Metaspace       used 71592K, committed 71936K, reserved 1114112K
  class space    used 8162K, committed 8320K, reserved 1048576K
}
Event: 7.153 GC heap before
{Heap before GC invocations=22 (full 0):
 garbage-first heap   total 184320K, used 149495K [0x00000006ca800000, 0x0000000800000000)
  region size 4096K, 12 young (49152K), 1 survivors (4096K)
 Metaspace       used 77038K, committed 77440K, reserved 1179648K
  class space    used 8643K, committed 8832K, reserved 1048576K
}
Event: 7.163 GC heap after
{Heap after GC invocations=23 (full 0):
 garbage-first heap   total 184320K, used 116689K [0x00000006ca800000, 0x0000000800000000)
  region size 4096K, 2 young (8192K), 2 survivors (8192K)
 Metaspace       used 77038K, committed 77440K, reserved 1179648K
  class space    used 8643K, committed 8832K, reserved 1048576K
}
Event: 7.685 GC heap before
{Heap before GC invocations=23 (full 0):
 garbage-first heap   total 184320K, used 153553K [0x00000006ca800000, 0x0000000800000000)
  region size 4096K, 12 young (49152K), 2 survivors (8192K)
 Metaspace       used 80088K, committed 80448K, reserved 1179648K
  class space    used 8933K, committed 9088K, reserved 1048576K
}
Event: 7.699 GC heap after
{Heap after GC invocations=24 (full 0):
 garbage-first heap   total 184320K, used 122864K [0x00000006ca800000, 0x0000000800000000)
  region size 4096K, 2 young (8192K), 2 survivors (8192K)
 Metaspace       used 80088K, committed 80448K, reserved 1179648K
  class space    used 8933K, committed 9088K, reserved 1048576K
}
Event: 8.182 GC heap before
{Heap before GC invocations=24 (full 0):
 garbage-first heap   total 184320K, used 159728K [0x00000006ca800000, 0x0000000800000000)
  region size 4096K, 11 young (45056K), 2 survivors (8192K)
 Metaspace       used 81845K, committed 82240K, reserved 1179648K
  class space    used 9100K, committed 9280K, reserved 1048576K
}
Event: 8.191 GC heap after
{Heap after GC invocations=25 (full 0):
 garbage-first heap   total 184320K, used 130875K [0x00000006ca800000, 0x0000000800000000)
  region size 4096K, 2 young (8192K), 2 survivors (8192K)
 Metaspace       used 81845K, committed 82240K, reserved 1179648K
  class space    used 9100K, committed 9280K, reserved 1048576K
}
Event: 8.620 GC heap before
{Heap before GC invocations=26 (full 0):
 garbage-first heap   total 221184K, used 159547K [0x00000006ca800000, 0x0000000800000000)
  region size 4096K, 9 young (36864K), 2 survivors (8192K)
 Metaspace       used 86424K, committed 86848K, reserved 1179648K
  class space    used 9602K, committed 9792K, reserved 1048576K
}

Dll operation events (10 events):
Event: 0.001 Loaded shared library /snap/android-studio/209/jbr/lib/libjava.so
Event: 0.004 Loaded shared library /snap/android-studio/209/jbr/lib/libzip.so
Event: 0.073 Loaded shared library /snap/android-studio/209/jbr/lib/libnio.so
Event: 0.091 Loaded shared library /snap/android-studio/209/jbr/lib/libzip.so
Event: 0.129 Loaded shared library /snap/android-studio/209/jbr/lib/libjimage.so
Event: 0.175 Loaded shared library /tmp/jansi-2.4.0-3ec064a636b86a2a-libjansi.so
Event: 0.315 Loaded shared library /snap/android-studio/209/jbr/lib/libmanagement.so
Event: 0.321 Loaded shared library /snap/android-studio/209/jbr/lib/libmanagement_ext.so
Event: 0.880 Loaded shared library /snap/android-studio/209/jbr/lib/libverify.so
Event: 0.946 Loaded shared library /snap/android-studio/209/jbr/lib/libnet.so

Deoptimization events (20 events):
Event: 8.585 Thread 0x000072f80c02b6c0 Uncommon trap: trap_request=0xffffffde fr.pc=0x000072f801a97c88 relative=0x00000000000000c8
Event: 8.585 Thread 0x000072f80c02b6c0 Uncommon trap: reason=class_check action=maybe_recompile pc=0x000072f801a97c88 method=org.jetbrains.kotlin.fir.lazy.Fir2IrLazySimpleFunction.getOverriddenSymbols()Ljava/util/List; @ 15 c2
Event: 8.585 Thread 0x000072f80c02b6c0 DEOPT PACKING pc=0x000072f801a97c88 sp=0x000072f8131b6800
Event: 8.585 Thread 0x000072f80c02b6c0 DEOPT UNPACKING pc=0x000072f80138e619 sp=0x000072f8131b67b8 mode 2
Event: 8.585 Thread 0x000072f80c02b6c0 Uncommon trap: trap_request=0xffffffde fr.pc=0x000072f801a97c88 relative=0x00000000000000c8
Event: 8.585 Thread 0x000072f80c02b6c0 Uncommon trap: reason=class_check action=maybe_recompile pc=0x000072f801a97c88 method=org.jetbrains.kotlin.fir.lazy.Fir2IrLazySimpleFunction.getOverriddenSymbols()Ljava/util/List; @ 15 c2
Event: 8.585 Thread 0x000072f80c02b6c0 DEOPT PACKING pc=0x000072f801a97c88 sp=0x000072f8131b6bc0
Event: 8.585 Thread 0x000072f80c02b6c0 DEOPT UNPACKING pc=0x000072f80138e619 sp=0x000072f8131b6b78 mode 2
Event: 8.585 Thread 0x000072f80c02b6c0 Uncommon trap: trap_request=0xffffffde fr.pc=0x000072f801a97c88 relative=0x00000000000000c8
Event: 8.585 Thread 0x000072f80c02b6c0 Uncommon trap: reason=class_check action=maybe_recompile pc=0x000072f801a97c88 method=org.jetbrains.kotlin.fir.lazy.Fir2IrLazySimpleFunction.getOverriddenSymbols()Ljava/util/List; @ 15 c2
Event: 8.585 Thread 0x000072f80c02b6c0 DEOPT PACKING pc=0x000072f801a97c88 sp=0x000072f8131b6bc0
Event: 8.585 Thread 0x000072f80c02b6c0 DEOPT UNPACKING pc=0x000072f80138e619 sp=0x000072f8131b6b78 mode 2
Event: 8.600 Thread 0x000072f80c02b6c0 Uncommon trap: trap_request=0xffffff45 fr.pc=0x000072f801efa334 relative=0x0000000000000114
Event: 8.600 Thread 0x000072f80c02b6c0 Uncommon trap: reason=unstable_if action=reinterpret pc=0x000072f801efa334 method=org.jetbrains.kotlin.ir.IrElementBase.findAttributeIndex(Lorg/jetbrains/kotlin/ir/IrAttribute;)I @ 24 c2
Event: 8.600 Thread 0x000072f80c02b6c0 DEOPT PACKING pc=0x000072f801efa334 sp=0x000072f8131b6cc0
Event: 8.600 Thread 0x000072f80c02b6c0 DEOPT UNPACKING pc=0x000072f80138e619 sp=0x000072f8131b6c50 mode 2
Event: 8.608 Thread 0x000072f80c02b6c0 Uncommon trap: trap_request=0xfffffff4 fr.pc=0x000072f801a98438 relative=0x0000000000000118
Event: 8.608 Thread 0x000072f80c02b6c0 Uncommon trap: reason=null_check action=make_not_entrant pc=0x000072f801a98438 method=org.jetbrains.kotlin.backend.common.BodyLoweringVisitor.visitDeclaration(Lorg/jetbrains/kotlin/ir/declarations/IrDeclarationBase;Ljava/lang/Object;)Ljava/lang/Object; @ 
Event: 8.608 Thread 0x000072f80c02b6c0 DEOPT PACKING pc=0x000072f801a98438 sp=0x000072f8131b7470
Event: 8.608 Thread 0x000072f80c02b6c0 DEOPT UNPACKING pc=0x000072f80138e619 sp=0x000072f8131b7420 mode 2

Classes loaded (20 events):
Event: 5.207 Loading class java/text/Format done
Event: 5.207 Loading class java/text/MessageFormat done
Event: 5.253 Loading class java/text/ChoiceFormat
Event: 5.253 Loading class java/text/NumberFormat
Event: 5.253 Loading class java/text/NumberFormat done
Event: 5.253 Loading class java/text/ChoiceFormat done
Event: 5.407 Loading class java/util/jar/JarVerifier
Event: 5.407 Loading class java/util/jar/JarVerifier done
Event: 7.292 Loading class java/lang/Short$ShortCache
Event: 7.292 Loading class java/lang/Short$ShortCache done
Event: 7.488 Loading class java/util/Collections$SynchronizedMap
Event: 7.488 Loading class java/util/Collections$SynchronizedMap done
Event: 8.603 Loading class java/util/IdentityHashMap$EntrySet
Event: 8.603 Loading class java/util/IdentityHashMap$EntrySet done
Event: 8.603 Loading class java/util/IdentityHashMap$EntryIterator
Event: 8.604 Loading class java/util/IdentityHashMap$IdentityHashMapIterator
Event: 8.604 Loading class java/util/IdentityHashMap$IdentityHashMapIterator done
Event: 8.604 Loading class java/util/IdentityHashMap$EntryIterator done
Event: 8.604 Loading class java/util/IdentityHashMap$EntryIterator$Entry
Event: 8.604 Loading class java/util/IdentityHashMap$EntryIterator$Entry done

Classes unloaded (0 events):
No events

Classes redefined (0 events):
No events

Internal exceptions (20 events):
Event: 6.786 Thread 0x000072f80c02b6c0 Exception <a 'java/lang/NoSuchMethodError'{0x00000006d46fc4c8}: 'java.lang.Object java.lang.invoke.DirectMethodHandle$Holder.invokeSpecial(java.lang.Object, java.lang.Object, java.lang.Object, java.lang.Object, java.lang.Object, java.lang.Object, java.lang.Object, java.lang.Object, int)'> (0x00000006d46fc4c8) 
thrown [src/hotspot/share/interpreter/linkResolver.cpp, line 784]
Event: 6.807 Thread 0x000072f80c02b6c0 Exception <a 'java/lang/NoSuchMethodError'{0x00000006d47897d8}: 'java.lang.Object java.lang.invoke.DirectMethodHandle$Holder.invokeStatic(java.lang.Object, java.lang.Object, int, int)'> (0x00000006d47897d8) 
thrown [src/hotspot/share/interpreter/linkResolver.cpp, line 784]
Event: 7.490 Thread 0x000072f80c02b6c0 Exception <a 'java/lang/NoSuchMethodError'{0x00000006d3d1af08}: 'java.lang.Object java.lang.invoke.DirectMethodHandle$Holder.invokeStatic(java.lang.Object, java.lang.Object, int, java.lang.Object, java.lang.Object)'> (0x00000006d3d1af08) 
thrown [src/hotspot/share/interpreter/linkResolver.cpp, line 784]
Event: 7.491 Thread 0x000072f80c02b6c0 Exception <a 'java/lang/NoSuchMethodError'{0x00000006d3d224c8}: 'java.lang.Object java.lang.invoke.DirectMethodHandle$Holder.newInvokeSpecial(java.lang.Object, java.lang.Object, int, java.lang.Object, java.lang.Object)'> (0x00000006d3d224c8) 
thrown [src/hotspot/share/interpreter/linkResolver.cpp, line 784]
Event: 7.491 Thread 0x000072f80c02b6c0 Exception <a 'java/lang/NoSuchMethodError'{0x00000006d3d26a30}: 'java.lang.Object java.lang.invoke.DirectMethodHandle$Holder.invokeSpecial(java.lang.Object, java.lang.Object, java.lang.Object, int, java.lang.Object, java.lang.Object)'> (0x00000006d3d26a30) 
thrown [src/hotspot/share/interpreter/linkResolver.cpp, line 784]
Event: 7.491 Thread 0x000072f80c02b6c0 Exception <a 'java/lang/NoSuchMethodError'{0x00000006d3d2a528}: 'java.lang.Object java.lang.invoke.Invokers$Holder.linkToTargetMethod(java.lang.Object, int, java.lang.Object, java.lang.Object, java.lang.Object)'> (0x00000006d3d2a528) 
thrown [src/hotspot/share/interpreter/linkResolver.cpp, line 784]
Event: 7.707 Thread 0x000072f80c02b6c0 Exception <a 'java/lang/NoSuchMethodError'{0x00000006ddc6f718}: 'java.lang.Object java.lang.invoke.DirectMethodHandle$Holder.invokeStatic(java.lang.Object, java.lang.Object, java.lang.Object, java.lang.Object, java.lang.Object, java.lang.Object, int, java.lang.Object)'> (0x00000006ddc6f718) 
thrown [src/hotspot/share/interpreter/linkResolver.cpp, line 784]
Event: 7.707 Thread 0x000072f80c02b6c0 Exception <a 'java/lang/NoSuchMethodError'{0x00000006ddc79f00}: 'java.lang.Object java.lang.invoke.DirectMethodHandle$Holder.newInvokeSpecial(java.lang.Object, java.lang.Object, java.lang.Object, java.lang.Object, java.lang.Object, java.lang.Object, int)'> (0x00000006ddc79f00) 
thrown [src/hotspot/share/interpreter/linkResolver.cpp, line 784]
Event: 7.707 Thread 0x000072f80c02b6c0 Exception <a 'java/lang/NoSuchMethodError'{0x00000006ddc7f378}: 'java.lang.Object java.lang.invoke.DirectMethodHandle$Holder.invokeSpecial(java.lang.Object, java.lang.Object, java.lang.Object, java.lang.Object, java.lang.Object, java.lang.Object, java.lang.Object, int)'> (0x00000006ddc7f378) 
thrown [src/hotspot/share/interpreter/linkResolver.cpp, line 784]
Event: 7.708 Thread 0x000072f80c02b6c0 Exception <a 'java/lang/NoSuchMethodError'{0x00000006ddc841a8}: 'java.lang.Object java.lang.invoke.Invokers$Holder.linkToTargetMethod(java.lang.Object, java.lang.Object, java.lang.Object, java.lang.Object, java.lang.Object, int, java.lang.Object)'> (0x00000006ddc841a8) 
thrown [src/hotspot/share/interpreter/linkResolver.cpp, line 784]
Event: 8.101 Thread 0x000072f80c02b6c0 Exception <a 'java/lang/NoSuchMethodError'{0x00000006d3abeaa8}: 'java.lang.Object java.lang.invoke.DirectMethodHandle$Holder.invokeStatic(java.lang.Object, java.lang.Object, java.lang.Object, java.lang.Object, java.lang.Object, int, java.lang.Object, java.lang.Object)'> (0x00000006d3abeaa8) 
thrown [src/hotspot/share/interpreter/linkResolver.cpp, line 784]
Event: 8.260 Thread 0x000072f80c02b6c0 Exception <a 'java/lang/NoSuchMethodError'{0x00000006d51b8290}: 'java.lang.Object java.lang.invoke.DirectMethodHandle$Holder.invokeStatic(java.lang.Object, java.lang.Object, java.lang.Object, java.lang.Object, java.lang.Object, java.lang.Object, int)'> (0x00000006d51b8290) 
thrown [src/hotspot/share/interpreter/linkResolver.cpp, line 784]
Event: 8.270 Thread 0x000072f80c02b6c0 Exception <a 'java/lang/NoSuchMethodError'{0x00000006d524d730}: 'java.lang.Object java.lang.invoke.DirectMethodHandle$Holder.newInvokeSpecial(java.lang.Object, java.lang.Object, java.lang.Object, java.lang.Object, int, java.lang.Object, java.lang.Object, java.lang.Object)'> (0x00000006d524d730) 
thrown [src/hotspot/share/interpreter/linkResolver.cpp, line 784]
Event: 8.270 Thread 0x000072f80c02b6c0 Exception <a 'java/lang/NoSuchMethodError'{0x00000006d525e070}: 'java.lang.Object java.lang.invoke.DirectMethodHandle$Holder.newInvokeSpecial(java.lang.Object, java.lang.Object, java.lang.Object, java.lang.Object, int, java.lang.Object)'> (0x00000006d525e070) 
thrown [src/hotspot/share/interpreter/linkResolver.cpp, line 784]
Event: 8.271 Thread 0x000072f80c02b6c0 Exception <a 'java/lang/NoSuchMethodError'{0x00000006d5262458}: 'java.lang.Object java.lang.invoke.DirectMethodHandle$Holder.invokeSpecial(java.lang.Object, java.lang.Object, java.lang.Object, java.lang.Object, java.lang.Object, int, java.lang.Object)'> (0x00000006d5262458) 
thrown [src/hotspot/share/interpreter/linkResolver.cpp, line 784]
Event: 8.271 Thread 0x000072f80c02b6c0 Exception <a 'java/lang/NoSuchMethodError'{0x00000006d5266030}: 'java.lang.Object java.lang.invoke.Invokers$Holder.linkToTargetMethod(java.lang.Object, java.lang.Object, java.lang.Object, int, java.lang.Object, java.lang.Object)'> (0x00000006d5266030) 
thrown [src/hotspot/share/interpreter/linkResolver.cpp, line 784]
Event: 8.271 Thread 0x000072f80c02b6c0 Exception <a 'java/lang/NoSuchMethodError'{0x00000006d5269938}: 'java.lang.Object java.lang.invoke.DirectMethodHandle$Holder.invokeStatic(java.lang.Object, java.lang.Object, java.lang.Object, java.lang.Object, int, java.lang.Object)'> (0x00000006d5269938) 
thrown [src/hotspot/share/interpreter/linkResolver.cpp, line 784]
Event: 8.366 Thread 0x000072f80c02b6c0 Exception <a 'java/lang/NoSuchMethodError'{0x00000006d77b8fb8}: 'java.lang.Object java.lang.invoke.DirectMethodHandle$Holder.newInvokeSpecial(java.lang.Object, int, java.lang.Object, int)'> (0x00000006d77b8fb8) 
thrown [src/hotspot/share/interpreter/linkResolver.cpp, line 784]
Event: 8.366 Thread 0x000072f80c02b6c0 Exception <a 'java/lang/NoSuchMethodError'{0x00000006d77bcf88}: 'java.lang.Object java.lang.invoke.DirectMethodHandle$Holder.invokeSpecial(java.lang.Object, java.lang.Object, int, java.lang.Object, int)'> (0x00000006d77bcf88) 
thrown [src/hotspot/share/interpreter/linkResolver.cpp, line 784]
Event: 8.608 Thread 0x000072f80c02b6c0 Implicit null exception at 0x000072f801a98363 to 0x000072f801a98425

ZGC Phase Switch (0 events):
No events

VM Operations (20 events):
Event: 8.319 Executing VM operation: HandshakeAllThreads (Deoptimize) done
Event: 8.334 Executing VM operation: HandshakeAllThreads (Deoptimize)
Event: 8.334 Executing VM operation: HandshakeAllThreads (Deoptimize) done
Event: 8.393 Executing VM operation: HandshakeAllThreads (Deoptimize)
Event: 8.393 Executing VM operation: HandshakeAllThreads (Deoptimize) done
Event: 8.400 Executing VM operation: HandshakeAllThreads (Deoptimize)
Event: 8.400 Executing VM operation: HandshakeAllThreads (Deoptimize) done
Event: 8.406 Executing VM operation: HandshakeAllThreads (Deoptimize)
Event: 8.406 Executing VM operation: HandshakeAllThreads (Deoptimize) done
Event: 8.474 Executing VM operation: ICBufferFull
Event: 8.474 Executing VM operation: ICBufferFull done
Event: 8.524 Executing VM operation: HandshakeAllThreads (Deoptimize)
Event: 8.524 Executing VM operation: HandshakeAllThreads (Deoptimize) done
Event: 8.557 Executing VM operation: HandshakeAllThreads (Deoptimize)
Event: 8.557 Executing VM operation: HandshakeAllThreads (Deoptimize) done
Event: 8.604 Executing VM operation: ICBufferFull
Event: 8.604 Executing VM operation: ICBufferFull done
Event: 8.613 Executing VM operation: HandshakeAllThreads (Deoptimize)
Event: 8.613 Executing VM operation: HandshakeAllThreads (Deoptimize) done
Event: 8.620 Executing VM operation: G1CollectForAllocation (G1 Evacuation Pause)

Memory protections (12 events):
Event: 0.001 Protecting memory [0x000072f8130bb000,0x000072f8130bf000] with protection modes 0
Event: 0.034 Protecting memory [0x000072f8100f8000,0x000072f8100fc000] with protection modes 0
Event: 0.038 Protecting memory [0x000072f7f4fa0000,0x000072f7f4fa4000] with protection modes 0
Event: 0.038 Protecting memory [0x000072f7f4900000,0x000072f7f4904000] with protection modes 0
Event: 0.039 Protecting memory [0x000072f7f4800000,0x000072f7f4804000] with protection modes 0
Event: 0.039 Protecting memory [0x000072f7f4700000,0x000072f7f4704000] with protection modes 0
Event: 0.040 Protecting memory [0x000072f7f4600000,0x000072f7f4604000] with protection modes 0
Event: 0.040 Protecting memory [0x000072f7f4500000,0x000072f7f4504000] with protection modes 0
Event: 0.040 Protecting memory [0x000072f7f4400000,0x000072f7f4404000] with protection modes 0
Event: 0.067 Protecting memory [0x000072f7f4300000,0x000072f7f4304000] with protection modes 0
Event: 0.085 Protecting memory [0x000072f7f4200000,0x000072f7f4204000] with protection modes 0
Event: 0.085 Protecting memory [0x000072f7f4100000,0x000072f7f4104000] with protection modes 0

Nmethod flushes (20 events):
Event: 8.281 Thread 0x000072f80c0e3260 flushing  nmethod 0x000072f7fa77d410
Event: 8.281 Thread 0x000072f80c0e3260 flushing  nmethod 0x000072f7fa7b6210
Event: 8.281 Thread 0x000072f80c0e3260 flushing  nmethod 0x000072f7fa7bdc10
Event: 8.281 Thread 0x000072f80c0e3260 flushing  nmethod 0x000072f7fa80b990
Event: 8.281 Thread 0x000072f80c0e3260 flushing  nmethod 0x000072f7fa89d090
Event: 8.281 Thread 0x000072f80c0e3260 flushing  nmethod 0x000072f7fa8a7990
Event: 8.281 Thread 0x000072f80c0e3260 flushing  nmethod 0x000072f7fa911390
Event: 8.281 Thread 0x000072f80c0e3260 flushing  nmethod 0x000072f7fa948510
Event: 8.281 Thread 0x000072f80c0e3260 flushing  nmethod 0x000072f7faa14f90
Event: 8.281 Thread 0x000072f80c0e3260 flushing  nmethod 0x000072f7faa26b90
Event: 8.281 Thread 0x000072f80c0e3260 flushing  nmethod 0x000072f7faaecc10
Event: 8.281 Thread 0x000072f80c0e3260 flushing  nmethod 0x000072f7fab81590
Event: 8.281 Thread 0x000072f80c0e3260 flushing  nmethod 0x000072f7fabab790
Event: 8.281 Thread 0x000072f80c0e3260 flushing  nmethod 0x000072f7fabce590
Event: 8.281 Thread 0x000072f80c0e3260 flushing  nmethod 0x000072f7fad30810
Event: 8.281 Thread 0x000072f80c0e3260 flushing  nmethod 0x000072f7fadf5110
Event: 8.281 Thread 0x000072f80c0e3260 flushing  nmethod 0x000072f7fb0ab190
Event: 8.281 Thread 0x000072f80c0e3260 flushing  nmethod 0x000072f7fb164b10
Event: 8.281 Thread 0x000072f80c0e3260 flushing  nmethod 0x000072f7fb170790
Event: 8.281 Thread 0x000072f80c0e3260 flushing  nmethod 0x000072f7fb37b310

Events (12 events):
Event: 0.003 Thread 0x000072f80c02b6c0 Thread added: 0x000072f80c02b6c0
Event: 0.033 Thread 0x000072f80c02b6c0 Thread added: 0x000072f80c1a2850
Event: 0.038 Thread 0x000072f80c02b6c0 Thread added: 0x000072f80c1aed80
Event: 0.038 Thread 0x000072f80c02b6c0 Thread added: 0x000072f80c1aff40
Event: 0.039 Thread 0x000072f80c02b6c0 Thread added: 0x000072f80c1b17c0
Event: 0.039 Thread 0x000072f80c02b6c0 Thread added: 0x000072f80c1b2e00
Event: 0.039 Thread 0x000072f80c02b6c0 Thread added: 0x000072f80c1bc610
Event: 0.040 Thread 0x000072f80c02b6c0 Thread added: 0x000072f80c1bdb30
Event: 0.040 Thread 0x000072f80c02b6c0 Thread added: 0x000072f80c1c71d0
Event: 0.067 Thread 0x000072f80c02b6c0 Thread added: 0x000072f80c263800
Event: 0.085 Thread 0x000072f80c1bdb30 Thread added: 0x000072f7b80d6db0
Event: 0.085 Thread 0x000072f80c1bdb30 Thread added: 0x000072f7b80d80b0


Dynamic libraries:
6ca800000-6d7800000 rw-p 00000000 00:00 0 
6d7800000-6ddc00000 ---p 00000000 00:00 0 
6ddc00000-6de000000 rw-p 00000000 00:00 0 
6de000000-7ffc00000 ---p 00000000 00:00 0 
7ffc00000-800040000 rw-p 00000000 00:00 0 
800040000-8000c0000 rw-p 00000000 00:00 0 
8000c0000-800140000 rw-p 00000000 00:00 0 
800140000-800990000 rw-p 00000000 00:00 0 
800990000-840000000 ---p 00000000 00:00 0 
622b7026b000-622b7026c000 r--p 00000000 07:00 85                         /snap/android-studio/209/jbr/bin/java
622b7026c000-622b7026d000 r-xp 00000000 07:00 85                         /snap/android-studio/209/jbr/bin/java
622b7026d000-622b7026f000 r--p 00000000 07:00 85                         /snap/android-studio/209/jbr/bin/java
622b7026f000-622b70270000 rw-p 00001000 07:00 85                         /snap/android-studio/209/jbr/bin/java
622b9ad4b000-622b9ad91000 rw-p 00000000 00:00 0                          [heap]
72f776000000-72f7763c0000 rw-p 00000000 00:00 0 
72f7763c0000-72f7763e0000 rw-p 00000000 00:00 0 
72f7763e0000-72f776400000 ---p 00000000 00:00 0 
72f776400000-72f776b60000 rw-p 00000000 00:00 0 
72f776b60000-72f77a000000 ---p 00000000 00:00 0 
72f77a800000-72f77b2a3000 r--s 00000000 08:02 18625622                   /home/llirikh/.gradle/caches/8.14.3/transforms/6ffb8a0987a16785ad9dd0624e6bee69/transformed/material3-api.jar
72f77b400000-72f77bb68000 r--s 00000000 08:02 18625808                   /home/llirikh/.gradle/caches/8.14.3/transforms/fdd6a35e3f881c82ed7e44c9d9b0a54d/transformed/ui-api.jar
72f781400000-72f7816d8000 r--s 00000000 08:02 18625716                   /home/llirikh/.gradle/caches/8.14.3/transforms/fcfc4925686a81be45ea8270e422cc30/transformed/core-1.17.0-api.jar
72f781800000-72f78221e000 r--s 00000000 08:02 18625643                   /home/llirikh/.gradle/caches/8.14.3/transforms/37740300d2a2bef7dd0bc307c35cf096/transformed/foundation-api.jar
72f782400000-72f783e7c000 r--s 00000000 08:02 16130249                   /home/llirikh/Android/Sdk/platforms/android-36/android.jar
72f784000000-72f784021000 rw-p 00000000 00:00 0 
72f784021000-72f788000000 ---p 00000000 00:00 0 
72f788000000-72f788021000 rw-p 00000000 00:00 0 
72f788021000-72f78c000000 ---p 00000000 00:00 0 
72f78c000000-72f78c021000 rw-p 00000000 00:00 0 
72f78c021000-72f790000000 ---p 00000000 00:00 0 
72f790000000-72f790021000 rw-p 00000000 00:00 0 
72f790021000-72f794000000 ---p 00000000 00:00 0 
72f794000000-72f794021000 rw-p 00000000 00:00 0 
72f794021000-72f798000000 ---p 00000000 00:00 0 
72f798000000-72f798021000 rw-p 00000000 00:00 0 
72f798021000-72f79c000000 ---p 00000000 00:00 0 
72f79c000000-72f79c021000 rw-p 00000000 00:00 0 
72f79c021000-72f7a0000000 ---p 00000000 00:00 0 
72f7a0000000-72f7a0201000 rw-p 00000000 00:00 0 
72f7a0201000-72f7a4000000 ---p 00000000 00:00 0 
72f7a4000000-72f7a5762000 rw-p 00000000 00:00 0 
72f7a5762000-72f7a8000000 ---p 00000000 00:00 0 
72f7a8000000-72f7a9680000 rw-p 00000000 00:00 0 
72f7a9680000-72f7ac000000 ---p 00000000 00:00 0 
72f7ac000000-72f7acf4f000 rw-p 00000000 00:00 0 
72f7acf4f000-72f7b0000000 ---p 00000000 00:00 0 
72f7b0000000-72f7b0021000 rw-p 00000000 00:00 0 
72f7b0021000-72f7b4000000 ---p 00000000 00:00 0 
72f7b4000000-72f7b4021000 rw-p 00000000 00:00 0 
72f7b4021000-72f7b8000000 ---p 00000000 00:00 0 
72f7b8000000-72f7b96e1000 rw-p 00000000 00:00 0 
72f7b96e1000-72f7bc000000 ---p 00000000 00:00 0 
72f7bc000000-72f7bc021000 rw-p 00000000 00:00 0 
72f7bc021000-72f7c0000000 ---p 00000000 00:00 0 
72f7c0000000-72f7c0021000 rw-p 00000000 00:00 0 
72f7c0021000-72f7c4000000 ---p 00000000 00:00 0 
72f7c4000000-72f7c4021000 rw-p 00000000 00:00 0 
72f7c4021000-72f7c8000000 ---p 00000000 00:00 0 
72f7c8000000-72f7c8021000 rw-p 00000000 00:00 0 
72f7c8021000-72f7cc000000 ---p 00000000 00:00 0 
72f7cc000000-72f7cc021000 rw-p 00000000 00:00 0 
72f7cc021000-72f7d0000000 ---p 00000000 00:00 0 
72f7d0000000-72f7d0021000 rw-p 00000000 00:00 0 
72f7d0021000-72f7d4000000 ---p 00000000 00:00 0 
72f7d4000000-72f7d4500000 rw-p 00000000 00:00 0 
72f7d4500000-72f7d4580000 rw-p 00000000 00:00 0 
72f7d4580000-72f7d4700000 rw-p 00000000 00:00 0 
72f7d4700000-72f7d4900000 rw-p 00000000 00:00 0 
72f7d4900000-72f7d4a00000 rw-p 00000000 00:00 0 
72f7d4a00000-72f7d4b00000 rw-p 00000000 00:00 0 
72f7d4b00000-72f7d4c00000 rw-p 00000000 00:00 0 
72f7d4c00000-72f7d5180000 rw-p 00000000 00:00 0 
72f7d5180000-72f7d5200000 rw-p 00000000 00:00 0 
72f7d5200000-72f7d5900000 rw-p 00000000 00:00 0 
72f7d5900000-72f7d5a00000 rw-p 00000000 00:00 0 
72f7d5a00000-72f7d65c0000 rw-p 00000000 00:00 0 
72f7d65c0000-72f7d6680000 rw-p 00000000 00:00 0 
72f7d6680000-72f7d8000000 rw-p 00000000 00:00 0 
72f7d8000000-72f7d8021000 rw-p 00000000 00:00 0 
72f7d8021000-72f7dc000000 ---p 00000000 00:00 0 
72f7dc000000-72f7dc021000 rw-p 00000000 00:00 0 
72f7dc021000-72f7e0000000 ---p 00000000 00:00 0 
72f7e0000000-72f7e0021000 rw-p 00000000 00:00 0 
72f7e0021000-72f7e4000000 ---p 00000000 00:00 0 
72f7e4139000-72f7e42a3000 r--s 00000000 08:02 16030591                   /home/llirikh/.gradle/caches/modules-2/files-2.1/org.jetbrains.kotlinx/kotlinx-coroutines-core-jvm/1.10.2/4a9f78ef49483748e2c129f3d124b8fa249dafbf/kotlinx-coroutines-core-jvm-1.10.2.jar
72f7e42a3000-72f7e4400000 r--s 00000000 08:02 18625630                   /home/llirikh/.gradle/caches/8.14.3/transforms/39e62dbef6d4e70d9addd750c0e54814/transformed/foundation-layout-api.jar
72f7e44ae000-72f7e4736000 rw-p 00000000 00:00 0 
72f7e4736000-72f7e479c000 r--s 00000000 08:02 16030582                   /home/llirikh/.gradle/caches/modules-2/files-2.1/io.ktor/ktor-http-jvm/3.3.3/1795370b2729ccb0946991fac7a62d63c807a2bc/ktor-http-jvm-3.3.3.jar
72f7e479c000-72f7e4992000 r--s 00000000 08:02 18625611                   /home/llirikh/.gradle/caches/8.14.3/transforms/e6e697f242606f6bd1bad7412bd18710/transformed/ui-text-api.jar
72f7e4992000-72f7e4b25000 r--s 00000000 08:02 18625674                   /home/llirikh/.gradle/caches/8.14.3/transforms/c7133bea4d4651c5fd891c837174d00a/transformed/ui-graphics-api.jar
72f7e4c00000-72f7e4f82000 r--s 00000000 08:02 18625885                   /home/llirikh/.gradle/caches/8.14.3/transforms/898d36f9832f8d8a9bd42cf9d521110b/transformed/runtime-api.jar
72f7e4f9e000-72f7e5048000 r--s 00000000 08:02 16015560                   /home/llirikh/.gradle/caches/modules-2/files-2.1/org.jetbrains.kotlinx/kotlinx-datetime-jvm/0.7.1/81c2e0246bd28cc2dcbdf0ab53628322e66a9de9/kotlinx-datetime-jvm-0.7.1.jar
72f7e5048000-72f7e51f7000 r--s 00000000 08:02 16016728                   /home/llirikh/.gradle/caches/modules-2/files-2.1/org.jetbrains.kotlin/kotlin-stdlib/2.2.21/fa374a986e128314c3db00a20aae55f72a258511/kotlin-stdlib-2.2.21.jar
72f7e5209000-72f7e52f0000 r--s 00000000 08:02 18625642                   /home/llirikh/.gradle/caches/8.14.3/transforms/bbd2c8a49913b2032ea61fc7da50bc0f/transformed/animation-core-api.jar
72f7e52f0000-72f7e5439000 r--s 00000000 08:02 18625651                   /home/llirikh/.gradle/caches/8.14.3/transforms/0a0237bffa927718dbc65d0bc92e5b9a/transformed/animation-api.jar
72f7e5439000-72f7e54f9000 r--s 00000000 08:02 18625619                   /home/llirikh/.gradle/caches/8.14.3/transforms/6741ff9921f315561a13e2dffc6dd666/transformed/navigation-common-release-api.jar
72f7e54f9000-72f7e54fa000 ---p 00000000 00:00 0 
72f7e54fa000-72f7e55fa000 rw-p 00000000 00:00 0 
72f7e55fa000-72f7e55fb000 ---p 00000000 00:00 0 
72f7e55fb000-72f7e56fb000 rw-p 00000000 00:00 0 
72f7e56fb000-72f7e56fc000 ---p 00000000 00:00 0 
72f7e56fc000-72f7e57fc000 rw-p 00000000 00:00 0 
72f7e57fc000-72f7e57fd000 ---p 00000000 00:00 0 
72f7e57fd000-72f7e58fd000 rw-p 00000000 00:00 0 
72f7e58fd000-72f7e58fe000 ---p 00000000 00:00 0 
72f7e58fe000-72f7e59fe000 rw-p 00000000 00:00 0 
72f7e59fe000-72f7e59ff000 ---p 00000000 00:00 0 
72f7e59ff000-72f7e5aff000 rw-p 00000000 00:00 0 
72f7e5aff000-72f7e5b00000 ---p 00000000 00:00 0 
72f7e5b00000-72f7e5c00000 rw-p 00000000 00:00 0 
72f7e5c00000-72f7e5c03000 r-xp 00000000 08:02 23855155                   /tmp/jansi-2.4.0-3ec064a636b86a2a-libjansi.so
72f7e5c03000-72f7e5e02000 ---p 00003000 08:02 23855155                   /tmp/jansi-2.4.0-3ec064a636b86a2a-libjansi.so
72f7e5e02000-72f7e5e03000 rw-p 00002000 08:02 23855155                   /tmp/jansi-2.4.0-3ec064a636b86a2a-libjansi.so
72f7e5e9d000-72f7e5eff000 r--s 00000000 08:02 16015356                   /home/llirikh/.gradle/caches/modules-2/files-2.1/org.jetbrains.kotlinx/kotlinx-serialization-core-jvm/1.9.0/91448df39c558f7c6147b8bd8db01debe16e0cc1/kotlinx-serialization-core-jvm-1.9.0.jar
72f7e5eff000-72f7e5f00000 ---p 00000000 00:00 0 
72f7e5f00000-72f7e6000000 rw-p 00000000 00:00 0 
72f7e6000000-72f7e8021000 rw-p 00000000 00:00 0 
72f7e8021000-72f7ec000000 ---p 00000000 00:00 0 
72f7ec000000-72f7ec021000 rw-p 00000000 00:00 0 
72f7ec021000-72f7f0000000 ---p 00000000 00:00 0 
72f7f0000000-72f7f0021000 rw-p 00000000 00:00 0 
72f7f0021000-72f7f4000000 ---p 00000000 00:00 0 
72f7f402c000-72f7f408f000 r--s 00000000 08:02 18625829                   /home/llirikh/.gradle/caches/8.14.3/transforms/1bdf280fcf3815f8a05bb09857d4f45f/transformed/core-ktx-1.17.0-api.jar
72f7f408f000-72f7f4100000 r--s 00000000 08:02 18625818                   /home/llirikh/.gradle/caches/8.14.3/transforms/dad0837fa94828ed4ab7b13a361797f2/transformed/activity-1.12.2-api.jar
72f7f4100000-72f7f4104000 ---p 00000000 00:00 0 
72f7f4104000-72f7f4200000 rw-p 00000000 00:00 0 
72f7f4200000-72f7f4204000 ---p 00000000 00:00 0 
72f7f4204000-72f7f4300000 rw-p 00000000 00:00 0 
72f7f4300000-72f7f4304000 ---p 00000000 00:00 0 
72f7f4304000-72f7f4400000 rw-p 00000000 00:00 0 
72f7f4400000-72f7f4404000 ---p 00000000 00:00 0 
72f7f4404000-72f7f4500000 rw-p 00000000 00:00 0 
72f7f4500000-72f7f4504000 ---p 00000000 00:00 0 
72f7f4504000-72f7f4600000 rw-p 00000000 00:00 0 
72f7f4600000-72f7f4604000 ---p 00000000 00:00 0 
72f7f4604000-72f7f4700000 rw-p 00000000 00:00 0 
72f7f4700000-72f7f4704000 ---p 00000000 00:00 0 
72f7f4704000-72f7f4800000 rw-p 00000000 00:00 0 
72f7f4800000-72f7f4804000 ---p 00000000 00:00 0 
72f7f4804000-72f7f4900000 rw-p 00000000 00:00 0 
72f7f4900000-72f7f4904000 ---p 00000000 00:00 0 
72f7f4904000-72f7f4a00000 rw-p 00000000 00:00 0 
72f7f4a00000-72f7f4f75000 r--p 00000000 08:02 22547070                   /usr/lib/locale/locale-archive
72f7f4f7d000-72f7f4fa0000 r--s 00000000 08:02 18625659                   /home/llirikh/.gradle/caches/8.14.3/transforms/ff1483395070eba8828de12b08780676/transformed/ui-geometry-api.jar
72f7f4fa0000-72f7f4fa4000 ---p 00000000 00:00 0 
72f7f4fa4000-72f7f50a0000 rw-p 00000000 00:00 0 
72f7f50a0000-72f7f53e0000 rw-p 00000000 00:00 0 
72f7f53e0000-72f7f5570000 ---p 00000000 00:00 0 
72f7f5570000-72f7f5580000 rw-p 00000000 00:00 0 
72f7f5580000-72f7f9df0000 ---p 00000000 00:00 0 
72f7f9df0000-72f7f9e00000 rw-p 00000000 00:00 0 
72f7f9e00000-72f7fbdd0000 rwxp 00000000 00:00 0 
72f7fbdd0000-72f801337000 ---p 00000000 00:00 0 
72f801337000-72f8015a7000 rwxp 00000000 00:00 0 
72f8015a7000-72f8018c9000 ---p 00000000 00:00 0 
72f8018c9000-72f801f29000 rwxp 00000000 00:00 0 
72f801f29000-72f808e00000 ---p 00000000 00:00 0 
72f808e08000-72f808e5e000 r--s 00000000 08:02 18625875                   /home/llirikh/.gradle/caches/8.14.3/transforms/ee1ef051548e0ad610b437caad679b14/transformed/savedstate-api.jar
72f808e5e000-72f808e95000 r--s 00000000 08:02 18625610                   /home/llirikh/.gradle/caches/8.14.3/transforms/f925d961369e8121ca0e93fe2dd6c600/transformed/ui-unit-api.jar
72f808e95000-72f80c000000 r--s 00000000 07:00 507                        /snap/android-studio/209/jbr/lib/modules
72f80c000000-72f80ebdf000 rw-p 00000000 00:00 0 
72f80ebdf000-72f810000000 ---p 00000000 00:00 0 
72f810001000-72f810024000 r--s 00000000 08:02 18625783                   /home/llirikh/.gradle/caches/8.14.3/transforms/d8243c9e7b4027296e2672684e9c174a/transformed/lifecycle-viewmodel-api.jar
72f810024000-72f810045000 rw-p 00000000 00:00 0 
72f810046000-72f81005e000 r--s 00000000 08:02 18625844                   /home/llirikh/.gradle/caches/8.14.3/transforms/a8a7be47c62380e27110764e0be121b6/transformed/navigationevent-api.jar
72f81005e000-72f81009f000 r--s 00000000 08:02 18625624                   /home/llirikh/.gradle/caches/8.14.3/transforms/2efed98097ac1484c497aea71ea4b361/transformed/coil-compose-base-2.7.0-api.jar
72f8100af000-72f8100b3000 r--s 00000000 08:02 16150955                   /home/llirikh/Android/Sdk/build-tools/35.0.0/core-lambda-stubs.jar
72f8100b3000-72f8100c2000 r--s 00000000 08:02 16030937                   /home/llirikh/.gradle/caches/modules-2/files-2.1/androidx.lifecycle/lifecycle-common-jvm/2.10.0/2b7a92c746f3339efc533a2da0024e596760f816/lifecycle-common-jvm-2.10.0.jar
72f8100c2000-72f8100d1000 r--s 00000000 08:02 16030936                   /home/llirikh/.gradle/caches/modules-2/files-2.1/androidx.annotation/annotation-jvm/1.9.1/b17951747e38bf3986a24431b9ba0d039958aa5f/annotation-jvm-1.9.1.jar
72f8100d1000-72f8100d7000 r--p 00000000 07:00 504                        /snap/android-studio/209/jbr/lib/libverify.so
72f8100d7000-72f8100df000 r-xp 00005000 07:00 504                        /snap/android-studio/209/jbr/lib/libverify.so
72f8100df000-72f8100e1000 r--p 0000c000 07:00 504                        /snap/android-studio/209/jbr/lib/libverify.so
72f8100e1000-72f8100e2000 rw-p 0000d000 07:00 504                        /snap/android-studio/209/jbr/lib/libverify.so
72f8100e2000-72f8100e5000 r--p 00000000 07:00 494                        /snap/android-studio/209/jbr/lib/libmanagement_ext.so
72f8100e5000-72f8100e8000 r-xp 00002000 07:00 494                        /snap/android-studio/209/jbr/lib/libmanagement_ext.so
72f8100e8000-72f8100e9000 r--p 00004000 07:00 494                        /snap/android-studio/209/jbr/lib/libmanagement_ext.so
72f8100e9000-72f8100ea000 rw-p 00004000 07:00 494                        /snap/android-studio/209/jbr/lib/libmanagement_ext.so
72f8100ea000-72f8100ee000 r--p 00000000 07:00 496                        /snap/android-studio/209/jbr/lib/libnet.so
72f8100ee000-72f8100f6000 r-xp 00003000 07:00 496                        /snap/android-studio/209/jbr/lib/libnet.so
72f8100f6000-72f8100f7000 r--p 0000a000 07:00 496                        /snap/android-studio/209/jbr/lib/libnet.so
72f8100f7000-72f8100f8000 rw-p 0000a000 07:00 496                        /snap/android-studio/209/jbr/lib/libnet.so
72f8100f8000-72f8100fc000 ---p 00000000 00:00 0 
72f8100fc000-72f8101f8000 rw-p 00000000 00:00 0 
72f8101f8000-72f8101f9000 ---p 00000000 00:00 0 
72f8101f9000-72f8102f9000 rw-p 00000000 00:00 0 
72f8102f9000-72f810302000 r--p 00000000 07:00 506                        /snap/android-studio/209/jbr/lib/libzip.so
72f810302000-72f810317000 r-xp 00008000 07:00 506                        /snap/android-studio/209/jbr/lib/libzip.so
72f810317000-72f810318000 r--p 0001c000 07:00 506                        /snap/android-studio/209/jbr/lib/libzip.so
72f810318000-72f810319000 rw-p 0001c000 07:00 506                        /snap/android-studio/209/jbr/lib/libzip.so
72f810319000-72f81031a000 ---p 00000000 00:00 0 
72f81031a000-72f81041a000 rw-p 00000000 00:00 0 
72f81052d000-72f810534000 r--s 00000000 08:02 22566968                   /usr/lib/x86_64-linux-gnu/gconv/gconv-modules.cache
72f810534000-72f810651000 rw-p 00000000 00:00 0 
72f810651000-72f810652000 ---p 00000000 00:00 0 
72f810652000-72f810752000 rw-p 00000000 00:00 0 
72f810752000-72f810753000 ---p 00000000 00:00 0 
72f810753000-72f810853000 rw-p 00000000 00:00 0 
72f810853000-72f81105b000 rw-p 00000000 00:00 0 
72f81105b000-72f81105c000 ---p 00000000 00:00 0 
72f81105c000-72f81115c000 rw-p 00000000 00:00 0 
72f81115c000-72f81115d000 ---p 00000000 00:00 0 
72f81115d000-72f81125d000 rw-p 00000000 00:00 0 
72f81125d000-72f81125e000 ---p 00000000 00:00 0 
72f81125e000-72f81135e000 rw-p 00000000 00:00 0 
72f81135e000-72f8113ed000 rw-p 00000000 00:00 0 
72f8113ed000-72f81141f000 ---p 00000000 00:00 0 
72f81141f000-72f811421000 rw-p 00000000 00:00 0 
72f811421000-72f811d2f000 ---p 00000000 00:00 0 
72f811d2f000-72f811d99000 rw-p 00000000 00:00 0 
72f811d99000-72f811dcb000 ---p 00000000 00:00 0 
72f811dcb000-72f811dcd000 rw-p 00000000 00:00 0 
72f811dcd000-72f8126db000 ---p 00000000 00:00 0 
72f8126db000-72f812ef2000 rw-p 00000000 00:00 0 
72f812ef2000-72f812fd0000 ---p 00000000 00:00 0 
72f812fd0000-72f813010000 rw-p 00000000 00:00 0 
72f813010000-72f8130bb000 ---p 00000000 00:00 0 
72f8130bb000-72f8130bf000 ---p 00000000 00:00 0 
72f8130bf000-72f8131bb000 rw-p 00000000 00:00 0 
72f8131bb000-72f813713000 r--p 00000000 07:00 517                        /snap/android-studio/209/jbr/lib/server/libjvm.so
72f813713000-72f814299000 r-xp 00557000 07:00 517                        /snap/android-studio/209/jbr/lib/server/libjvm.so
72f814299000-72f814366000 r--p 010dc000 07:00 517                        /snap/android-studio/209/jbr/lib/server/libjvm.so
72f814366000-72f814389000 rw-p 011a8000 07:00 517                        /snap/android-studio/209/jbr/lib/server/libjvm.so
72f814389000-72f814400000 rw-p 00000000 00:00 0 
72f814400000-72f814428000 r--p 00000000 08:02 22566979                   /usr/lib/x86_64-linux-gnu/libc.so.6
72f814428000-72f8145b0000 r-xp 00028000 08:02 22566979                   /usr/lib/x86_64-linux-gnu/libc.so.6
72f8145b0000-72f8145ff000 r--p 001b0000 08:02 22566979                   /usr/lib/x86_64-linux-gnu/libc.so.6
72f8145ff000-72f814603000 r--p 001fe000 08:02 22566979                   /usr/lib/x86_64-linux-gnu/libc.so.6
72f814603000-72f814605000 rw-p 00202000 08:02 22566979                   /usr/lib/x86_64-linux-gnu/libc.so.6
72f814605000-72f814612000 rw-p 00000000 00:00 0 
72f814614000-72f814615000 r--s 00000000 08:02 16030939                   /home/llirikh/.gradle/caches/modules-2/files-2.1/org.jspecify/jspecify/1.0.0/7425a601c1c7ec76645a78d22b8c6a627edee507/jspecify-1.0.0.jar
72f814618000-72f814623000 r--p 00000000 07:00 497                        /snap/android-studio/209/jbr/lib/libnio.so
72f814623000-72f81462c000 r-xp 0000a000 07:00 497                        /snap/android-studio/209/jbr/lib/libnio.so
72f81462c000-72f81462d000 r--p 00012000 07:00 497                        /snap/android-studio/209/jbr/lib/libnio.so
72f81462d000-72f81462e000 rw-p 00012000 07:00 497                        /snap/android-studio/209/jbr/lib/libnio.so
72f81462e000-72f8146aa000 rw-p 00000000 00:00 0 
72f8146aa000-72f8146b1000 ---p 00000000 00:00 0 
72f8146b1000-72f8146c3000 r--p 00000000 07:00 482                        /snap/android-studio/209/jbr/lib/libjava.so
72f8146c3000-72f8146d1000 r-xp 00011000 07:00 482                        /snap/android-studio/209/jbr/lib/libjava.so
72f8146d1000-72f8146d3000 r--p 0001e000 07:00 482                        /snap/android-studio/209/jbr/lib/libjava.so
72f8146d3000-72f8146d5000 rw-p 0001f000 07:00 482                        /snap/android-studio/209/jbr/lib/libjava.so
72f8146d5000-72f8146e0000 r--p 00000000 07:00 486                        /snap/android-studio/209/jbr/lib/libjimage.so
72f8146e0000-72f8146f4000 r-xp 0000a000 07:00 486                        /snap/android-studio/209/jbr/lib/libjimage.so
72f8146f4000-72f8146f6000 r--p 0001d000 07:00 486                        /snap/android-studio/209/jbr/lib/libjimage.so
72f8146f6000-72f8146f7000 rw-p 0001e000 07:00 486                        /snap/android-studio/209/jbr/lib/libjimage.so
72f8146f7000-72f8146f8000 rw-p 00000000 00:00 0 
72f8146f8000-72f8146f9000 r--p 00000000 08:02 22566993                   /usr/lib/x86_64-linux-gnu/librt.so.1
72f8146f9000-72f8146fa000 r-xp 00001000 08:02 22566993                   /usr/lib/x86_64-linux-gnu/librt.so.1
72f8146fa000-72f8146fb000 r--p 00002000 08:02 22566993                   /usr/lib/x86_64-linux-gnu/librt.so.1
72f8146fb000-72f8146fc000 r--p 00002000 08:02 22566993                   /usr/lib/x86_64-linux-gnu/librt.so.1
72f8146fc000-72f8146fd000 rw-p 00003000 08:02 22566993                   /usr/lib/x86_64-linux-gnu/librt.so.1
72f8146fd000-72f81470d000 r--p 00000000 08:02 22566982                   /usr/lib/x86_64-linux-gnu/libm.so.6
72f81470d000-72f81478c000 r-xp 00010000 08:02 22566982                   /usr/lib/x86_64-linux-gnu/libm.so.6
72f81478c000-72f8147e4000 r--p 0008f000 08:02 22566982                   /usr/lib/x86_64-linux-gnu/libm.so.6
72f8147e4000-72f8147e5000 r--p 000e7000 08:02 22566982                   /usr/lib/x86_64-linux-gnu/libm.so.6
72f8147e5000-72f8147e6000 rw-p 000e8000 08:02 22566982                   /usr/lib/x86_64-linux-gnu/libm.so.6
72f8147e6000-72f8147e8000 rw-p 00000000 00:00 0 
72f8147e8000-72f8147e9000 r--p 00000000 08:02 22566981                   /usr/lib/x86_64-linux-gnu/libdl.so.2
72f8147e9000-72f8147ea000 r-xp 00001000 08:02 22566981                   /usr/lib/x86_64-linux-gnu/libdl.so.2
72f8147ea000-72f8147eb000 r--p 00002000 08:02 22566981                   /usr/lib/x86_64-linux-gnu/libdl.so.2
72f8147eb000-72f8147ec000 r--p 00002000 08:02 22566981                   /usr/lib/x86_64-linux-gnu/libdl.so.2
72f8147ec000-72f8147ed000 rw-p 00003000 08:02 22566981                   /usr/lib/x86_64-linux-gnu/libdl.so.2
72f8147ed000-72f8147ee000 r--p 00000000 08:02 22566991                   /usr/lib/x86_64-linux-gnu/libpthread.so.0
72f8147ee000-72f8147ef000 r-xp 00001000 08:02 22566991                   /usr/lib/x86_64-linux-gnu/libpthread.so.0
72f8147ef000-72f8147f0000 r--p 00002000 08:02 22566991                   /usr/lib/x86_64-linux-gnu/libpthread.so.0
72f8147f0000-72f8147f1000 r--p 00002000 08:02 22566991                   /usr/lib/x86_64-linux-gnu/libpthread.so.0
72f8147f1000-72f8147f2000 rw-p 00003000 08:02 22566991                   /usr/lib/x86_64-linux-gnu/libpthread.so.0
72f8147f2000-72f8147f4000 r--s 00000000 08:02 18625842                   /home/llirikh/.gradle/caches/8.14.3/transforms/1744456f922624f0a9c3227daf00bc6a/transformed/runtime-annotation-api.jar
72f8147f4000-72f8147f7000 r--p 00000000 07:00 492                        /snap/android-studio/209/jbr/lib/libmanagement.so
72f8147f7000-72f8147f9000 r-xp 00002000 07:00 492                        /snap/android-studio/209/jbr/lib/libmanagement.so
72f8147f9000-72f8147fa000 r--p 00003000 07:00 492                        /snap/android-studio/209/jbr/lib/libmanagement.so
72f8147fa000-72f8147fb000 rw-p 00003000 07:00 492                        /snap/android-studio/209/jbr/lib/libmanagement.so
72f8147fb000-72f814803000 rw-s 00000000 08:02 26214760                   /tmp/hsperfdata_llirikh/55020
72f814803000-72f814804000 ---p 00000000 00:00 0 
72f814804000-72f814805000 r--p 00000000 00:00 0 
72f814805000-72f814806000 ---p 00000000 00:00 0 
72f814806000-72f81480f000 r--p 00000000 07:00 487                        /snap/android-studio/209/jbr/lib/libjli.so
72f81480f000-72f81481e000 r-xp 00008000 07:00 487                        /snap/android-studio/209/jbr/lib/libjli.so
72f81481e000-72f81481f000 r--p 00016000 07:00 487                        /snap/android-studio/209/jbr/lib/libjli.so
72f81481f000-72f814820000 rw-p 00016000 07:00 487                        /snap/android-studio/209/jbr/lib/libjli.so
72f814820000-72f814822000 rw-p 00000000 00:00 0 
72f814822000-72f814824000 r--p 00000000 00:00 0                          [vvar]
72f814824000-72f814826000 r--p 00000000 00:00 0                          [vvar_vclock]
72f814826000-72f814828000 r-xp 00000000 00:00 0                          [vdso]
72f814828000-72f814829000 r--p 00000000 08:02 22566976                   /usr/lib/x86_64-linux-gnu/ld-linux-x86-64.so.2
72f814829000-72f814854000 r-xp 00001000 08:02 22566976                   /usr/lib/x86_64-linux-gnu/ld-linux-x86-64.so.2
72f814854000-72f81485e000 r--p 0002c000 08:02 22566976                   /usr/lib/x86_64-linux-gnu/ld-linux-x86-64.so.2
72f81485e000-72f814860000 r--p 00036000 08:02 22566976                   /usr/lib/x86_64-linux-gnu/ld-linux-x86-64.so.2
72f814860000-72f814862000 rw-p 00038000 08:02 22566976                   /usr/lib/x86_64-linux-gnu/ld-linux-x86-64.so.2
7fffc705f000-7fffc7080000 rw-p 00000000 00:00 0                          [stack]
ffffffffff600000-ffffffffff601000 --xp 00000000 00:00 0                  [vsyscall]
Total number of mappings: 290


VM Arguments:
jvm_args: -Dawt.toolkit.name=XToolkit 
java_command: org.jetbrains.kotlin.cli.jvm.K2JVMCompiler @/home/llirikh/AndroidStudioProjects/News/app/build/20260116_6296635498511055889.compiler.options
java_class_path (initial): /home/llirikh/.gradle/caches/modules-2/files-2.1/org.jetbrains.kotlin/kotlin-compiler-embeddable/2.2.0/8cfa2b049a4006d94474296df4abd9b50f288821/kotlin-compiler-embeddable-2.2.0.jar:/home/llirikh/.gradle/caches/modules-2/files-2.1/org.jetbrains.kotlin/kotlin-stdlib/2.2.0/fdfc65fbc42fda253a26f61dac3c0aca335fae96/kotlin-stdlib-2.2.0.jar:/home/llirikh/.gradle/caches/modules-2/files-2.1/org.jetbrains.kotlin/kotlin-script-runtime/2.2.0/87c92e866fcd68680966a3005a2992e1ab8ec6ad/kotlin-script-runtime-2.2.0.jar:/home/llirikh/.gradle/caches/modules-2/files-2.1/org.jetbrains.kotlin/kotlin-reflect/1.6.10/1cbe9c92c12a94eea200d23c2bbaedaf3daf5132/kotlin-reflect-1.6.10.jar:/home/llirikh/.gradle/caches/modules-2/files-2.1/org.jetbrains.kotlin/kotlin-daemon-embeddable/2.2.0/58d92195dcdb0e33a63d3ae0eaa7efe42851e735/kotlin-daemon-embeddable-2.2.0.jar:/home/llirikh/.gradle/caches/modules-2/files-2.1/org.jetbrains.kotlinx/kotlinx-coroutines-core-jvm/1.8.0/ac1dc37a30a93150b704022f8d895ee1bd3a36b3/kotlinx-coroutines-core-jvm-1.8.0.jar:/home/llirikh/.gradle/caches/modules-2/files-2.1/org.jetbrains/annotations/13.0/919f0dfe192fb4e063e7dacadee7f8bb9a2672a9/annotations-13.0.jar
Launcher Type: SUN_STANDARD

[Global flags]
     intx CICompilerCount                          = 4                                         {product} {ergonomic}
     uint ConcGCThreads                            = 2                                         {product} {ergonomic}
     uint G1ConcRefinementThreads                  = 8                                         {product} {ergonomic}
   size_t G1HeapRegionSize                         = 4194304                                   {product} {ergonomic}
    uintx GCDrainStackTargetSize                   = 64                                        {product} {ergonomic}
   size_t InitialHeapSize                          = 327155712                                 {product} {ergonomic}
   size_t MarkStackSize                            = 4194304                                   {product} {ergonomic}
   size_t MaxHeapSize                              = 5192548352                                {product} {ergonomic}
   size_t MaxNewSize                               = 3112173568                                {product} {ergonomic}
   size_t MinHeapDeltaBytes                        = 4194304                                   {product} {ergonomic}
   size_t MinHeapSize                              = 8388608                                   {product} {ergonomic}
    uintx NonNMethodCodeHeapSize                   = 5839372                                {pd product} {ergonomic}
    uintx NonProfiledCodeHeapSize                  = 122909434                              {pd product} {ergonomic}
    uintx ProfiledCodeHeapSize                     = 122909434                              {pd product} {ergonomic}
    uintx ReservedCodeCacheSize                    = 251658240                              {pd product} {ergonomic}
     bool SegmentedCodeCache                       = true                                      {product} {ergonomic}
   size_t SoftMaxHeapSize                          = 5192548352                             {manageable} {ergonomic}
     bool UseCompressedOops                        = true                           {product lp64_product} {ergonomic}
     bool UseG1GC                                  = true                                      {product} {ergonomic}

Logging:
Log output configuration:
 #0: stdout all=warning uptime,level,tags foldmultilines=false
 #1: stderr all=off uptime,level,tags foldmultilines=false

Environment Variables:
PATH=/home/llirikh/.local/bin:/usr/local/sbin:/usr/local/bin:/usr/sbin:/usr/bin:/sbin:/bin:/usr/games:/usr/local/games:/snap/bin:/snap/bin
USERNAME=llirikh
SHELL=/bin/bash
DISPLAY=:0
LANG=en_US.UTF-8

Active Locale:
LC_ALL=en_US.UTF-8
LC_COLLATE=en_US.UTF-8
LC_CTYPE=en_US.UTF-8
LC_MESSAGES=en_US.UTF-8
LC_MONETARY=en_US.UTF-8
LC_NUMERIC=en_US.UTF-8
LC_TIME=en_US.UTF-8

Signal Handlers:
   SIGSEGV: crash_handler in libjvm.so, mask=11100100010111111101111111111110, flags=SA_RESTART|SA_SIGINFO, unblocked
    SIGBUS: crash_handler in libjvm.so, mask=11100100010111111101111111111110, flags=SA_RESTART|SA_SIGINFO, unblocked
    SIGFPE: crash_handler in libjvm.so, mask=11100100010111111101111111111110, flags=SA_RESTART|SA_SIGINFO, unblocked
   SIGPIPE: javaSignalHandler in libjvm.so, mask=11100100010111111101111111111110, flags=SA_RESTART|SA_SIGINFO, blocked
   SIGXFSZ: javaSignalHandler in libjvm.so, mask=11100100010111111101111111111110, flags=SA_RESTART|SA_SIGINFO, blocked
    SIGILL: crash_handler in libjvm.so, mask=11100100010111111101111111111110, flags=SA_RESTART|SA_SIGINFO, unblocked
   SIGUSR2: SR_handler in libjvm.so, mask=00000000000000000000000000000000, flags=SA_RESTART|SA_SIGINFO, blocked
    SIGHUP: UserHandler in libjvm.so, mask=11100100010111111101111111111110, flags=SA_RESTART|SA_SIGINFO, blocked
    SIGINT: UserHandler in libjvm.so, mask=11100100010111111101111111111110, flags=SA_RESTART|SA_SIGINFO, blocked
   SIGTERM: UserHandler in libjvm.so, mask=11100100010111111101111111111110, flags=SA_RESTART|SA_SIGINFO, blocked
   SIGQUIT: UserHandler in libjvm.so, mask=11100100010111111101111111111110, flags=SA_RESTART|SA_SIGINFO, blocked
   SIGTRAP: crash_handler in libjvm.so, mask=11100100010111111101111111111110, flags=SA_RESTART|SA_SIGINFO, unblocked


Periodic native trim disabled

JNI global refs:
JNI global refs: 15, weak refs: 5

JNI global refs memory usage: 859, weak refs: 857

Process memory usage:
Resident Set Size: 526548K (2% of 20274404K total physical memory with 11376020K free physical memory)

OOME stack traces (most recent first):
Classloader memory used:
Loader jdk.internal.loader.ClassLoaders$AppClassLoader                                 : 71388K
Loader bootstrap                                                                       : 11936K
Loader java.net.URLClassLoader                                                         : 3100K

---------------  S Y S T E M  ---------------

OS:
DISTRIB_ID=Ubuntu
DISTRIB_RELEASE=24.04
DISTRIB_CODENAME=noble
DISTRIB_DESCRIPTION="Ubuntu 24.04.3 LTS"
uname: Linux 6.14.0-37-generic #37~24.04.1-Ubuntu SMP PREEMPT_DYNAMIC Thu Nov 20 10:25:38 UTC 2 x86_64
OS uptime: 0 days 1:15 hours
libc: glibc 2.39 NPTL 2.39 
rlimit (soft/hard): STACK 8192k/infinity , CORE 0k/infinity , NPROC 78572/78572 , NOFILE 1048576/1048576 , AS infinity/infinity , CPU infinity/infinity , DATA infinity/infinity , FSIZE infinity/infinity , MEMLOCK 2534300k/2534300k
load average: 9.78 11.26 7.17

/proc/meminfo:
MemTotal:       20274404 kB
MemFree:          474192 kB
MemAvailable:   11375984 kB
Buffers:          189028 kB
Cached:         11210532 kB
SwapCached:        20824 kB
Active:         10240508 kB
Inactive:        8230248 kB
Active(anon):    6445188 kB
Inactive(anon):  1222564 kB
Active(file):    3795320 kB
Inactive(file):  7007684 kB
Unevictable:      170016 kB
Mlocked:             192 kB
SwapTotal:       8388604 kB
SwapFree:        8197496 kB
Zswap:                 0 kB
Zswapped:              0 kB
Dirty:           1084760 kB
Writeback:             0 kB
AnonPages:       7227560 kB
Mapped:          4061296 kB
Shmem:            596564 kB
KReclaimable:     505752 kB
Slab:             859584 kB
SReclaimable:     505752 kB
SUnreclaim:       353832 kB
KernelStack:       26192 kB
PageTables:        65168 kB
SecPageTables:      8656 kB
NFS_Unstable:          0 kB
Bounce:                0 kB
WritebackTmp:          0 kB
CommitLimit:    18525804 kB
Committed_AS:   23863208 kB
VmallocTotal:   34359738367 kB
VmallocUsed:       75916 kB
VmallocChunk:          0 kB
Percpu:             8448 kB
HardwareCorrupted:     0 kB
AnonHugePages:      2048 kB
ShmemHugePages:   432128 kB
ShmemPmdMapped:        0 kB
FileHugePages:         0 kB
FilePmdMapped:         0 kB
Unaccepted:            0 kB
HugePages_Total:       0
HugePages_Free:        0
HugePages_Rsvd:        0
HugePages_Surp:        0
Hugepagesize:       2048 kB
Hugetlb:               0 kB
DirectMap4k:      284352 kB
DirectMap2M:     5801984 kB
DirectMap1G:    14680064 kB

/sys/kernel/mm/transparent_hugepage/enabled: always [madvise] never
/sys/kernel/mm/transparent_hugepage/hpage_pmd_size: 2097152
/sys/kernel/mm/transparent_hugepage/defrag (defrag/compaction efforts parameter): always defer defer+madvise [madvise] never

Process Memory:
Virtual Size: 8607084K (peak: 8709064K)
Resident Set Size: 526664K (peak: 526664K) (anon: 474968K, file: 51696K, shmem: 0K)
Swapped out: 0K
C-Heap outstanding allocations: 120461K, retained: 32234K
glibc malloc tunables: (default)

/proc/sys/kernel/threads-max (system-wide limit on the number of threads): 157144
/proc/sys/vm/max_map_count (maximum number of memory map areas a process may have): 1048576
/proc/sys/vm/swappiness (control to define how aggressively the kernel swaps out anonymous memory): 60
/proc/sys/kernel/pid_max (system-wide limit on number of process identifiers): 4194304

container (cgroup) information:
container_type: cgroupv2
cpu_cpuset_cpus: not supported
cpu_memory_nodes: not supported
active_processor_count: 8
cpu_quota: not supported
cpu_period: not supported
cpu_shares: not supported
memory_limit_in_bytes: unlimited
memory_and_swap_limit_in_bytes: unlimited
memory_soft_limit_in_bytes: unlimited
memory_usage_in_bytes: 15605292 k
memory_max_usage_in_bytes: not supported
memory_swap_current_in_bytes: 4 k
memory_swap_max_limit_in_bytes: unlimited
maximum number of tasks: 23571
current number of tasks: 564

Steal ticks since vm start: 0
Steal ticks percentage since vm start:  0.000

CPU: total 8 (initial active 8) (4 cores per cpu, 2 threads per core) family 6 model 140 stepping 1 microcode 0xbc, cx8, cmov, fxsr, ht, mmx, 3dnowpref, sse, sse2, sse3, ssse3, sse4.1, sse4.2, popcnt, lzcnt, tsc, tscinvbit, avx, avx2, aes, erms, clmul, bmi1, bmi2, adx, avx512f, avx512dq, avx512cd, avx512bw, avx512vl, sha, fma, vzeroupper, avx512_vpopcntdq, avx512_vpclmulqdq, avx512_vaes, avx512_vnni, clflush, clflushopt, clwb, avx512_vbmi2, avx512_vbmi, rdtscp, rdpid, fsrm, gfni, avx512_bitalg, f16c, pku, ospke, cet_ibt, cet_ss, avx512_ifma
CPU Model and flags from /proc/cpuinfo:
model name	: 11th Gen Intel(R) Core(TM) i5-1135G7 @ 2.40GHz
flags		: fpu vme de pse tsc msr pae mce cx8 apic sep mtrr pge mca cmov pat pse36 clflush dts acpi mmx fxsr sse sse2 ss ht tm pbe syscall nx pdpe1gb rdtscp lm constant_tsc art arch_perfmon pebs bts rep_good nopl xtopology nonstop_tsc cpuid aperfmperf tsc_known_freq pni pclmulqdq dtes64 monitor ds_cpl vmx est tm2 ssse3 sdbg fma cx16 xtpr pdcm pcid sse4_1 sse4_2 x2apic movbe popcnt tsc_deadline_timer aes xsave avx f16c rdrand lahf_lm abm 3dnowprefetch cpuid_fault epb cat_l2 cdp_l2 ssbd ibrs ibpb stibp ibrs_enhanced tpr_shadow flexpriority ept vpid ept_ad fsgsbase tsc_adjust bmi1 avx2 smep bmi2 erms invpcid rdt_a avx512f avx512dq rdseed adx smap avx512ifma clflushopt clwb intel_pt avx512cd sha_ni avx512bw avx512vl xsaveopt xsavec xgetbv1 xsaves split_lock_detect user_shstk dtherm ida arat pln pts hwp hwp_notify hwp_act_window hwp_epp hwp_pkg_req vnmi avx512vbmi umip pku ospke avx512_vbmi2 gfni vaes vpclmulqdq avx512_vnni avx512_bitalg avx512_vpopcntdq rdpid movdiri movdir64b fsrm avx512_vp2intersect md_clear ibt flush_l1d arch_capabilities

Online cpus: 0-7
Offline cpus: 
BIOS frequency limitation: <Not Available>
Frequency switch latency (ns): 0
Available cpu frequencies: <Not Available>
Current governor: powersave
Core performance/turbo boost: <Not Available>

Memory: 4k page, physical 20274404k(11375984k free), swap 8388604k(8197496k free)
Page Sizes: 4k

vm_info: OpenJDK 64-Bit Server VM (21.0.7+-13880790-b1038.58) for linux-amd64 JRE (21.0.7+-13880790-b1038.58), built on 2025-08-04T20:54:25Z by "builder" with clang Android (13290119, +pgo, +bolt, +lto, +mlgo, based on r547379) Clang 20.0.0 (https://android.googlesource.com/toolchain/llvm-project b718bcaf8c198c82f3021447d943401e3ab5bd54)

END.
